<?xml version="1.0" encoding="UTF-8"?>
<!-- Generated by org.testng.reporters.JUnitXMLReporter -->
<testsuite ignored="0" hostname="Shubham" failures="1" tests="1" name="FireFoxTest" time="0.596" errors="0" timestamp="2025-02-27T10:00:20 IST">
  <testcase classname="TestCases.TC_0001_ValidateRegistaration" name="ValiadteRegistration" time="0.112">
    <failure type="java.lang.AssertionError" message="exception occured Cannot invoke &amp;quot;org.openqa.selenium.SearchContext.findElement(org.openqa.selenium.By)&amp;quot; because &amp;quot;this.searchContext&amp;quot; is null">
      <![CDATA[java.lang.AssertionError: exception occured Cannot invoke "org.openqa.selenium.SearchContext.findElement(org.openqa.selenium.By)" because "this.searchContext" is null
at TestCases.TC_0001_ValidateRegistaration.ValiadteRegistration(TC_0001_ValidateRegistaration.java:40)
at java.base/java.util.ArrayList.forEach(ArrayList.java:1511)
at java.base/java.util.concurrent.FutureTask.run(FutureTask.java:264)
at java.base/java.util.concurrent.ThreadPoolExecutor.runWorker(ThreadPoolExecutor.java:1136)
at java.base/java.util.concurrent.ThreadPoolExecutor$Worker.run(ThreadPoolExecutor.java:635)
at java.base/java.lang.Thread.run(Thread.java:833)
... Removed 18 stack frames]]>
    </failure>
  </testcase> <!-- ValiadteRegistration -->
</testsuite> <!-- FireFoxTest -->
