<?xml version="1.0" encoding="UTF-8"?>
<!-- Generated by org.testng.reporters.JUnitXMLReporter -->
<testsuite ignored="0" hostname="Shubham" failures="0" tests="6" name="ChromeTest" time="0.1" errors="0" timestamp="2025-04-15T19:35:35 IST">
  <testcase classname="TestCases.TestBase" name="@BeforeClass setup" time="-1.744725935288E9">
    <failure type="org.testng.TestNGException" message="
Parameter &amp;apos;os&amp;apos; is required by BeforeClass on method setup but has not been marked @Optional or defined
in C:\Users\shuah\eclipse-SeleniumAndJava\OpenCart\master.xml">
      <![CDATA[org.testng.TestNGException: 
Parameter 'os' is required by BeforeClass on method setup but has not been marked @Optional or defined
in C:\Users\shuah\eclipse-SeleniumAndJava\OpenCart\master.xml
at java.base/java.util.ArrayList.forEach(ArrayList.java:1511)
at java.base/java.util.concurrent.FutureTask.run(FutureTask.java:264)
at java.base/java.util.concurrent.ThreadPoolExecutor.runWorker(ThreadPoolExecutor.java:1136)
at java.base/java.util.concurrent.ThreadPoolExecutor$Worker.run(ThreadPoolExecutor.java:635)
at java.base/java.lang.Thread.run(Thread.java:833)
... Removed 12 stack frames]]>
    </failure>
  </testcase> <!-- @BeforeClass setup -->
  <testcase classname="TestCases.TestBase" name="@AfterClass tearDown" time="0.0">
    <skipped/>
  </testcase> <!-- @AfterClass tearDown -->
  <testcase classname="TestCases.TestBase" name="@BeforeClass setup" time="-1.744725935352E9">
    <failure type="org.testng.TestNGException" message="
Parameter &amp;apos;os&amp;apos; is required by BeforeClass on method setup but has not been marked @Optional or defined
in C:\Users\shuah\eclipse-SeleniumAndJava\OpenCart\master.xml">
      <![CDATA[org.testng.TestNGException: 
Parameter 'os' is required by BeforeClass on method setup but has not been marked @Optional or defined
in C:\Users\shuah\eclipse-SeleniumAndJava\OpenCart\master.xml
at java.base/java.util.ArrayList.forEach(ArrayList.java:1511)
at java.base/java.util.concurrent.FutureTask.run(FutureTask.java:264)
at java.base/java.util.concurrent.ThreadPoolExecutor.runWorker(ThreadPoolExecutor.java:1136)
at java.base/java.util.concurrent.ThreadPoolExecutor$Worker.run(ThreadPoolExecutor.java:635)
at java.base/java.lang.Thread.run(Thread.java:833)
... Removed 12 stack frames]]>
    </failure>
  </testcase> <!-- @BeforeClass setup -->
  <testcase classname="TestCases.TestBase" name="@AfterClass tearDown" time="0.0">
    <skipped/>
  </testcase> <!-- @AfterClass tearDown -->
  <testcase classname="TestCases.TC_0001_ValidateRegistaration" name="ValiadteRegistration" time="0.0">
    <skipped/>
  </testcase> <!-- ValiadteRegistration -->
  <testcase classname="TestCases.TC_0001_ValidateRegistaration" name="ValiadteRegistration" time="0.0">
    <skipped/>
  </testcase> <!-- ValiadteRegistration -->
  <testcase classname="TestCases.TC_0001_ValidateRegistaration" name="ValiadteRegistration" time="0.0">
    <skipped/>
  </testcase> <!-- ValiadteRegistration -->
  <testcase classname="TestCases.TC_0001_ValidateRegistaration" name="ValiadteRegistration" time="0.0">
    <skipped/>
  </testcase> <!-- ValiadteRegistration -->
  <testcase classname="TestCases.TC_0001_ValidateRegistaration" name="ValiadteRegistration" time="0.001">
    <skipped/>
  </testcase> <!-- ValiadteRegistration -->
  <testcase classname="TestCases.TC_0002_Valiadte_Login" name="ValidateLoginTest" time="0.0">
    <skipped/>
  </testcase> <!-- ValidateLoginTest -->
</testsuite> <!-- ChromeTest -->
