[DEBUG] 2025-02-27 09:24:10.197 [main] TC_0001_ValidateRegistaration - application log started...........
[INFO ] 2025-02-27 09:24:10.200 [main] TC_0001_ValidateRegistaration - **************TC_0001_ValidateRegistaration starting***************
[INFO ] 2025-02-27 09:24:10.333 [main] TC_0001_ValidateRegistaration - click on my account page link
[INFO ] 2025-02-27 09:24:10.842 [main] TC_0001_ValidateRegistaration - click on my registration link
[INFO ] 2025-02-27 09:24:10.844 [main] TC_0001_ValidateRegistaration - Entering user details..
[INFO ] 2025-02-27 09:24:12.026 [main] TC_0001_ValidateRegistaration - Clicked on continue
[INFO ] 2025-02-27 09:24:12.888 [main] TC_0001_ValidateRegistaration - validating confirmation message
[DEBUG] 2025-02-27 09:24:12.926 [main] TC_0001_ValidateRegistaration - application log end...........
[INFO ] 2025-02-27 09:24:12.926 [main] TC_0001_ValidateRegistaration - **************TC_0001_ValidateRegistaration ending***************
[DEBUG] 2025-02-27 09:32:34.863 [main] TC_0001_ValidateRegistaration - application log started...........
[INFO ] 2025-02-27 09:32:34.866 [main] TC_0001_ValidateRegistaration - **************TC_0001_ValidateRegistaration starting***************
[INFO ] 2025-02-27 09:32:35.019 [main] TC_0001_ValidateRegistaration - click on my account page link
[INFO ] 2025-02-27 09:32:35.551 [main] TC_0001_ValidateRegistaration - click on my registration link
[INFO ] 2025-02-27 09:32:35.553 [main] TC_0001_ValidateRegistaration - Entering user details..
[INFO ] 2025-02-27 09:32:36.322 [main] TC_0001_ValidateRegistaration - Clicked on continue
[INFO ] 2025-02-27 09:32:37.105 [main] TC_0001_ValidateRegistaration - validating confirmation message
[DEBUG] 2025-02-27 09:32:37.193 [main] TC_0001_ValidateRegistaration - application log end...........
[INFO ] 2025-02-27 09:32:37.193 [main] TC_0001_ValidateRegistaration - **************TC_0001_ValidateRegistaration ending***************
[DEBUG] 2025-02-27 09:32:57.801 [main] TC_0001_ValidateRegistaration - application log started...........
[INFO ] 2025-02-27 09:32:57.806 [main] TC_0001_ValidateRegistaration - **************TC_0001_ValidateRegistaration starting***************
[INFO ] 2025-02-27 09:32:57.989 [main] TC_0001_ValidateRegistaration - click on my account page link
[INFO ] 2025-02-27 09:32:58.513 [main] TC_0001_ValidateRegistaration - click on my registration link
[INFO ] 2025-02-27 09:32:58.515 [main] TC_0001_ValidateRegistaration - Entering user details..
[INFO ] 2025-02-27 09:33:00.098 [main] TC_0001_ValidateRegistaration - Clicked on continue
[INFO ] 2025-02-27 09:33:00.916 [main] TC_0001_ValidateRegistaration - validating confirmation message
[DEBUG] 2025-02-27 09:33:00.967 [main] TC_0001_ValidateRegistaration - application log end...........
[INFO ] 2025-02-27 09:33:00.967 [main] TC_0001_ValidateRegistaration - **************TC_0001_ValidateRegistaration ending***************
[DEBUG] 2025-02-27 09:34:12.692 [main] TC_0001_ValidateRegistaration - application log started...........
[INFO ] 2025-02-27 09:34:12.696 [main] TC_0001_ValidateRegistaration - **************TC_0001_ValidateRegistaration starting***************
[INFO ] 2025-02-27 09:34:12.846 [main] TC_0001_ValidateRegistaration - click on my account page link
[INFO ] 2025-02-27 09:34:13.477 [main] TC_0001_ValidateRegistaration - click on my registration link
[INFO ] 2025-02-27 09:34:13.479 [main] TC_0001_ValidateRegistaration - Entering user details..
[INFO ] 2025-02-27 09:34:14.539 [main] TC_0001_ValidateRegistaration - Clicked on continue
[INFO ] 2025-02-27 09:34:15.337 [main] TC_0001_ValidateRegistaration - validating confirmation message
[DEBUG] 2025-02-27 09:35:58.168 [main] TC_0001_ValidateRegistaration - application log started...........
[INFO ] 2025-02-27 09:35:58.173 [main] TC_0001_ValidateRegistaration - **************TC_0001_ValidateRegistaration starting***************
[INFO ] 2025-02-27 09:35:58.369 [main] TC_0001_ValidateRegistaration - click on my account page link
[INFO ] 2025-02-27 09:35:58.979 [main] TC_0001_ValidateRegistaration - click on my registration link
[INFO ] 2025-02-27 09:35:58.982 [main] TC_0001_ValidateRegistaration - Entering user details..
[INFO ] 2025-02-27 09:36:00.019 [main] TC_0001_ValidateRegistaration - Clicked on continue
[INFO ] 2025-02-27 09:36:01.236 [main] TC_0001_ValidateRegistaration - validating confirmation message
[DEBUG] 2025-02-27 09:36:48.218 [main] TC_0001_ValidateRegistaration - application log started...........
[INFO ] 2025-02-27 09:36:48.222 [main] TC_0001_ValidateRegistaration - **************TC_0001_ValidateRegistaration starting***************
[INFO ] 2025-02-27 09:36:48.374 [main] TC_0001_ValidateRegistaration - click on my account page link
[INFO ] 2025-02-27 09:36:49.028 [main] TC_0001_ValidateRegistaration - click on my registration link
[INFO ] 2025-02-27 09:36:49.030 [main] TC_0001_ValidateRegistaration - Entering user details..
[INFO ] 2025-02-27 09:36:50.412 [main] TC_0001_ValidateRegistaration - Clicked on continue
[INFO ] 2025-02-27 09:36:51.333 [main] TC_0001_ValidateRegistaration - validating confirmation message
[DEBUG] 2025-02-27 09:39:50.962 [main] TC_0001_ValidateRegistaration - application log started...........
[INFO ] 2025-02-27 09:39:50.966 [main] TC_0001_ValidateRegistaration - **************TC_0001_ValidateRegistaration starting***************
[INFO ] 2025-02-27 09:39:51.123 [main] TC_0001_ValidateRegistaration - click on my account page link
[INFO ] 2025-02-27 09:39:51.575 [main] TC_0001_ValidateRegistaration - click on my registration link
[INFO ] 2025-02-27 09:39:51.577 [main] TC_0001_ValidateRegistaration - Entering user details..
[INFO ] 2025-02-27 09:39:52.282 [main] TC_0001_ValidateRegistaration - Clicked on continue
[INFO ] 2025-02-27 09:39:53.173 [main] TC_0001_ValidateRegistaration - validating confirmation message
[DEBUG] 2025-02-27 09:41:02.631 [main] TC_0001_ValidateRegistaration - application log started...........
[INFO ] 2025-02-27 09:41:02.634 [main] TC_0001_ValidateRegistaration - **************TC_0001_ValidateRegistaration starting***************
[INFO ] 2025-02-27 09:41:02.783 [main] TC_0001_ValidateRegistaration - click on my account page link
[INFO ] 2025-02-27 09:41:03.317 [main] TC_0001_ValidateRegistaration - click on my registration link
[INFO ] 2025-02-27 09:41:03.319 [main] TC_0001_ValidateRegistaration - Entering user details..
[INFO ] 2025-02-27 09:41:04.729 [main] TC_0001_ValidateRegistaration - Clicked on continue
[INFO ] 2025-02-27 09:41:05.762 [main] TC_0001_ValidateRegistaration - validating confirmation message
[DEBUG] 2025-02-27 09:41:05.830 [main] TC_0001_ValidateRegistaration - application log end...........
[INFO ] 2025-02-27 09:41:05.831 [main] TC_0001_ValidateRegistaration - **************TC_0001_ValidateRegistaration ending***************
[DEBUG] 2025-02-27 09:53:33.862 [main] TC_0001_ValidateRegistaration - application log started...........
[INFO ] 2025-02-27 09:53:33.866 [main] TC_0001_ValidateRegistaration - **************TC_0001_ValidateRegistaration starting***************
[INFO ] 2025-02-27 09:53:34.005 [main] TC_0001_ValidateRegistaration - click on my account page link
[INFO ] 2025-02-27 09:53:34.585 [main] TC_0001_ValidateRegistaration - click on my registration link
[INFO ] 2025-02-27 09:53:34.587 [main] TC_0001_ValidateRegistaration - Entering user details..
[INFO ] 2025-02-27 09:53:35.953 [main] TC_0001_ValidateRegistaration - Clicked on continue
[INFO ] 2025-02-27 09:53:36.914 [main] TC_0001_ValidateRegistaration - validating confirmation message
[DEBUG] 2025-02-27 09:53:36.975 [main] TC_0001_ValidateRegistaration - application log end...........
[INFO ] 2025-02-27 09:53:36.975 [main] TC_0001_ValidateRegistaration - **************TC_0001_ValidateRegistaration ending***************
[DEBUG] 2025-02-27 09:53:44.687 [main] TC_0001_ValidateRegistaration - application log started...........
[INFO ] 2025-02-27 09:53:44.688 [main] TC_0001_ValidateRegistaration - **************TC_0001_ValidateRegistaration starting***************
[INFO ] 2025-02-27 09:53:44.796 [main] TC_0001_ValidateRegistaration - click on my account page link
[INFO ] 2025-02-27 09:53:45.305 [main] TC_0001_ValidateRegistaration - click on my registration link
[INFO ] 2025-02-27 09:53:45.306 [main] TC_0001_ValidateRegistaration - Entering user details..
[INFO ] 2025-02-27 09:53:46.882 [main] TC_0001_ValidateRegistaration - Clicked on continue
[INFO ] 2025-02-27 09:53:47.693 [main] TC_0001_ValidateRegistaration - validating confirmation message
[DEBUG] 2025-02-27 09:53:47.746 [main] TC_0001_ValidateRegistaration - application log end...........
[INFO ] 2025-02-27 09:53:47.746 [main] TC_0001_ValidateRegistaration - **************TC_0001_ValidateRegistaration ending***************
[DEBUG] 2025-02-27 09:53:59.084 [main] TC_0001_ValidateRegistaration - application log started...........
[INFO ] 2025-02-27 09:53:59.084 [main] TC_0001_ValidateRegistaration - **************TC_0001_ValidateRegistaration starting***************
[ERROR] 2025-02-27 09:53:59.117 [main] TC_0001_ValidateRegistaration - test failed..
org.openqa.selenium.NoSuchElementException: Unable to locate element: //span[text()='My Account']
For documentation on this error, please visit: https://www.selenium.dev/documentation/webdriver/troubleshooting/errors#no-such-element-exception
Build info: version: '4.27.0', revision: 'd6e718d134'
System info: os.name: 'Windows 11', os.arch: 'amd64', os.version: '10.0', java.version: '17.0.8.1'
Driver info: org.openqa.selenium.firefox.FirefoxDriver
Command: [14c70f25-219f-4812-8a21-9774d693748f, findElement {using=xpath, value=//span[text()='My Account']}]
Capabilities {acceptInsecureCerts: true, browserName: firefox, browserVersion: 132.0.2, moz:accessibilityChecks: false, moz:buildID: 20241110231641, moz:debuggerAddress: 127.0.0.1:25235, moz:geckodriverVersion: 0.36.0, moz:headless: false, moz:platformVersion: 10.0, moz:processID: 27196, moz:profile: C:\Users\shuah\AppData\Loca..., moz:shutdownTimeout: 60000, moz:webdriverClick: true, moz:windowless: false, pageLoadStrategy: normal, platformName: windows, proxy: Proxy(), se:cdp: ws://127.0.0.1:25235/devtoo..., se:cdpVersion: 85.0, setWindowRect: true, strictFileInteractability: false, timeouts: {implicit: 0, pageLoad: 300000, script: 30000}, unhandledPromptBehavior: dismiss and notify, userAgent: Mozilla/5.0 (Windows NT 10....}
Session ID: 14c70f25-219f-4812-8a21-9774d693748f
	at jdk.internal.reflect.NativeConstructorAccessorImpl.newInstance0(Native Method) ~[?:?]
	at jdk.internal.reflect.NativeConstructorAccessorImpl.newInstance(NativeConstructorAccessorImpl.java:77) ~[?:?]
	at jdk.internal.reflect.DelegatingConstructorAccessorImpl.newInstance(DelegatingConstructorAccessorImpl.java:45) ~[?:?]
	at java.lang.reflect.Constructor.newInstanceWithCaller(Constructor.java:499) ~[?:?]
	at java.lang.reflect.Constructor.newInstance(Constructor.java:480) ~[?:?]
	at org.openqa.selenium.remote.ErrorCodec.decode(ErrorCodec.java:167) ~[selenium-remote-driver-4.27.0.jar:?]
	at org.openqa.selenium.remote.codec.w3c.W3CHttpResponseCodec.decode(W3CHttpResponseCodec.java:138) ~[selenium-remote-driver-4.27.0.jar:?]
	at org.openqa.selenium.remote.codec.w3c.W3CHttpResponseCodec.decode(W3CHttpResponseCodec.java:50) ~[selenium-remote-driver-4.27.0.jar:?]
	at org.openqa.selenium.remote.HttpCommandExecutor.execute(HttpCommandExecutor.java:190) ~[selenium-remote-driver-4.27.0.jar:?]
	at org.openqa.selenium.remote.service.DriverCommandExecutor.invokeExecute(DriverCommandExecutor.java:216) ~[selenium-remote-driver-4.27.0.jar:?]
	at org.openqa.selenium.remote.service.DriverCommandExecutor.execute(DriverCommandExecutor.java:174) ~[selenium-remote-driver-4.27.0.jar:?]
	at org.openqa.selenium.remote.RemoteWebDriver.execute(RemoteWebDriver.java:545) ~[selenium-remote-driver-4.27.0.jar:?]
	at org.openqa.selenium.remote.ElementLocation$ElementFinder$2.findElement(ElementLocation.java:165) ~[selenium-remote-driver-4.27.0.jar:?]
	at org.openqa.selenium.remote.ElementLocation.findElement(ElementLocation.java:59) ~[selenium-remote-driver-4.27.0.jar:?]
	at org.openqa.selenium.remote.RemoteWebDriver.findElement(RemoteWebDriver.java:368) ~[selenium-remote-driver-4.27.0.jar:?]
	at org.openqa.selenium.remote.RemoteWebDriver.findElement(RemoteWebDriver.java:362) ~[selenium-remote-driver-4.27.0.jar:?]
	at org.openqa.selenium.support.pagefactory.DefaultElementLocator.findElement(DefaultElementLocator.java:68) ~[selenium-support-4.27.0.jar:?]
	at org.openqa.selenium.support.pagefactory.internal.LocatingElementHandler.invoke(LocatingElementHandler.java:38) ~[selenium-support-4.27.0.jar:?]
	at jdk.proxy2.$Proxy28.click(Unknown Source) ~[?:?]
	at PageObject.HomePage.ClickOnMyAccountLink(HomePage.java:23) ~[test-classes/:?]
	at TestCases.TC_0001_ValidateRegistaration.ValiadteRegistration(TC_0001_ValidateRegistaration.java:17) ~[test-classes/:?]
	at jdk.internal.reflect.NativeMethodAccessorImpl.invoke0(Native Method) ~[?:?]
	at jdk.internal.reflect.NativeMethodAccessorImpl.invoke(NativeMethodAccessorImpl.java:77) ~[?:?]
	at jdk.internal.reflect.DelegatingMethodAccessorImpl.invoke(DelegatingMethodAccessorImpl.java:43) ~[?:?]
	at java.lang.reflect.Method.invoke(Method.java:568) ~[?:?]
	at org.testng.internal.invokers.MethodInvocationHelper.invokeMethod(MethodInvocationHelper.java:141) ~[testng-7.10.2.jar:7.10.2]
	at org.testng.internal.invokers.TestInvoker.invokeMethod(TestInvoker.java:686) ~[testng-7.10.2.jar:7.10.2]
	at org.testng.internal.invokers.TestInvoker.invokeTestMethod(TestInvoker.java:230) ~[testng-7.10.2.jar:7.10.2]
	at org.testng.internal.invokers.MethodRunner.runInSequence(MethodRunner.java:63) ~[testng-7.10.2.jar:7.10.2]
	at org.testng.internal.invokers.TestInvoker$MethodInvocationAgent.invoke(TestInvoker.java:992) ~[testng-7.10.2.jar:7.10.2]
	at org.testng.internal.invokers.TestInvoker.invokeTestMethods(TestInvoker.java:203) ~[testng-7.10.2.jar:7.10.2]
	at org.testng.internal.invokers.TestMethodWorker.invokeTestMethods(TestMethodWorker.java:154) ~[testng-7.10.2.jar:7.10.2]
	at org.testng.internal.invokers.TestMethodWorker.run(TestMethodWorker.java:134) ~[testng-7.10.2.jar:7.10.2]
	at java.util.ArrayList.forEach(ArrayList.java:1511) [?:?]
	at org.testng.TestRunner.privateRun(TestRunner.java:739) [testng-7.10.2.jar:7.10.2]
	at org.testng.TestRunner.run(TestRunner.java:614) [testng-7.10.2.jar:7.10.2]
	at org.testng.SuiteRunner.runTest(SuiteRunner.java:421) [testng-7.10.2.jar:7.10.2]
	at org.testng.SuiteRunner.runSequentially(SuiteRunner.java:413) [testng-7.10.2.jar:7.10.2]
	at org.testng.SuiteRunner.privateRun(SuiteRunner.java:373) [testng-7.10.2.jar:7.10.2]
	at org.testng.SuiteRunner.run(SuiteRunner.java:312) [testng-7.10.2.jar:7.10.2]
	at org.testng.SuiteRunnerWorker.runSuite(SuiteRunnerWorker.java:52) [testng-7.10.2.jar:7.10.2]
	at org.testng.SuiteRunnerWorker.run(SuiteRunnerWorker.java:95) [testng-7.10.2.jar:7.10.2]
	at org.testng.TestNG.runSuitesSequentially(TestNG.java:1274) [testng-7.10.2.jar:7.10.2]
	at org.testng.TestNG.runSuitesLocally(TestNG.java:1208) [testng-7.10.2.jar:7.10.2]
	at org.testng.TestNG.runSuites(TestNG.java:1112) [testng-7.10.2.jar:7.10.2]
	at org.testng.TestNG.run(TestNG.java:1079) [testng-7.10.2.jar:7.10.2]
	at org.testng.remote.AbstractRemoteTestNG.run(AbstractRemoteTestNG.java:115) [testng-remote.jar:?]
	at org.testng.remote.RemoteTestNG.initAndRun(RemoteTestNG.java:293) [testng-remote.jar:?]
	at org.testng.remote.RemoteTestNG.main(RemoteTestNG.java:91) [testng-remote.jar:?]
[DEBUG] 2025-02-27 09:56:00.561 [TestNG-tests-1] TC_0001_ValidateRegistaration - application log started...........
[INFO ] 2025-02-27 09:56:00.569 [TestNG-tests-1] TC_0001_ValidateRegistaration - **************TC_0001_ValidateRegistaration starting***************
[DEBUG] 2025-02-27 09:56:00.594 [TestNG-tests-2] TC_0001_ValidateRegistaration - application log started...........
[INFO ] 2025-02-27 09:56:00.595 [TestNG-tests-2] TC_0001_ValidateRegistaration - **************TC_0001_ValidateRegistaration starting***************
[INFO ] 2025-02-27 09:56:00.794 [TestNG-tests-2] TC_0001_ValidateRegistaration - click on my account page link
[INFO ] 2025-02-27 09:56:00.842 [TestNG-tests-1] TC_0001_ValidateRegistaration - click on my account page link
[INFO ] 2025-02-27 09:56:01.428 [TestNG-tests-1] TC_0001_ValidateRegistaration - click on my registration link
[INFO ] 2025-02-27 09:56:01.432 [TestNG-tests-1] TC_0001_ValidateRegistaration - Entering user details..
[INFO ] 2025-02-27 09:56:01.468 [TestNG-tests-2] TC_0001_ValidateRegistaration - click on my registration link
[INFO ] 2025-02-27 09:56:01.469 [TestNG-tests-2] TC_0001_ValidateRegistaration - Entering user details..
[INFO ] 2025-02-27 09:56:02.810 [TestNG-tests-1] TC_0001_ValidateRegistaration - Clicked on continue
[INFO ] 2025-02-27 09:56:03.054 [TestNG-tests-2] TC_0001_ValidateRegistaration - Clicked on continue
[INFO ] 2025-02-27 09:56:03.910 [TestNG-tests-1] TC_0001_ValidateRegistaration - validating confirmation message
[DEBUG] 2025-02-27 09:56:03.976 [TestNG-tests-1] TC_0001_ValidateRegistaration - application log end...........
[INFO ] 2025-02-27 09:56:03.976 [TestNG-tests-1] TC_0001_ValidateRegistaration - **************TC_0001_ValidateRegistaration ending***************
[INFO ] 2025-02-27 09:56:04.459 [TestNG-tests-2] TC_0001_ValidateRegistaration - validating confirmation message
[DEBUG] 2025-02-27 09:56:04.546 [TestNG-tests-2] TC_0001_ValidateRegistaration - application log end...........
[INFO ] 2025-02-27 09:56:04.546 [TestNG-tests-2] TC_0001_ValidateRegistaration - **************TC_0001_ValidateRegistaration ending***************
[DEBUG] 2025-02-27 09:59:28.230 [TestNG-tests-2] TC_0001_ValidateRegistaration - application log started...........
[INFO ] 2025-02-27 09:59:28.242 [TestNG-tests-2] TC_0001_ValidateRegistaration - **************TC_0001_ValidateRegistaration starting***************
[DEBUG] 2025-02-27 09:59:28.643 [TestNG-tests-1] TC_0001_ValidateRegistaration - application log started...........
[INFO ] 2025-02-27 09:59:28.644 [TestNG-tests-1] TC_0001_ValidateRegistaration - **************TC_0001_ValidateRegistaration starting***************
[INFO ] 2025-02-27 09:59:28.866 [TestNG-tests-2] TC_0001_ValidateRegistaration - click on my account page link
[INFO ] 2025-02-27 09:59:29.256 [TestNG-tests-1] TC_0001_ValidateRegistaration - click on my account page link
[INFO ] 2025-02-27 09:59:30.247 [TestNG-tests-1] TC_0001_ValidateRegistaration - click on my registration link
[INFO ] 2025-02-27 09:59:30.250 [TestNG-tests-1] TC_0001_ValidateRegistaration - Entering user details..
[INFO ] 2025-02-27 09:59:30.311 [TestNG-tests-2] TC_0001_ValidateRegistaration - click on my registration link
[INFO ] 2025-02-27 09:59:30.313 [TestNG-tests-2] TC_0001_ValidateRegistaration - Entering user details..
[DEBUG] 2025-02-27 09:59:31.149 [TestNG-tests-3] TC_0001_ValidateRegistaration - application log started...........
[INFO ] 2025-02-27 09:59:31.150 [TestNG-tests-3] TC_0001_ValidateRegistaration - **************TC_0001_ValidateRegistaration starting***************
[ERROR] 2025-02-27 09:59:31.195 [TestNG-tests-3] TC_0001_ValidateRegistaration - test failed..
org.openqa.selenium.NoSuchElementException: Unable to locate element: //span[text()='My Account']
For documentation on this error, please visit: https://www.selenium.dev/documentation/webdriver/troubleshooting/errors#no-such-element-exception
Build info: version: '4.27.0', revision: 'd6e718d134'
System info: os.name: 'Windows 11', os.arch: 'amd64', os.version: '10.0', java.version: '17.0.8.1'
Driver info: org.openqa.selenium.firefox.FirefoxDriver
Command: [17c52f8e-2cbf-4bfe-964e-2cfbf649e377, findElement {using=xpath, value=//span[text()='My Account']}]
Capabilities {acceptInsecureCerts: true, browserName: firefox, browserVersion: 134.0.1, moz:accessibilityChecks: false, moz:buildID: 20250113121357, moz:debuggerAddress: 127.0.0.1:22982, moz:geckodriverVersion: 0.36.0, moz:headless: false, moz:platformVersion: 10.0, moz:processID: 38500, moz:profile: C:\Users\shuah\AppData\Loca..., moz:shutdownTimeout: 60000, moz:webdriverClick: true, moz:windowless: false, pageLoadStrategy: normal, platformName: windows, proxy: Proxy(), se:cdp: ws://127.0.0.1:22982/devtoo..., se:cdpVersion: 85.0, setWindowRect: true, strictFileInteractability: false, timeouts: {implicit: 0, pageLoad: 300000, script: 30000}, unhandledPromptBehavior: dismiss and notify, userAgent: Mozilla/5.0 (Windows NT 10....}
Session ID: 17c52f8e-2cbf-4bfe-964e-2cfbf649e377
	at jdk.internal.reflect.NativeConstructorAccessorImpl.newInstance0(Native Method) ~[?:?]
	at jdk.internal.reflect.NativeConstructorAccessorImpl.newInstance(NativeConstructorAccessorImpl.java:77) ~[?:?]
	at jdk.internal.reflect.DelegatingConstructorAccessorImpl.newInstance(DelegatingConstructorAccessorImpl.java:45) ~[?:?]
	at java.lang.reflect.Constructor.newInstanceWithCaller(Constructor.java:499) ~[?:?]
	at java.lang.reflect.Constructor.newInstance(Constructor.java:480) ~[?:?]
	at org.openqa.selenium.remote.ErrorCodec.decode(ErrorCodec.java:167) ~[selenium-remote-driver-4.27.0.jar:?]
	at org.openqa.selenium.remote.codec.w3c.W3CHttpResponseCodec.decode(W3CHttpResponseCodec.java:138) ~[selenium-remote-driver-4.27.0.jar:?]
	at org.openqa.selenium.remote.codec.w3c.W3CHttpResponseCodec.decode(W3CHttpResponseCodec.java:50) ~[selenium-remote-driver-4.27.0.jar:?]
	at org.openqa.selenium.remote.HttpCommandExecutor.execute(HttpCommandExecutor.java:190) ~[selenium-remote-driver-4.27.0.jar:?]
	at org.openqa.selenium.remote.service.DriverCommandExecutor.invokeExecute(DriverCommandExecutor.java:216) ~[selenium-remote-driver-4.27.0.jar:?]
	at org.openqa.selenium.remote.service.DriverCommandExecutor.execute(DriverCommandExecutor.java:174) ~[selenium-remote-driver-4.27.0.jar:?]
	at org.openqa.selenium.remote.RemoteWebDriver.execute(RemoteWebDriver.java:545) ~[selenium-remote-driver-4.27.0.jar:?]
	at org.openqa.selenium.remote.ElementLocation$ElementFinder$2.findElement(ElementLocation.java:165) ~[selenium-remote-driver-4.27.0.jar:?]
	at org.openqa.selenium.remote.ElementLocation.findElement(ElementLocation.java:59) ~[selenium-remote-driver-4.27.0.jar:?]
	at org.openqa.selenium.remote.RemoteWebDriver.findElement(RemoteWebDriver.java:368) ~[selenium-remote-driver-4.27.0.jar:?]
	at org.openqa.selenium.remote.RemoteWebDriver.findElement(RemoteWebDriver.java:362) ~[selenium-remote-driver-4.27.0.jar:?]
	at org.openqa.selenium.support.pagefactory.DefaultElementLocator.findElement(DefaultElementLocator.java:68) ~[selenium-support-4.27.0.jar:?]
	at org.openqa.selenium.support.pagefactory.internal.LocatingElementHandler.invoke(LocatingElementHandler.java:38) ~[selenium-support-4.27.0.jar:?]
	at jdk.proxy2.$Proxy28.click(Unknown Source) ~[?:?]
	at PageObject.HomePage.ClickOnMyAccountLink(HomePage.java:23) ~[test-classes/:?]
	at TestCases.TC_0001_ValidateRegistaration.ValiadteRegistration(TC_0001_ValidateRegistaration.java:17) ~[test-classes/:?]
	at jdk.internal.reflect.NativeMethodAccessorImpl.invoke0(Native Method) ~[?:?]
	at jdk.internal.reflect.NativeMethodAccessorImpl.invoke(NativeMethodAccessorImpl.java:77) ~[?:?]
	at jdk.internal.reflect.DelegatingMethodAccessorImpl.invoke(DelegatingMethodAccessorImpl.java:43) ~[?:?]
	at java.lang.reflect.Method.invoke(Method.java:568) ~[?:?]
	at org.testng.internal.invokers.MethodInvocationHelper.invokeMethod(MethodInvocationHelper.java:141) ~[testng-7.10.2.jar:7.10.2]
	at org.testng.internal.invokers.TestInvoker.invokeMethod(TestInvoker.java:686) ~[testng-7.10.2.jar:7.10.2]
	at org.testng.internal.invokers.TestInvoker.invokeTestMethod(TestInvoker.java:230) ~[testng-7.10.2.jar:7.10.2]
	at org.testng.internal.invokers.MethodRunner.runInSequence(MethodRunner.java:63) ~[testng-7.10.2.jar:7.10.2]
	at org.testng.internal.invokers.TestInvoker$MethodInvocationAgent.invoke(TestInvoker.java:992) ~[testng-7.10.2.jar:7.10.2]
	at org.testng.internal.invokers.TestInvoker.invokeTestMethods(TestInvoker.java:203) ~[testng-7.10.2.jar:7.10.2]
	at org.testng.internal.invokers.TestMethodWorker.invokeTestMethods(TestMethodWorker.java:154) ~[testng-7.10.2.jar:7.10.2]
	at org.testng.internal.invokers.TestMethodWorker.run(TestMethodWorker.java:134) ~[testng-7.10.2.jar:7.10.2]
	at java.util.ArrayList.forEach(ArrayList.java:1511) ~[?:?]
	at org.testng.TestRunner.privateRun(TestRunner.java:739) ~[testng-7.10.2.jar:7.10.2]
	at org.testng.TestRunner.run(TestRunner.java:614) ~[testng-7.10.2.jar:7.10.2]
	at org.testng.SuiteRunner.runTest(SuiteRunner.java:421) ~[testng-7.10.2.jar:7.10.2]
	at org.testng.SuiteRunner$SuiteWorker.run(SuiteRunner.java:463) ~[testng-7.10.2.jar:7.10.2]
	at org.testng.internal.thread.ThreadUtil.lambda$execute$0(ThreadUtil.java:64) ~[testng-7.10.2.jar:7.10.2]
	at java.util.concurrent.FutureTask.run(FutureTask.java:264) [?:?]
	at java.util.concurrent.ThreadPoolExecutor.runWorker(ThreadPoolExecutor.java:1136) [?:?]
	at java.util.concurrent.ThreadPoolExecutor$Worker.run(ThreadPoolExecutor.java:635) [?:?]
	at java.lang.Thread.run(Thread.java:833) [?:?]
[INFO ] 2025-02-27 09:59:31.860 [TestNG-tests-1] TC_0001_ValidateRegistaration - Clicked on continue
[INFO ] 2025-02-27 09:59:32.001 [TestNG-tests-2] TC_0001_ValidateRegistaration - Clicked on continue
[INFO ] 2025-02-27 09:59:32.962 [TestNG-tests-1] TC_0001_ValidateRegistaration - validating confirmation message
[DEBUG] 2025-02-27 09:59:33.051 [TestNG-tests-1] TC_0001_ValidateRegistaration - application log end...........
[INFO ] 2025-02-27 09:59:33.051 [TestNG-tests-1] TC_0001_ValidateRegistaration - **************TC_0001_ValidateRegistaration ending***************
[INFO ] 2025-02-27 09:59:33.225 [TestNG-tests-2] TC_0001_ValidateRegistaration - validating confirmation message
[DEBUG] 2025-02-27 09:59:33.296 [TestNG-tests-2] TC_0001_ValidateRegistaration - application log end...........
[INFO ] 2025-02-27 09:59:33.296 [TestNG-tests-2] TC_0001_ValidateRegistaration - **************TC_0001_ValidateRegistaration ending***************
[DEBUG] 2025-02-27 10:00:25.277 [TestNG-tests-2] TC_0001_ValidateRegistaration - application log started...........
[INFO ] 2025-02-27 10:00:25.279 [TestNG-tests-2] TC_0001_ValidateRegistaration - **************TC_0001_ValidateRegistaration starting***************
[DEBUG] 2025-02-27 10:00:25.296 [TestNG-tests-1] TC_0001_ValidateRegistaration - application log started...........
[INFO ] 2025-02-27 10:00:25.297 [TestNG-tests-1] TC_0001_ValidateRegistaration - **************TC_0001_ValidateRegistaration starting***************
[INFO ] 2025-02-27 10:00:25.429 [TestNG-tests-2] TC_0001_ValidateRegistaration - click on my account page link
[INFO ] 2025-02-27 10:00:25.493 [TestNG-tests-1] TC_0001_ValidateRegistaration - click on my account page link
[INFO ] 2025-02-27 10:00:26.052 [TestNG-tests-2] TC_0001_ValidateRegistaration - click on my registration link
[INFO ] 2025-02-27 10:00:26.055 [TestNG-tests-2] TC_0001_ValidateRegistaration - Entering user details..
[INFO ] 2025-02-27 10:00:26.061 [TestNG-tests-1] TC_0001_ValidateRegistaration - click on my registration link
[INFO ] 2025-02-27 10:00:26.062 [TestNG-tests-1] TC_0001_ValidateRegistaration - Entering user details..
[INFO ] 2025-02-27 10:00:27.192 [TestNG-tests-1] TC_0001_ValidateRegistaration - Clicked on continue
[INFO ] 2025-02-27 10:00:27.468 [TestNG-tests-2] TC_0001_ValidateRegistaration - Clicked on continue
[INFO ] 2025-02-27 10:00:28.465 [TestNG-tests-1] TC_0001_ValidateRegistaration - validating confirmation message
[DEBUG] 2025-02-27 10:00:28.518 [TestNG-tests-1] TC_0001_ValidateRegistaration - application log end...........
[INFO ] 2025-02-27 10:00:28.518 [TestNG-tests-1] TC_0001_ValidateRegistaration - **************TC_0001_ValidateRegistaration ending***************
[INFO ] 2025-02-27 10:00:28.582 [TestNG-tests-2] TC_0001_ValidateRegistaration - validating confirmation message
[DEBUG] 2025-02-27 10:00:28.626 [TestNG-tests-2] TC_0001_ValidateRegistaration - application log end...........
[INFO ] 2025-02-27 10:00:28.626 [TestNG-tests-2] TC_0001_ValidateRegistaration - **************TC_0001_ValidateRegistaration ending***************
[DEBUG] 2025-02-27 10:01:43.541 [TestNG-tests-1] TC_0001_ValidateRegistaration - application log started...........
[INFO ] 2025-02-27 10:01:43.545 [TestNG-tests-1] TC_0001_ValidateRegistaration - **************TC_0001_ValidateRegistaration starting***************
[DEBUG] 2025-02-27 10:01:43.661 [TestNG-tests-2] TC_0001_ValidateRegistaration - application log started...........
[INFO ] 2025-02-27 10:01:43.662 [TestNG-tests-2] TC_0001_ValidateRegistaration - **************TC_0001_ValidateRegistaration starting***************
[INFO ] 2025-02-27 10:01:43.723 [TestNG-tests-1] TC_0001_ValidateRegistaration - click on my account page link
[INFO ] 2025-02-27 10:01:43.774 [TestNG-tests-2] TC_0001_ValidateRegistaration - click on my account page link
[INFO ] 2025-02-27 10:01:44.323 [TestNG-tests-1] TC_0001_ValidateRegistaration - click on my registration link
[INFO ] 2025-02-27 10:01:44.328 [TestNG-tests-1] TC_0001_ValidateRegistaration - Entering user details..
[INFO ] 2025-02-27 10:01:44.360 [TestNG-tests-2] TC_0001_ValidateRegistaration - click on my registration link
[INFO ] 2025-02-27 10:01:44.361 [TestNG-tests-2] TC_0001_ValidateRegistaration - Entering user details..
[INFO ] 2025-02-27 10:01:45.528 [TestNG-tests-1] TC_0001_ValidateRegistaration - Clicked on continue
[INFO ] 2025-02-27 10:01:45.666 [TestNG-tests-2] TC_0001_ValidateRegistaration - Clicked on continue
[INFO ] 2025-02-27 10:01:46.558 [TestNG-tests-1] TC_0001_ValidateRegistaration - validating confirmation message
[DEBUG] 2025-02-27 10:01:46.619 [TestNG-tests-1] TC_0001_ValidateRegistaration - application log end...........
[INFO ] 2025-02-27 10:01:46.619 [TestNG-tests-1] TC_0001_ValidateRegistaration - **************TC_0001_ValidateRegistaration ending***************
[INFO ] 2025-02-27 10:01:46.739 [TestNG-tests-2] TC_0001_ValidateRegistaration - validating confirmation message
[DEBUG] 2025-02-27 10:01:46.778 [TestNG-tests-2] TC_0001_ValidateRegistaration - application log end...........
[INFO ] 2025-02-27 10:01:46.778 [TestNG-tests-2] TC_0001_ValidateRegistaration - **************TC_0001_ValidateRegistaration ending***************
[DEBUG] 2025-02-27 10:15:57.358 [TestNG-tests-1] TC_0001_ValidateRegistaration - application log started...........
[INFO ] 2025-02-27 10:15:57.362 [TestNG-tests-1] TC_0001_ValidateRegistaration - **************TC_0001_ValidateRegistaration starting***************
[INFO ] 2025-02-27 10:15:57.508 [TestNG-tests-1] TC_0001_ValidateRegistaration - click on my account page link
[INFO ] 2025-02-27 10:15:57.997 [TestNG-tests-1] TC_0001_ValidateRegistaration - click on my registration link
[INFO ] 2025-02-27 10:15:57.998 [TestNG-tests-1] TC_0001_ValidateRegistaration - Entering user details..
[INFO ] 2025-02-27 10:15:59.158 [TestNG-tests-1] TC_0001_ValidateRegistaration - Clicked on continue
[INFO ] 2025-02-27 10:16:00.095 [TestNG-tests-1] TC_0001_ValidateRegistaration - validating confirmation message
[DEBUG] 2025-02-27 10:16:00.168 [TestNG-tests-1] TC_0001_ValidateRegistaration - application log end...........
[INFO ] 2025-02-27 10:16:00.168 [TestNG-tests-1] TC_0001_ValidateRegistaration - **************TC_0001_ValidateRegistaration ending***************
[DEBUG] 2025-02-27 10:17:07.785 [TestNG-tests-1] TC_0001_ValidateRegistaration - application log started...........
[INFO ] 2025-02-27 10:17:07.791 [TestNG-tests-1] TC_0001_ValidateRegistaration - **************TC_0001_ValidateRegistaration starting***************
[INFO ] 2025-02-27 10:17:07.980 [TestNG-tests-1] TC_0001_ValidateRegistaration - click on my account page link
[INFO ] 2025-02-27 10:17:08.581 [TestNG-tests-1] TC_0001_ValidateRegistaration - click on my registration link
[INFO ] 2025-02-27 10:17:08.584 [TestNG-tests-1] TC_0001_ValidateRegistaration - Entering user details..
[INFO ] 2025-02-27 10:17:09.778 [TestNG-tests-1] TC_0001_ValidateRegistaration - Clicked on continue
[INFO ] 2025-02-27 10:17:10.698 [TestNG-tests-1] TC_0001_ValidateRegistaration - validating confirmation message
[DEBUG] 2025-02-27 10:17:10.754 [TestNG-tests-1] TC_0001_ValidateRegistaration - application log end...........
[INFO ] 2025-02-27 10:17:10.754 [TestNG-tests-1] TC_0001_ValidateRegistaration - **************TC_0001_ValidateRegistaration ending***************
[DEBUG] 2025-02-27 10:48:08.843 [TestNG-tests-1] TC_0001_ValidateRegistaration - application log started...........
[INFO ] 2025-02-27 10:48:08.847 [TestNG-tests-1] TC_0001_ValidateRegistaration - **************TC_0001_ValidateRegistaration starting***************
[INFO ] 2025-02-27 10:48:09.017 [TestNG-tests-1] TC_0001_ValidateRegistaration - click on my account page link
[INFO ] 2025-02-27 10:48:09.876 [TestNG-tests-1] TC_0001_ValidateRegistaration - click on my registration link
[INFO ] 2025-02-27 10:48:09.878 [TestNG-tests-1] TC_0001_ValidateRegistaration - Entering user details..
[INFO ] 2025-02-27 10:48:10.825 [TestNG-tests-1] TC_0001_ValidateRegistaration - Clicked on continue
[INFO ] 2025-02-27 10:48:11.585 [TestNG-tests-1] TC_0001_ValidateRegistaration - validating confirmation message
[DEBUG] 2025-02-27 10:48:11.625 [TestNG-tests-1] TC_0001_ValidateRegistaration - application log end...........
[INFO ] 2025-02-27 10:48:11.626 [TestNG-tests-1] TC_0001_ValidateRegistaration - **************TC_0001_ValidateRegistaration ending***************
[DEBUG] 2025-02-27 12:44:35.131 [TestNG-tests-1] TC_0001_ValidateRegistaration - application log started...........
[INFO ] 2025-02-27 12:44:35.136 [TestNG-tests-1] TC_0001_ValidateRegistaration - **************TC_0001_ValidateRegistaration starting***************
[INFO ] 2025-02-27 12:44:35.273 [TestNG-tests-1] TC_0001_ValidateRegistaration - click on my account page link
[INFO ] 2025-02-27 12:44:35.804 [TestNG-tests-1] TC_0001_ValidateRegistaration - click on my registration link
[INFO ] 2025-02-27 12:44:35.806 [TestNG-tests-1] TC_0001_ValidateRegistaration - Entering user details..
[INFO ] 2025-02-27 12:44:36.909 [TestNG-tests-1] TC_0001_ValidateRegistaration - Clicked on continue
[INFO ] 2025-02-27 12:44:37.794 [TestNG-tests-1] TC_0001_ValidateRegistaration - validating confirmation message
[DEBUG] 2025-02-27 12:44:37.857 [TestNG-tests-1] TC_0001_ValidateRegistaration - application log end...........
[INFO ] 2025-02-27 12:44:37.857 [TestNG-tests-1] TC_0001_ValidateRegistaration - **************TC_0001_ValidateRegistaration ending***************
[DEBUG] 2025-02-27 12:45:25.271 [TestNG-test-ChromeTest-1] TC_0001_ValidateRegistaration - application log started...........
[INFO ] 2025-02-27 12:45:25.291 [TestNG-test-ChromeTest-1] TC_0001_ValidateRegistaration - **************TC_0001_ValidateRegistaration starting***************
[INFO ] 2025-02-27 12:45:25.516 [TestNG-test-ChromeTest-1] TC_0001_ValidateRegistaration - click on my account page link
[INFO ] 2025-02-27 12:45:26.159 [TestNG-test-ChromeTest-1] TC_0001_ValidateRegistaration - click on my registration link
[INFO ] 2025-02-27 12:45:26.166 [TestNG-test-ChromeTest-1] TC_0001_ValidateRegistaration - Entering user details..
[INFO ] 2025-02-27 12:45:27.498 [TestNG-test-ChromeTest-1] TC_0001_ValidateRegistaration - Clicked on continue
[INFO ] 2025-02-27 12:45:28.564 [TestNG-test-ChromeTest-1] TC_0001_ValidateRegistaration - validating confirmation message
[DEBUG] 2025-02-27 12:45:28.619 [TestNG-test-ChromeTest-1] TC_0001_ValidateRegistaration - application log end...........
[INFO ] 2025-02-27 12:45:28.619 [TestNG-test-ChromeTest-1] TC_0001_ValidateRegistaration - **************TC_0001_ValidateRegistaration ending***************
[DEBUG] 2025-02-28 07:22:40.113 [TestNG-test-ChromeTest-1] TC_0001_ValidateRegistaration - application log started...........
[INFO ] 2025-02-28 07:22:40.122 [TestNG-test-ChromeTest-1] TC_0001_ValidateRegistaration - **************TC_0001_ValidateRegistaration starting***************
[INFO ] 2025-02-28 07:22:40.306 [TestNG-test-ChromeTest-1] TC_0001_ValidateRegistaration - click on my account page link
[INFO ] 2025-02-28 07:22:40.725 [TestNG-test-ChromeTest-1] TC_0001_ValidateRegistaration - click on my registration link
[INFO ] 2025-02-28 07:22:40.728 [TestNG-test-ChromeTest-1] TC_0001_ValidateRegistaration - Entering user details..
[INFO ] 2025-02-28 07:22:41.773 [TestNG-test-ChromeTest-1] TC_0001_ValidateRegistaration - Clicked on continue
[INFO ] 2025-02-28 07:22:42.638 [TestNG-test-ChromeTest-1] TC_0001_ValidateRegistaration - validating confirmation message
[DEBUG] 2025-02-28 07:22:52.714 [TestNG-test-ChromeTest-1] TC_0001_ValidateRegistaration - application log end...........
[INFO ] 2025-02-28 07:22:52.714 [TestNG-test-ChromeTest-1] TC_0001_ValidateRegistaration - **************TC_0001_ValidateRegistaration ending***************
[DEBUG] 2025-02-28 07:22:52.720 [TestNG-test-ChromeTest-1] TC_0001_ValidateRegistaration - application log started...........
[INFO ] 2025-02-28 07:22:52.720 [TestNG-test-ChromeTest-1] TC_0001_ValidateRegistaration - **************TC_0001_ValidateRegistaration starting***************
[INFO ] 2025-02-28 07:22:52.829 [TestNG-test-ChromeTest-1] TC_0001_ValidateRegistaration - click on my account page link
[ERROR] 2025-02-28 07:23:02.880 [TestNG-test-ChromeTest-1] TC_0001_ValidateRegistaration - test failed..
org.openqa.selenium.NoSuchElementException: no such element: Unable to locate element: {"method":"link text","selector":"Register"}
  (Session info: chrome=133.0.6943.141)
For documentation on this error, please visit: https://www.selenium.dev/documentation/webdriver/troubleshooting/errors#no-such-element-exception
Build info: version: '4.27.0', revision: 'd6e718d134'
System info: os.name: 'Windows 11', os.arch: 'amd64', os.version: '10.0', java.version: '17.0.8.1'
Driver info: org.openqa.selenium.chrome.ChromeDriver
Command: [6f1f226ec52ad2ef396ea00baab9af18, findElement {using=link text, value=Register}]
Capabilities {acceptInsecureCerts: false, browserName: chrome, browserVersion: 133.0.6943.141, chrome: {chromedriverVersion: 133.0.6943.141 (2a5d6da0d61..., userDataDir: C:\Users\shuah\AppData\Loca...}, fedcm:accounts: true, goog:chromeOptions: {debuggerAddress: localhost:65031}, networkConnectionEnabled: false, pageLoadStrategy: normal, platformName: windows, proxy: Proxy(), se:cdp: ws://localhost:65031/devtoo..., se:cdpVersion: 133.0.6943.141, setWindowRect: true, strictFileInteractability: false, timeouts: {implicit: 0, pageLoad: 300000, script: 30000}, unhandledPromptBehavior: dismiss and notify, webauthn:extension:credBlob: true, webauthn:extension:largeBlob: true, webauthn:extension:minPinLength: true, webauthn:extension:prf: true, webauthn:virtualAuthenticators: true}
Session ID: 6f1f226ec52ad2ef396ea00baab9af18
	at jdk.internal.reflect.NativeConstructorAccessorImpl.newInstance0(Native Method) ~[?:?]
	at jdk.internal.reflect.NativeConstructorAccessorImpl.newInstance(NativeConstructorAccessorImpl.java:77) ~[?:?]
	at jdk.internal.reflect.DelegatingConstructorAccessorImpl.newInstance(DelegatingConstructorAccessorImpl.java:45) ~[?:?]
	at java.lang.reflect.Constructor.newInstanceWithCaller(Constructor.java:499) ~[?:?]
	at java.lang.reflect.Constructor.newInstance(Constructor.java:480) ~[?:?]
	at org.openqa.selenium.remote.ErrorCodec.decode(ErrorCodec.java:167) ~[selenium-remote-driver-4.27.0.jar:?]
	at org.openqa.selenium.remote.codec.w3c.W3CHttpResponseCodec.decode(W3CHttpResponseCodec.java:138) ~[selenium-remote-driver-4.27.0.jar:?]
	at org.openqa.selenium.remote.codec.w3c.W3CHttpResponseCodec.decode(W3CHttpResponseCodec.java:50) ~[selenium-remote-driver-4.27.0.jar:?]
	at org.openqa.selenium.remote.HttpCommandExecutor.execute(HttpCommandExecutor.java:190) ~[selenium-remote-driver-4.27.0.jar:?]
	at org.openqa.selenium.remote.service.DriverCommandExecutor.invokeExecute(DriverCommandExecutor.java:216) ~[selenium-remote-driver-4.27.0.jar:?]
	at org.openqa.selenium.remote.service.DriverCommandExecutor.execute(DriverCommandExecutor.java:174) ~[selenium-remote-driver-4.27.0.jar:?]
	at org.openqa.selenium.remote.RemoteWebDriver.execute(RemoteWebDriver.java:545) ~[selenium-remote-driver-4.27.0.jar:?]
	at org.openqa.selenium.remote.ElementLocation$ElementFinder$2.findElement(ElementLocation.java:165) ~[selenium-remote-driver-4.27.0.jar:?]
	at org.openqa.selenium.remote.ElementLocation.findElement(ElementLocation.java:59) ~[selenium-remote-driver-4.27.0.jar:?]
	at org.openqa.selenium.remote.RemoteWebDriver.findElement(RemoteWebDriver.java:368) ~[selenium-remote-driver-4.27.0.jar:?]
	at org.openqa.selenium.remote.RemoteWebDriver.findElement(RemoteWebDriver.java:362) ~[selenium-remote-driver-4.27.0.jar:?]
	at org.openqa.selenium.support.pagefactory.DefaultElementLocator.findElement(DefaultElementLocator.java:68) ~[selenium-support-4.27.0.jar:?]
	at org.openqa.selenium.support.pagefactory.internal.LocatingElementHandler.invoke(LocatingElementHandler.java:38) ~[selenium-support-4.27.0.jar:?]
	at jdk.proxy2.$Proxy28.click(Unknown Source) ~[?:?]
	at PageObject.HomePage.ClickOnRegistrationLink(HomePage.java:28) ~[test-classes/:?]
	at TestCases.TC_0001_ValidateRegistaration.ValiadteRegistration(TC_0001_ValidateRegistaration.java:19) [test-classes/:?]
	at jdk.internal.reflect.NativeMethodAccessorImpl.invoke0(Native Method) ~[?:?]
	at jdk.internal.reflect.NativeMethodAccessorImpl.invoke(NativeMethodAccessorImpl.java:77) ~[?:?]
	at jdk.internal.reflect.DelegatingMethodAccessorImpl.invoke(DelegatingMethodAccessorImpl.java:43) ~[?:?]
	at java.lang.reflect.Method.invoke(Method.java:568) ~[?:?]
	at org.testng.internal.invokers.MethodInvocationHelper.invokeMethod(MethodInvocationHelper.java:141) [testng-7.10.2.jar:7.10.2]
	at org.testng.internal.invokers.TestInvoker.invokeMethod(TestInvoker.java:686) [testng-7.10.2.jar:7.10.2]
	at org.testng.internal.invokers.TestInvoker.invokeTestMethod(TestInvoker.java:230) [testng-7.10.2.jar:7.10.2]
	at org.testng.internal.invokers.MethodRunner.runInSequence(MethodRunner.java:63) [testng-7.10.2.jar:7.10.2]
	at org.testng.internal.invokers.TestInvoker$MethodInvocationAgent.invoke(TestInvoker.java:992) [testng-7.10.2.jar:7.10.2]
	at org.testng.internal.invokers.TestInvoker.invokeTestMethods(TestInvoker.java:203) [testng-7.10.2.jar:7.10.2]
	at org.testng.internal.invokers.TestMethodWorker.invokeTestMethods(TestMethodWorker.java:154) [testng-7.10.2.jar:7.10.2]
	at org.testng.internal.invokers.TestMethodWorker.run(TestMethodWorker.java:134) [testng-7.10.2.jar:7.10.2]
	at java.util.concurrent.Executors$RunnableAdapter.call(Executors.java:539) [?:?]
	at java.util.concurrent.FutureTask.run(FutureTask.java:264) [?:?]
	at org.testng.internal.thread.graph.TestNGFutureTask.run(TestNGFutureTask.java:22) [testng-7.10.2.jar:7.10.2]
	at java.util.concurrent.ThreadPoolExecutor.runWorker(ThreadPoolExecutor.java:1136) [?:?]
	at java.util.concurrent.ThreadPoolExecutor$Worker.run(ThreadPoolExecutor.java:635) [?:?]
	at java.lang.Thread.run(Thread.java:833) [?:?]
[DEBUG] 2025-02-28 07:23:02.903 [TestNG-test-ChromeTest-1] TC_0001_ValidateRegistaration - application log started...........
[INFO ] 2025-02-28 07:23:02.903 [TestNG-test-ChromeTest-1] TC_0001_ValidateRegistaration - **************TC_0001_ValidateRegistaration starting***************
[INFO ] 2025-02-28 07:23:03.019 [TestNG-test-ChromeTest-1] TC_0001_ValidateRegistaration - click on my account page link
[ERROR] 2025-02-28 07:23:13.079 [TestNG-test-ChromeTest-1] TC_0001_ValidateRegistaration - test failed..
org.openqa.selenium.NoSuchElementException: no such element: Unable to locate element: {"method":"link text","selector":"Register"}
  (Session info: chrome=133.0.6943.141)
For documentation on this error, please visit: https://www.selenium.dev/documentation/webdriver/troubleshooting/errors#no-such-element-exception
Build info: version: '4.27.0', revision: 'd6e718d134'
System info: os.name: 'Windows 11', os.arch: 'amd64', os.version: '10.0', java.version: '17.0.8.1'
Driver info: org.openqa.selenium.chrome.ChromeDriver
Command: [6f1f226ec52ad2ef396ea00baab9af18, findElement {using=link text, value=Register}]
Capabilities {acceptInsecureCerts: false, browserName: chrome, browserVersion: 133.0.6943.141, chrome: {chromedriverVersion: 133.0.6943.141 (2a5d6da0d61..., userDataDir: C:\Users\shuah\AppData\Loca...}, fedcm:accounts: true, goog:chromeOptions: {debuggerAddress: localhost:65031}, networkConnectionEnabled: false, pageLoadStrategy: normal, platformName: windows, proxy: Proxy(), se:cdp: ws://localhost:65031/devtoo..., se:cdpVersion: 133.0.6943.141, setWindowRect: true, strictFileInteractability: false, timeouts: {implicit: 0, pageLoad: 300000, script: 30000}, unhandledPromptBehavior: dismiss and notify, webauthn:extension:credBlob: true, webauthn:extension:largeBlob: true, webauthn:extension:minPinLength: true, webauthn:extension:prf: true, webauthn:virtualAuthenticators: true}
Session ID: 6f1f226ec52ad2ef396ea00baab9af18
	at jdk.internal.reflect.NativeConstructorAccessorImpl.newInstance0(Native Method) ~[?:?]
	at jdk.internal.reflect.NativeConstructorAccessorImpl.newInstance(NativeConstructorAccessorImpl.java:77) ~[?:?]
	at jdk.internal.reflect.DelegatingConstructorAccessorImpl.newInstance(DelegatingConstructorAccessorImpl.java:45) ~[?:?]
	at java.lang.reflect.Constructor.newInstanceWithCaller(Constructor.java:499) ~[?:?]
	at java.lang.reflect.Constructor.newInstance(Constructor.java:480) ~[?:?]
	at org.openqa.selenium.remote.ErrorCodec.decode(ErrorCodec.java:167) ~[selenium-remote-driver-4.27.0.jar:?]
	at org.openqa.selenium.remote.codec.w3c.W3CHttpResponseCodec.decode(W3CHttpResponseCodec.java:138) ~[selenium-remote-driver-4.27.0.jar:?]
	at org.openqa.selenium.remote.codec.w3c.W3CHttpResponseCodec.decode(W3CHttpResponseCodec.java:50) ~[selenium-remote-driver-4.27.0.jar:?]
	at org.openqa.selenium.remote.HttpCommandExecutor.execute(HttpCommandExecutor.java:190) ~[selenium-remote-driver-4.27.0.jar:?]
	at org.openqa.selenium.remote.service.DriverCommandExecutor.invokeExecute(DriverCommandExecutor.java:216) ~[selenium-remote-driver-4.27.0.jar:?]
	at org.openqa.selenium.remote.service.DriverCommandExecutor.execute(DriverCommandExecutor.java:174) ~[selenium-remote-driver-4.27.0.jar:?]
	at org.openqa.selenium.remote.RemoteWebDriver.execute(RemoteWebDriver.java:545) ~[selenium-remote-driver-4.27.0.jar:?]
	at org.openqa.selenium.remote.ElementLocation$ElementFinder$2.findElement(ElementLocation.java:165) ~[selenium-remote-driver-4.27.0.jar:?]
	at org.openqa.selenium.remote.ElementLocation.findElement(ElementLocation.java:59) ~[selenium-remote-driver-4.27.0.jar:?]
	at org.openqa.selenium.remote.RemoteWebDriver.findElement(RemoteWebDriver.java:368) ~[selenium-remote-driver-4.27.0.jar:?]
	at org.openqa.selenium.remote.RemoteWebDriver.findElement(RemoteWebDriver.java:362) ~[selenium-remote-driver-4.27.0.jar:?]
	at org.openqa.selenium.support.pagefactory.DefaultElementLocator.findElement(DefaultElementLocator.java:68) ~[selenium-support-4.27.0.jar:?]
	at org.openqa.selenium.support.pagefactory.internal.LocatingElementHandler.invoke(LocatingElementHandler.java:38) ~[selenium-support-4.27.0.jar:?]
	at jdk.proxy2.$Proxy28.click(Unknown Source) ~[?:?]
	at PageObject.HomePage.ClickOnRegistrationLink(HomePage.java:28) ~[test-classes/:?]
	at TestCases.TC_0001_ValidateRegistaration.ValiadteRegistration(TC_0001_ValidateRegistaration.java:19) [test-classes/:?]
	at jdk.internal.reflect.NativeMethodAccessorImpl.invoke0(Native Method) ~[?:?]
	at jdk.internal.reflect.NativeMethodAccessorImpl.invoke(NativeMethodAccessorImpl.java:77) ~[?:?]
	at jdk.internal.reflect.DelegatingMethodAccessorImpl.invoke(DelegatingMethodAccessorImpl.java:43) ~[?:?]
	at java.lang.reflect.Method.invoke(Method.java:568) ~[?:?]
	at org.testng.internal.invokers.MethodInvocationHelper.invokeMethod(MethodInvocationHelper.java:141) [testng-7.10.2.jar:7.10.2]
	at org.testng.internal.invokers.TestInvoker.invokeMethod(TestInvoker.java:686) [testng-7.10.2.jar:7.10.2]
	at org.testng.internal.invokers.TestInvoker.invokeTestMethod(TestInvoker.java:230) [testng-7.10.2.jar:7.10.2]
	at org.testng.internal.invokers.MethodRunner.runInSequence(MethodRunner.java:63) [testng-7.10.2.jar:7.10.2]
	at org.testng.internal.invokers.TestInvoker$MethodInvocationAgent.invoke(TestInvoker.java:992) [testng-7.10.2.jar:7.10.2]
	at org.testng.internal.invokers.TestInvoker.invokeTestMethods(TestInvoker.java:203) [testng-7.10.2.jar:7.10.2]
	at org.testng.internal.invokers.TestMethodWorker.invokeTestMethods(TestMethodWorker.java:154) [testng-7.10.2.jar:7.10.2]
	at org.testng.internal.invokers.TestMethodWorker.run(TestMethodWorker.java:134) [testng-7.10.2.jar:7.10.2]
	at java.util.concurrent.Executors$RunnableAdapter.call(Executors.java:539) [?:?]
	at java.util.concurrent.FutureTask.run(FutureTask.java:264) [?:?]
	at org.testng.internal.thread.graph.TestNGFutureTask.run(TestNGFutureTask.java:22) [testng-7.10.2.jar:7.10.2]
	at java.util.concurrent.ThreadPoolExecutor.runWorker(ThreadPoolExecutor.java:1136) [?:?]
	at java.util.concurrent.ThreadPoolExecutor$Worker.run(ThreadPoolExecutor.java:635) [?:?]
	at java.lang.Thread.run(Thread.java:833) [?:?]
[DEBUG] 2025-02-28 07:23:13.085 [TestNG-test-ChromeTest-1] TC_0001_ValidateRegistaration - application log started...........
[INFO ] 2025-02-28 07:23:13.085 [TestNG-test-ChromeTest-1] TC_0001_ValidateRegistaration - **************TC_0001_ValidateRegistaration starting***************
[INFO ] 2025-02-28 07:23:13.240 [TestNG-test-ChromeTest-1] TC_0001_ValidateRegistaration - click on my account page link
[ERROR] 2025-02-28 07:23:23.310 [TestNG-test-ChromeTest-1] TC_0001_ValidateRegistaration - test failed..
org.openqa.selenium.NoSuchElementException: no such element: Unable to locate element: {"method":"link text","selector":"Register"}
  (Session info: chrome=133.0.6943.141)
For documentation on this error, please visit: https://www.selenium.dev/documentation/webdriver/troubleshooting/errors#no-such-element-exception
Build info: version: '4.27.0', revision: 'd6e718d134'
System info: os.name: 'Windows 11', os.arch: 'amd64', os.version: '10.0', java.version: '17.0.8.1'
Driver info: org.openqa.selenium.chrome.ChromeDriver
Command: [6f1f226ec52ad2ef396ea00baab9af18, findElement {using=link text, value=Register}]
Capabilities {acceptInsecureCerts: false, browserName: chrome, browserVersion: 133.0.6943.141, chrome: {chromedriverVersion: 133.0.6943.141 (2a5d6da0d61..., userDataDir: C:\Users\shuah\AppData\Loca...}, fedcm:accounts: true, goog:chromeOptions: {debuggerAddress: localhost:65031}, networkConnectionEnabled: false, pageLoadStrategy: normal, platformName: windows, proxy: Proxy(), se:cdp: ws://localhost:65031/devtoo..., se:cdpVersion: 133.0.6943.141, setWindowRect: true, strictFileInteractability: false, timeouts: {implicit: 0, pageLoad: 300000, script: 30000}, unhandledPromptBehavior: dismiss and notify, webauthn:extension:credBlob: true, webauthn:extension:largeBlob: true, webauthn:extension:minPinLength: true, webauthn:extension:prf: true, webauthn:virtualAuthenticators: true}
Session ID: 6f1f226ec52ad2ef396ea00baab9af18
	at jdk.internal.reflect.NativeConstructorAccessorImpl.newInstance0(Native Method) ~[?:?]
	at jdk.internal.reflect.NativeConstructorAccessorImpl.newInstance(NativeConstructorAccessorImpl.java:77) ~[?:?]
	at jdk.internal.reflect.DelegatingConstructorAccessorImpl.newInstance(DelegatingConstructorAccessorImpl.java:45) ~[?:?]
	at java.lang.reflect.Constructor.newInstanceWithCaller(Constructor.java:499) ~[?:?]
	at java.lang.reflect.Constructor.newInstance(Constructor.java:480) ~[?:?]
	at org.openqa.selenium.remote.ErrorCodec.decode(ErrorCodec.java:167) ~[selenium-remote-driver-4.27.0.jar:?]
	at org.openqa.selenium.remote.codec.w3c.W3CHttpResponseCodec.decode(W3CHttpResponseCodec.java:138) ~[selenium-remote-driver-4.27.0.jar:?]
	at org.openqa.selenium.remote.codec.w3c.W3CHttpResponseCodec.decode(W3CHttpResponseCodec.java:50) ~[selenium-remote-driver-4.27.0.jar:?]
	at org.openqa.selenium.remote.HttpCommandExecutor.execute(HttpCommandExecutor.java:190) ~[selenium-remote-driver-4.27.0.jar:?]
	at org.openqa.selenium.remote.service.DriverCommandExecutor.invokeExecute(DriverCommandExecutor.java:216) ~[selenium-remote-driver-4.27.0.jar:?]
	at org.openqa.selenium.remote.service.DriverCommandExecutor.execute(DriverCommandExecutor.java:174) ~[selenium-remote-driver-4.27.0.jar:?]
	at org.openqa.selenium.remote.RemoteWebDriver.execute(RemoteWebDriver.java:545) ~[selenium-remote-driver-4.27.0.jar:?]
	at org.openqa.selenium.remote.ElementLocation$ElementFinder$2.findElement(ElementLocation.java:165) ~[selenium-remote-driver-4.27.0.jar:?]
	at org.openqa.selenium.remote.ElementLocation.findElement(ElementLocation.java:59) ~[selenium-remote-driver-4.27.0.jar:?]
	at org.openqa.selenium.remote.RemoteWebDriver.findElement(RemoteWebDriver.java:368) ~[selenium-remote-driver-4.27.0.jar:?]
	at org.openqa.selenium.remote.RemoteWebDriver.findElement(RemoteWebDriver.java:362) ~[selenium-remote-driver-4.27.0.jar:?]
	at org.openqa.selenium.support.pagefactory.DefaultElementLocator.findElement(DefaultElementLocator.java:68) ~[selenium-support-4.27.0.jar:?]
	at org.openqa.selenium.support.pagefactory.internal.LocatingElementHandler.invoke(LocatingElementHandler.java:38) ~[selenium-support-4.27.0.jar:?]
	at jdk.proxy2.$Proxy28.click(Unknown Source) ~[?:?]
	at PageObject.HomePage.ClickOnRegistrationLink(HomePage.java:28) ~[test-classes/:?]
	at TestCases.TC_0001_ValidateRegistaration.ValiadteRegistration(TC_0001_ValidateRegistaration.java:19) [test-classes/:?]
	at jdk.internal.reflect.NativeMethodAccessorImpl.invoke0(Native Method) ~[?:?]
	at jdk.internal.reflect.NativeMethodAccessorImpl.invoke(NativeMethodAccessorImpl.java:77) ~[?:?]
	at jdk.internal.reflect.DelegatingMethodAccessorImpl.invoke(DelegatingMethodAccessorImpl.java:43) ~[?:?]
	at java.lang.reflect.Method.invoke(Method.java:568) ~[?:?]
	at org.testng.internal.invokers.MethodInvocationHelper.invokeMethod(MethodInvocationHelper.java:141) [testng-7.10.2.jar:7.10.2]
	at org.testng.internal.invokers.TestInvoker.invokeMethod(TestInvoker.java:686) [testng-7.10.2.jar:7.10.2]
	at org.testng.internal.invokers.TestInvoker.invokeTestMethod(TestInvoker.java:230) [testng-7.10.2.jar:7.10.2]
	at org.testng.internal.invokers.MethodRunner.runInSequence(MethodRunner.java:63) [testng-7.10.2.jar:7.10.2]
	at org.testng.internal.invokers.TestInvoker$MethodInvocationAgent.invoke(TestInvoker.java:992) [testng-7.10.2.jar:7.10.2]
	at org.testng.internal.invokers.TestInvoker.invokeTestMethods(TestInvoker.java:203) [testng-7.10.2.jar:7.10.2]
	at org.testng.internal.invokers.TestMethodWorker.invokeTestMethods(TestMethodWorker.java:154) [testng-7.10.2.jar:7.10.2]
	at org.testng.internal.invokers.TestMethodWorker.run(TestMethodWorker.java:134) [testng-7.10.2.jar:7.10.2]
	at java.util.concurrent.Executors$RunnableAdapter.call(Executors.java:539) [?:?]
	at java.util.concurrent.FutureTask.run(FutureTask.java:264) [?:?]
	at org.testng.internal.thread.graph.TestNGFutureTask.run(TestNGFutureTask.java:22) [testng-7.10.2.jar:7.10.2]
	at java.util.concurrent.ThreadPoolExecutor.runWorker(ThreadPoolExecutor.java:1136) [?:?]
	at java.util.concurrent.ThreadPoolExecutor$Worker.run(ThreadPoolExecutor.java:635) [?:?]
	at java.lang.Thread.run(Thread.java:833) [?:?]
[DEBUG] 2025-02-28 07:23:23.318 [TestNG-test-ChromeTest-1] TC_0001_ValidateRegistaration - application log started...........
[INFO ] 2025-02-28 07:23:23.319 [TestNG-test-ChromeTest-1] TC_0001_ValidateRegistaration - **************TC_0001_ValidateRegistaration starting***************
[INFO ] 2025-02-28 07:23:23.500 [TestNG-test-ChromeTest-1] TC_0001_ValidateRegistaration - click on my account page link
[ERROR] 2025-02-28 07:23:33.529 [TestNG-test-ChromeTest-1] TC_0001_ValidateRegistaration - test failed..
org.openqa.selenium.NoSuchElementException: no such element: Unable to locate element: {"method":"link text","selector":"Register"}
  (Session info: chrome=133.0.6943.141)
For documentation on this error, please visit: https://www.selenium.dev/documentation/webdriver/troubleshooting/errors#no-such-element-exception
Build info: version: '4.27.0', revision: 'd6e718d134'
System info: os.name: 'Windows 11', os.arch: 'amd64', os.version: '10.0', java.version: '17.0.8.1'
Driver info: org.openqa.selenium.chrome.ChromeDriver
Command: [6f1f226ec52ad2ef396ea00baab9af18, findElement {using=link text, value=Register}]
Capabilities {acceptInsecureCerts: false, browserName: chrome, browserVersion: 133.0.6943.141, chrome: {chromedriverVersion: 133.0.6943.141 (2a5d6da0d61..., userDataDir: C:\Users\shuah\AppData\Loca...}, fedcm:accounts: true, goog:chromeOptions: {debuggerAddress: localhost:65031}, networkConnectionEnabled: false, pageLoadStrategy: normal, platformName: windows, proxy: Proxy(), se:cdp: ws://localhost:65031/devtoo..., se:cdpVersion: 133.0.6943.141, setWindowRect: true, strictFileInteractability: false, timeouts: {implicit: 0, pageLoad: 300000, script: 30000}, unhandledPromptBehavior: dismiss and notify, webauthn:extension:credBlob: true, webauthn:extension:largeBlob: true, webauthn:extension:minPinLength: true, webauthn:extension:prf: true, webauthn:virtualAuthenticators: true}
Session ID: 6f1f226ec52ad2ef396ea00baab9af18
	at jdk.internal.reflect.NativeConstructorAccessorImpl.newInstance0(Native Method) ~[?:?]
	at jdk.internal.reflect.NativeConstructorAccessorImpl.newInstance(NativeConstructorAccessorImpl.java:77) ~[?:?]
	at jdk.internal.reflect.DelegatingConstructorAccessorImpl.newInstance(DelegatingConstructorAccessorImpl.java:45) ~[?:?]
	at java.lang.reflect.Constructor.newInstanceWithCaller(Constructor.java:499) ~[?:?]
	at java.lang.reflect.Constructor.newInstance(Constructor.java:480) ~[?:?]
	at org.openqa.selenium.remote.ErrorCodec.decode(ErrorCodec.java:167) ~[selenium-remote-driver-4.27.0.jar:?]
	at org.openqa.selenium.remote.codec.w3c.W3CHttpResponseCodec.decode(W3CHttpResponseCodec.java:138) ~[selenium-remote-driver-4.27.0.jar:?]
	at org.openqa.selenium.remote.codec.w3c.W3CHttpResponseCodec.decode(W3CHttpResponseCodec.java:50) ~[selenium-remote-driver-4.27.0.jar:?]
	at org.openqa.selenium.remote.HttpCommandExecutor.execute(HttpCommandExecutor.java:190) ~[selenium-remote-driver-4.27.0.jar:?]
	at org.openqa.selenium.remote.service.DriverCommandExecutor.invokeExecute(DriverCommandExecutor.java:216) ~[selenium-remote-driver-4.27.0.jar:?]
	at org.openqa.selenium.remote.service.DriverCommandExecutor.execute(DriverCommandExecutor.java:174) ~[selenium-remote-driver-4.27.0.jar:?]
	at org.openqa.selenium.remote.RemoteWebDriver.execute(RemoteWebDriver.java:545) ~[selenium-remote-driver-4.27.0.jar:?]
	at org.openqa.selenium.remote.ElementLocation$ElementFinder$2.findElement(ElementLocation.java:165) ~[selenium-remote-driver-4.27.0.jar:?]
	at org.openqa.selenium.remote.ElementLocation.findElement(ElementLocation.java:59) ~[selenium-remote-driver-4.27.0.jar:?]
	at org.openqa.selenium.remote.RemoteWebDriver.findElement(RemoteWebDriver.java:368) ~[selenium-remote-driver-4.27.0.jar:?]
	at org.openqa.selenium.remote.RemoteWebDriver.findElement(RemoteWebDriver.java:362) ~[selenium-remote-driver-4.27.0.jar:?]
	at org.openqa.selenium.support.pagefactory.DefaultElementLocator.findElement(DefaultElementLocator.java:68) ~[selenium-support-4.27.0.jar:?]
	at org.openqa.selenium.support.pagefactory.internal.LocatingElementHandler.invoke(LocatingElementHandler.java:38) ~[selenium-support-4.27.0.jar:?]
	at jdk.proxy2.$Proxy28.click(Unknown Source) ~[?:?]
	at PageObject.HomePage.ClickOnRegistrationLink(HomePage.java:28) ~[test-classes/:?]
	at TestCases.TC_0001_ValidateRegistaration.ValiadteRegistration(TC_0001_ValidateRegistaration.java:19) [test-classes/:?]
	at jdk.internal.reflect.NativeMethodAccessorImpl.invoke0(Native Method) ~[?:?]
	at jdk.internal.reflect.NativeMethodAccessorImpl.invoke(NativeMethodAccessorImpl.java:77) ~[?:?]
	at jdk.internal.reflect.DelegatingMethodAccessorImpl.invoke(DelegatingMethodAccessorImpl.java:43) ~[?:?]
	at java.lang.reflect.Method.invoke(Method.java:568) ~[?:?]
	at org.testng.internal.invokers.MethodInvocationHelper.invokeMethod(MethodInvocationHelper.java:141) [testng-7.10.2.jar:7.10.2]
	at org.testng.internal.invokers.TestInvoker.invokeMethod(TestInvoker.java:686) [testng-7.10.2.jar:7.10.2]
	at org.testng.internal.invokers.TestInvoker.invokeTestMethod(TestInvoker.java:230) [testng-7.10.2.jar:7.10.2]
	at org.testng.internal.invokers.MethodRunner.runInSequence(MethodRunner.java:63) [testng-7.10.2.jar:7.10.2]
	at org.testng.internal.invokers.TestInvoker$MethodInvocationAgent.invoke(TestInvoker.java:992) [testng-7.10.2.jar:7.10.2]
	at org.testng.internal.invokers.TestInvoker.invokeTestMethods(TestInvoker.java:203) [testng-7.10.2.jar:7.10.2]
	at org.testng.internal.invokers.TestMethodWorker.invokeTestMethods(TestMethodWorker.java:154) [testng-7.10.2.jar:7.10.2]
	at org.testng.internal.invokers.TestMethodWorker.run(TestMethodWorker.java:134) [testng-7.10.2.jar:7.10.2]
	at java.util.concurrent.Executors$RunnableAdapter.call(Executors.java:539) [?:?]
	at java.util.concurrent.FutureTask.run(FutureTask.java:264) [?:?]
	at org.testng.internal.thread.graph.TestNGFutureTask.run(TestNGFutureTask.java:22) [testng-7.10.2.jar:7.10.2]
	at java.util.concurrent.ThreadPoolExecutor.runWorker(ThreadPoolExecutor.java:1136) [?:?]
	at java.util.concurrent.ThreadPoolExecutor$Worker.run(ThreadPoolExecutor.java:635) [?:?]
	at java.lang.Thread.run(Thread.java:833) [?:?]
[DEBUG] 2025-02-28 07:25:05.818 [TestNG-test-ChromeTest-1] TC_0001_ValidateRegistaration - application log started...........
[INFO ] 2025-02-28 07:25:05.822 [TestNG-test-ChromeTest-1] TC_0001_ValidateRegistaration - **************TC_0001_ValidateRegistaration starting***************
[INFO ] 2025-02-28 07:25:05.959 [TestNG-test-ChromeTest-1] TC_0001_ValidateRegistaration - click on my account page link
[INFO ] 2025-02-28 07:25:06.422 [TestNG-test-ChromeTest-1] TC_0001_ValidateRegistaration - click on my registration link
[INFO ] 2025-02-28 07:25:06.425 [TestNG-test-ChromeTest-1] TC_0001_ValidateRegistaration - Entering user details..
[INFO ] 2025-02-28 07:25:07.609 [TestNG-test-ChromeTest-1] TC_0001_ValidateRegistaration - Clicked on continue
[INFO ] 2025-02-28 07:25:08.900 [TestNG-test-ChromeTest-1] TC_0001_ValidateRegistaration - validating confirmation message
[DEBUG] 2025-02-28 07:25:08.971 [TestNG-test-ChromeTest-1] TC_0001_ValidateRegistaration - application log end...........
[INFO ] 2025-02-28 07:25:08.971 [TestNG-test-ChromeTest-1] TC_0001_ValidateRegistaration - **************TC_0001_ValidateRegistaration ending***************
[DEBUG] 2025-02-28 07:25:08.977 [TestNG-test-ChromeTest-1] TC_0001_ValidateRegistaration - application log started...........
[INFO ] 2025-02-28 07:25:08.977 [TestNG-test-ChromeTest-1] TC_0001_ValidateRegistaration - **************TC_0001_ValidateRegistaration starting***************
[INFO ] 2025-02-28 07:25:09.131 [TestNG-test-ChromeTest-1] TC_0001_ValidateRegistaration - click on my account page link
[ERROR] 2025-02-28 07:25:19.205 [TestNG-test-ChromeTest-1] TC_0001_ValidateRegistaration - test failed..
org.openqa.selenium.NoSuchElementException: no such element: Unable to locate element: {"method":"link text","selector":"Register"}
  (Session info: chrome=133.0.6943.141)
For documentation on this error, please visit: https://www.selenium.dev/documentation/webdriver/troubleshooting/errors#no-such-element-exception
Build info: version: '4.27.0', revision: 'd6e718d134'
System info: os.name: 'Windows 11', os.arch: 'amd64', os.version: '10.0', java.version: '17.0.8.1'
Driver info: org.openqa.selenium.chrome.ChromeDriver
Command: [1ddc9ab582bcb6b0e047b1845971aaf2, findElement {value=Register, using=link text}]
Capabilities {acceptInsecureCerts: false, browserName: chrome, browserVersion: 133.0.6943.141, chrome: {chromedriverVersion: 133.0.6943.141 (2a5d6da0d61..., userDataDir: C:\Users\shuah\AppData\Loca...}, fedcm:accounts: true, goog:chromeOptions: {debuggerAddress: localhost:65096}, networkConnectionEnabled: false, pageLoadStrategy: normal, platformName: windows, proxy: Proxy(), se:cdp: ws://localhost:65096/devtoo..., se:cdpVersion: 133.0.6943.141, setWindowRect: true, strictFileInteractability: false, timeouts: {implicit: 0, pageLoad: 300000, script: 30000}, unhandledPromptBehavior: dismiss and notify, webauthn:extension:credBlob: true, webauthn:extension:largeBlob: true, webauthn:extension:minPinLength: true, webauthn:extension:prf: true, webauthn:virtualAuthenticators: true}
Session ID: 1ddc9ab582bcb6b0e047b1845971aaf2
	at jdk.internal.reflect.NativeConstructorAccessorImpl.newInstance0(Native Method) ~[?:?]
	at jdk.internal.reflect.NativeConstructorAccessorImpl.newInstance(NativeConstructorAccessorImpl.java:77) ~[?:?]
	at jdk.internal.reflect.DelegatingConstructorAccessorImpl.newInstance(DelegatingConstructorAccessorImpl.java:45) ~[?:?]
	at java.lang.reflect.Constructor.newInstanceWithCaller(Constructor.java:499) ~[?:?]
	at java.lang.reflect.Constructor.newInstance(Constructor.java:480) ~[?:?]
	at org.openqa.selenium.remote.ErrorCodec.decode(ErrorCodec.java:167) ~[selenium-remote-driver-4.27.0.jar:?]
	at org.openqa.selenium.remote.codec.w3c.W3CHttpResponseCodec.decode(W3CHttpResponseCodec.java:138) ~[selenium-remote-driver-4.27.0.jar:?]
	at org.openqa.selenium.remote.codec.w3c.W3CHttpResponseCodec.decode(W3CHttpResponseCodec.java:50) ~[selenium-remote-driver-4.27.0.jar:?]
	at org.openqa.selenium.remote.HttpCommandExecutor.execute(HttpCommandExecutor.java:190) ~[selenium-remote-driver-4.27.0.jar:?]
	at org.openqa.selenium.remote.service.DriverCommandExecutor.invokeExecute(DriverCommandExecutor.java:216) ~[selenium-remote-driver-4.27.0.jar:?]
	at org.openqa.selenium.remote.service.DriverCommandExecutor.execute(DriverCommandExecutor.java:174) ~[selenium-remote-driver-4.27.0.jar:?]
	at org.openqa.selenium.remote.RemoteWebDriver.execute(RemoteWebDriver.java:545) ~[selenium-remote-driver-4.27.0.jar:?]
	at org.openqa.selenium.remote.ElementLocation$ElementFinder$2.findElement(ElementLocation.java:165) ~[selenium-remote-driver-4.27.0.jar:?]
	at org.openqa.selenium.remote.ElementLocation.findElement(ElementLocation.java:59) ~[selenium-remote-driver-4.27.0.jar:?]
	at org.openqa.selenium.remote.RemoteWebDriver.findElement(RemoteWebDriver.java:368) ~[selenium-remote-driver-4.27.0.jar:?]
	at org.openqa.selenium.remote.RemoteWebDriver.findElement(RemoteWebDriver.java:362) ~[selenium-remote-driver-4.27.0.jar:?]
	at org.openqa.selenium.support.pagefactory.DefaultElementLocator.findElement(DefaultElementLocator.java:68) ~[selenium-support-4.27.0.jar:?]
	at org.openqa.selenium.support.pagefactory.internal.LocatingElementHandler.invoke(LocatingElementHandler.java:38) ~[selenium-support-4.27.0.jar:?]
	at jdk.proxy2.$Proxy28.click(Unknown Source) ~[?:?]
	at PageObject.HomePage.ClickOnRegistrationLink(HomePage.java:28) ~[test-classes/:?]
	at TestCases.TC_0001_ValidateRegistaration.ValiadteRegistration(TC_0001_ValidateRegistaration.java:19) [test-classes/:?]
	at jdk.internal.reflect.NativeMethodAccessorImpl.invoke0(Native Method) ~[?:?]
	at jdk.internal.reflect.NativeMethodAccessorImpl.invoke(NativeMethodAccessorImpl.java:77) ~[?:?]
	at jdk.internal.reflect.DelegatingMethodAccessorImpl.invoke(DelegatingMethodAccessorImpl.java:43) ~[?:?]
	at java.lang.reflect.Method.invoke(Method.java:568) ~[?:?]
	at org.testng.internal.invokers.MethodInvocationHelper.invokeMethod(MethodInvocationHelper.java:141) [testng-7.10.2.jar:7.10.2]
	at org.testng.internal.invokers.TestInvoker.invokeMethod(TestInvoker.java:686) [testng-7.10.2.jar:7.10.2]
	at org.testng.internal.invokers.TestInvoker.invokeTestMethod(TestInvoker.java:230) [testng-7.10.2.jar:7.10.2]
	at org.testng.internal.invokers.MethodRunner.runInSequence(MethodRunner.java:63) [testng-7.10.2.jar:7.10.2]
	at org.testng.internal.invokers.TestInvoker$MethodInvocationAgent.invoke(TestInvoker.java:992) [testng-7.10.2.jar:7.10.2]
	at org.testng.internal.invokers.TestInvoker.invokeTestMethods(TestInvoker.java:203) [testng-7.10.2.jar:7.10.2]
	at org.testng.internal.invokers.TestMethodWorker.invokeTestMethods(TestMethodWorker.java:154) [testng-7.10.2.jar:7.10.2]
	at org.testng.internal.invokers.TestMethodWorker.run(TestMethodWorker.java:134) [testng-7.10.2.jar:7.10.2]
	at java.util.concurrent.Executors$RunnableAdapter.call(Executors.java:539) [?:?]
	at java.util.concurrent.FutureTask.run(FutureTask.java:264) [?:?]
	at org.testng.internal.thread.graph.TestNGFutureTask.run(TestNGFutureTask.java:22) [testng-7.10.2.jar:7.10.2]
	at java.util.concurrent.ThreadPoolExecutor.runWorker(ThreadPoolExecutor.java:1136) [?:?]
	at java.util.concurrent.ThreadPoolExecutor$Worker.run(ThreadPoolExecutor.java:635) [?:?]
	at java.lang.Thread.run(Thread.java:833) [?:?]
[DEBUG] 2025-02-28 07:25:19.226 [TestNG-test-ChromeTest-1] TC_0001_ValidateRegistaration - application log started...........
[INFO ] 2025-02-28 07:25:19.226 [TestNG-test-ChromeTest-1] TC_0001_ValidateRegistaration - **************TC_0001_ValidateRegistaration starting***************
[INFO ] 2025-02-28 07:25:19.397 [TestNG-test-ChromeTest-1] TC_0001_ValidateRegistaration - click on my account page link
[ERROR] 2025-02-28 07:25:29.411 [TestNG-test-ChromeTest-1] TC_0001_ValidateRegistaration - test failed..
org.openqa.selenium.NoSuchElementException: no such element: Unable to locate element: {"method":"link text","selector":"Register"}
  (Session info: chrome=133.0.6943.141)
For documentation on this error, please visit: https://www.selenium.dev/documentation/webdriver/troubleshooting/errors#no-such-element-exception
Build info: version: '4.27.0', revision: 'd6e718d134'
System info: os.name: 'Windows 11', os.arch: 'amd64', os.version: '10.0', java.version: '17.0.8.1'
Driver info: org.openqa.selenium.chrome.ChromeDriver
Command: [1ddc9ab582bcb6b0e047b1845971aaf2, findElement {value=Register, using=link text}]
Capabilities {acceptInsecureCerts: false, browserName: chrome, browserVersion: 133.0.6943.141, chrome: {chromedriverVersion: 133.0.6943.141 (2a5d6da0d61..., userDataDir: C:\Users\shuah\AppData\Loca...}, fedcm:accounts: true, goog:chromeOptions: {debuggerAddress: localhost:65096}, networkConnectionEnabled: false, pageLoadStrategy: normal, platformName: windows, proxy: Proxy(), se:cdp: ws://localhost:65096/devtoo..., se:cdpVersion: 133.0.6943.141, setWindowRect: true, strictFileInteractability: false, timeouts: {implicit: 0, pageLoad: 300000, script: 30000}, unhandledPromptBehavior: dismiss and notify, webauthn:extension:credBlob: true, webauthn:extension:largeBlob: true, webauthn:extension:minPinLength: true, webauthn:extension:prf: true, webauthn:virtualAuthenticators: true}
Session ID: 1ddc9ab582bcb6b0e047b1845971aaf2
	at jdk.internal.reflect.NativeConstructorAccessorImpl.newInstance0(Native Method) ~[?:?]
	at jdk.internal.reflect.NativeConstructorAccessorImpl.newInstance(NativeConstructorAccessorImpl.java:77) ~[?:?]
	at jdk.internal.reflect.DelegatingConstructorAccessorImpl.newInstance(DelegatingConstructorAccessorImpl.java:45) ~[?:?]
	at java.lang.reflect.Constructor.newInstanceWithCaller(Constructor.java:499) ~[?:?]
	at java.lang.reflect.Constructor.newInstance(Constructor.java:480) ~[?:?]
	at org.openqa.selenium.remote.ErrorCodec.decode(ErrorCodec.java:167) ~[selenium-remote-driver-4.27.0.jar:?]
	at org.openqa.selenium.remote.codec.w3c.W3CHttpResponseCodec.decode(W3CHttpResponseCodec.java:138) ~[selenium-remote-driver-4.27.0.jar:?]
	at org.openqa.selenium.remote.codec.w3c.W3CHttpResponseCodec.decode(W3CHttpResponseCodec.java:50) ~[selenium-remote-driver-4.27.0.jar:?]
	at org.openqa.selenium.remote.HttpCommandExecutor.execute(HttpCommandExecutor.java:190) ~[selenium-remote-driver-4.27.0.jar:?]
	at org.openqa.selenium.remote.service.DriverCommandExecutor.invokeExecute(DriverCommandExecutor.java:216) ~[selenium-remote-driver-4.27.0.jar:?]
	at org.openqa.selenium.remote.service.DriverCommandExecutor.execute(DriverCommandExecutor.java:174) ~[selenium-remote-driver-4.27.0.jar:?]
	at org.openqa.selenium.remote.RemoteWebDriver.execute(RemoteWebDriver.java:545) ~[selenium-remote-driver-4.27.0.jar:?]
	at org.openqa.selenium.remote.ElementLocation$ElementFinder$2.findElement(ElementLocation.java:165) ~[selenium-remote-driver-4.27.0.jar:?]
	at org.openqa.selenium.remote.ElementLocation.findElement(ElementLocation.java:59) ~[selenium-remote-driver-4.27.0.jar:?]
	at org.openqa.selenium.remote.RemoteWebDriver.findElement(RemoteWebDriver.java:368) ~[selenium-remote-driver-4.27.0.jar:?]
	at org.openqa.selenium.remote.RemoteWebDriver.findElement(RemoteWebDriver.java:362) ~[selenium-remote-driver-4.27.0.jar:?]
	at org.openqa.selenium.support.pagefactory.DefaultElementLocator.findElement(DefaultElementLocator.java:68) ~[selenium-support-4.27.0.jar:?]
	at org.openqa.selenium.support.pagefactory.internal.LocatingElementHandler.invoke(LocatingElementHandler.java:38) ~[selenium-support-4.27.0.jar:?]
	at jdk.proxy2.$Proxy28.click(Unknown Source) ~[?:?]
	at PageObject.HomePage.ClickOnRegistrationLink(HomePage.java:28) ~[test-classes/:?]
	at TestCases.TC_0001_ValidateRegistaration.ValiadteRegistration(TC_0001_ValidateRegistaration.java:19) [test-classes/:?]
	at jdk.internal.reflect.NativeMethodAccessorImpl.invoke0(Native Method) ~[?:?]
	at jdk.internal.reflect.NativeMethodAccessorImpl.invoke(NativeMethodAccessorImpl.java:77) ~[?:?]
	at jdk.internal.reflect.DelegatingMethodAccessorImpl.invoke(DelegatingMethodAccessorImpl.java:43) ~[?:?]
	at java.lang.reflect.Method.invoke(Method.java:568) ~[?:?]
	at org.testng.internal.invokers.MethodInvocationHelper.invokeMethod(MethodInvocationHelper.java:141) [testng-7.10.2.jar:7.10.2]
	at org.testng.internal.invokers.TestInvoker.invokeMethod(TestInvoker.java:686) [testng-7.10.2.jar:7.10.2]
	at org.testng.internal.invokers.TestInvoker.invokeTestMethod(TestInvoker.java:230) [testng-7.10.2.jar:7.10.2]
	at org.testng.internal.invokers.MethodRunner.runInSequence(MethodRunner.java:63) [testng-7.10.2.jar:7.10.2]
	at org.testng.internal.invokers.TestInvoker$MethodInvocationAgent.invoke(TestInvoker.java:992) [testng-7.10.2.jar:7.10.2]
	at org.testng.internal.invokers.TestInvoker.invokeTestMethods(TestInvoker.java:203) [testng-7.10.2.jar:7.10.2]
	at org.testng.internal.invokers.TestMethodWorker.invokeTestMethods(TestMethodWorker.java:154) [testng-7.10.2.jar:7.10.2]
	at org.testng.internal.invokers.TestMethodWorker.run(TestMethodWorker.java:134) [testng-7.10.2.jar:7.10.2]
	at java.util.concurrent.Executors$RunnableAdapter.call(Executors.java:539) [?:?]
	at java.util.concurrent.FutureTask.run(FutureTask.java:264) [?:?]
	at org.testng.internal.thread.graph.TestNGFutureTask.run(TestNGFutureTask.java:22) [testng-7.10.2.jar:7.10.2]
	at java.util.concurrent.ThreadPoolExecutor.runWorker(ThreadPoolExecutor.java:1136) [?:?]
	at java.util.concurrent.ThreadPoolExecutor$Worker.run(ThreadPoolExecutor.java:635) [?:?]
	at java.lang.Thread.run(Thread.java:833) [?:?]
[DEBUG] 2025-02-28 07:25:29.415 [TestNG-test-ChromeTest-1] TC_0001_ValidateRegistaration - application log started...........
[INFO ] 2025-02-28 07:25:29.416 [TestNG-test-ChromeTest-1] TC_0001_ValidateRegistaration - **************TC_0001_ValidateRegistaration starting***************
[INFO ] 2025-02-28 07:25:29.573 [TestNG-test-ChromeTest-1] TC_0001_ValidateRegistaration - click on my account page link
[ERROR] 2025-02-28 07:25:39.605 [TestNG-test-ChromeTest-1] TC_0001_ValidateRegistaration - test failed..
org.openqa.selenium.NoSuchElementException: no such element: Unable to locate element: {"method":"link text","selector":"Register"}
  (Session info: chrome=133.0.6943.141)
For documentation on this error, please visit: https://www.selenium.dev/documentation/webdriver/troubleshooting/errors#no-such-element-exception
Build info: version: '4.27.0', revision: 'd6e718d134'
System info: os.name: 'Windows 11', os.arch: 'amd64', os.version: '10.0', java.version: '17.0.8.1'
Driver info: org.openqa.selenium.chrome.ChromeDriver
Command: [1ddc9ab582bcb6b0e047b1845971aaf2, findElement {value=Register, using=link text}]
Capabilities {acceptInsecureCerts: false, browserName: chrome, browserVersion: 133.0.6943.141, chrome: {chromedriverVersion: 133.0.6943.141 (2a5d6da0d61..., userDataDir: C:\Users\shuah\AppData\Loca...}, fedcm:accounts: true, goog:chromeOptions: {debuggerAddress: localhost:65096}, networkConnectionEnabled: false, pageLoadStrategy: normal, platformName: windows, proxy: Proxy(), se:cdp: ws://localhost:65096/devtoo..., se:cdpVersion: 133.0.6943.141, setWindowRect: true, strictFileInteractability: false, timeouts: {implicit: 0, pageLoad: 300000, script: 30000}, unhandledPromptBehavior: dismiss and notify, webauthn:extension:credBlob: true, webauthn:extension:largeBlob: true, webauthn:extension:minPinLength: true, webauthn:extension:prf: true, webauthn:virtualAuthenticators: true}
Session ID: 1ddc9ab582bcb6b0e047b1845971aaf2
	at jdk.internal.reflect.NativeConstructorAccessorImpl.newInstance0(Native Method) ~[?:?]
	at jdk.internal.reflect.NativeConstructorAccessorImpl.newInstance(NativeConstructorAccessorImpl.java:77) ~[?:?]
	at jdk.internal.reflect.DelegatingConstructorAccessorImpl.newInstance(DelegatingConstructorAccessorImpl.java:45) ~[?:?]
	at java.lang.reflect.Constructor.newInstanceWithCaller(Constructor.java:499) ~[?:?]
	at java.lang.reflect.Constructor.newInstance(Constructor.java:480) ~[?:?]
	at org.openqa.selenium.remote.ErrorCodec.decode(ErrorCodec.java:167) ~[selenium-remote-driver-4.27.0.jar:?]
	at org.openqa.selenium.remote.codec.w3c.W3CHttpResponseCodec.decode(W3CHttpResponseCodec.java:138) ~[selenium-remote-driver-4.27.0.jar:?]
	at org.openqa.selenium.remote.codec.w3c.W3CHttpResponseCodec.decode(W3CHttpResponseCodec.java:50) ~[selenium-remote-driver-4.27.0.jar:?]
	at org.openqa.selenium.remote.HttpCommandExecutor.execute(HttpCommandExecutor.java:190) ~[selenium-remote-driver-4.27.0.jar:?]
	at org.openqa.selenium.remote.service.DriverCommandExecutor.invokeExecute(DriverCommandExecutor.java:216) ~[selenium-remote-driver-4.27.0.jar:?]
	at org.openqa.selenium.remote.service.DriverCommandExecutor.execute(DriverCommandExecutor.java:174) ~[selenium-remote-driver-4.27.0.jar:?]
	at org.openqa.selenium.remote.RemoteWebDriver.execute(RemoteWebDriver.java:545) ~[selenium-remote-driver-4.27.0.jar:?]
	at org.openqa.selenium.remote.ElementLocation$ElementFinder$2.findElement(ElementLocation.java:165) ~[selenium-remote-driver-4.27.0.jar:?]
	at org.openqa.selenium.remote.ElementLocation.findElement(ElementLocation.java:59) ~[selenium-remote-driver-4.27.0.jar:?]
	at org.openqa.selenium.remote.RemoteWebDriver.findElement(RemoteWebDriver.java:368) ~[selenium-remote-driver-4.27.0.jar:?]
	at org.openqa.selenium.remote.RemoteWebDriver.findElement(RemoteWebDriver.java:362) ~[selenium-remote-driver-4.27.0.jar:?]
	at org.openqa.selenium.support.pagefactory.DefaultElementLocator.findElement(DefaultElementLocator.java:68) ~[selenium-support-4.27.0.jar:?]
	at org.openqa.selenium.support.pagefactory.internal.LocatingElementHandler.invoke(LocatingElementHandler.java:38) ~[selenium-support-4.27.0.jar:?]
	at jdk.proxy2.$Proxy28.click(Unknown Source) ~[?:?]
	at PageObject.HomePage.ClickOnRegistrationLink(HomePage.java:28) ~[test-classes/:?]
	at TestCases.TC_0001_ValidateRegistaration.ValiadteRegistration(TC_0001_ValidateRegistaration.java:19) [test-classes/:?]
	at jdk.internal.reflect.NativeMethodAccessorImpl.invoke0(Native Method) ~[?:?]
	at jdk.internal.reflect.NativeMethodAccessorImpl.invoke(NativeMethodAccessorImpl.java:77) ~[?:?]
	at jdk.internal.reflect.DelegatingMethodAccessorImpl.invoke(DelegatingMethodAccessorImpl.java:43) ~[?:?]
	at java.lang.reflect.Method.invoke(Method.java:568) ~[?:?]
	at org.testng.internal.invokers.MethodInvocationHelper.invokeMethod(MethodInvocationHelper.java:141) [testng-7.10.2.jar:7.10.2]
	at org.testng.internal.invokers.TestInvoker.invokeMethod(TestInvoker.java:686) [testng-7.10.2.jar:7.10.2]
	at org.testng.internal.invokers.TestInvoker.invokeTestMethod(TestInvoker.java:230) [testng-7.10.2.jar:7.10.2]
	at org.testng.internal.invokers.MethodRunner.runInSequence(MethodRunner.java:63) [testng-7.10.2.jar:7.10.2]
	at org.testng.internal.invokers.TestInvoker$MethodInvocationAgent.invoke(TestInvoker.java:992) [testng-7.10.2.jar:7.10.2]
	at org.testng.internal.invokers.TestInvoker.invokeTestMethods(TestInvoker.java:203) [testng-7.10.2.jar:7.10.2]
	at org.testng.internal.invokers.TestMethodWorker.invokeTestMethods(TestMethodWorker.java:154) [testng-7.10.2.jar:7.10.2]
	at org.testng.internal.invokers.TestMethodWorker.run(TestMethodWorker.java:134) [testng-7.10.2.jar:7.10.2]
	at java.util.concurrent.Executors$RunnableAdapter.call(Executors.java:539) [?:?]
	at java.util.concurrent.FutureTask.run(FutureTask.java:264) [?:?]
	at org.testng.internal.thread.graph.TestNGFutureTask.run(TestNGFutureTask.java:22) [testng-7.10.2.jar:7.10.2]
	at java.util.concurrent.ThreadPoolExecutor.runWorker(ThreadPoolExecutor.java:1136) [?:?]
	at java.util.concurrent.ThreadPoolExecutor$Worker.run(ThreadPoolExecutor.java:635) [?:?]
	at java.lang.Thread.run(Thread.java:833) [?:?]
[DEBUG] 2025-02-28 07:25:39.611 [TestNG-test-ChromeTest-1] TC_0001_ValidateRegistaration - application log started...........
[INFO ] 2025-02-28 07:25:39.611 [TestNG-test-ChromeTest-1] TC_0001_ValidateRegistaration - **************TC_0001_ValidateRegistaration starting***************
[INFO ] 2025-02-28 07:25:39.793 [TestNG-test-ChromeTest-1] TC_0001_ValidateRegistaration - click on my account page link
[ERROR] 2025-02-28 07:25:49.820 [TestNG-test-ChromeTest-1] TC_0001_ValidateRegistaration - test failed..
org.openqa.selenium.NoSuchElementException: no such element: Unable to locate element: {"method":"link text","selector":"Register"}
  (Session info: chrome=133.0.6943.141)
For documentation on this error, please visit: https://www.selenium.dev/documentation/webdriver/troubleshooting/errors#no-such-element-exception
Build info: version: '4.27.0', revision: 'd6e718d134'
System info: os.name: 'Windows 11', os.arch: 'amd64', os.version: '10.0', java.version: '17.0.8.1'
Driver info: org.openqa.selenium.chrome.ChromeDriver
Command: [1ddc9ab582bcb6b0e047b1845971aaf2, findElement {value=Register, using=link text}]
Capabilities {acceptInsecureCerts: false, browserName: chrome, browserVersion: 133.0.6943.141, chrome: {chromedriverVersion: 133.0.6943.141 (2a5d6da0d61..., userDataDir: C:\Users\shuah\AppData\Loca...}, fedcm:accounts: true, goog:chromeOptions: {debuggerAddress: localhost:65096}, networkConnectionEnabled: false, pageLoadStrategy: normal, platformName: windows, proxy: Proxy(), se:cdp: ws://localhost:65096/devtoo..., se:cdpVersion: 133.0.6943.141, setWindowRect: true, strictFileInteractability: false, timeouts: {implicit: 0, pageLoad: 300000, script: 30000}, unhandledPromptBehavior: dismiss and notify, webauthn:extension:credBlob: true, webauthn:extension:largeBlob: true, webauthn:extension:minPinLength: true, webauthn:extension:prf: true, webauthn:virtualAuthenticators: true}
Session ID: 1ddc9ab582bcb6b0e047b1845971aaf2
	at jdk.internal.reflect.NativeConstructorAccessorImpl.newInstance0(Native Method) ~[?:?]
	at jdk.internal.reflect.NativeConstructorAccessorImpl.newInstance(NativeConstructorAccessorImpl.java:77) ~[?:?]
	at jdk.internal.reflect.DelegatingConstructorAccessorImpl.newInstance(DelegatingConstructorAccessorImpl.java:45) ~[?:?]
	at java.lang.reflect.Constructor.newInstanceWithCaller(Constructor.java:499) ~[?:?]
	at java.lang.reflect.Constructor.newInstance(Constructor.java:480) ~[?:?]
	at org.openqa.selenium.remote.ErrorCodec.decode(ErrorCodec.java:167) ~[selenium-remote-driver-4.27.0.jar:?]
	at org.openqa.selenium.remote.codec.w3c.W3CHttpResponseCodec.decode(W3CHttpResponseCodec.java:138) ~[selenium-remote-driver-4.27.0.jar:?]
	at org.openqa.selenium.remote.codec.w3c.W3CHttpResponseCodec.decode(W3CHttpResponseCodec.java:50) ~[selenium-remote-driver-4.27.0.jar:?]
	at org.openqa.selenium.remote.HttpCommandExecutor.execute(HttpCommandExecutor.java:190) ~[selenium-remote-driver-4.27.0.jar:?]
	at org.openqa.selenium.remote.service.DriverCommandExecutor.invokeExecute(DriverCommandExecutor.java:216) ~[selenium-remote-driver-4.27.0.jar:?]
	at org.openqa.selenium.remote.service.DriverCommandExecutor.execute(DriverCommandExecutor.java:174) ~[selenium-remote-driver-4.27.0.jar:?]
	at org.openqa.selenium.remote.RemoteWebDriver.execute(RemoteWebDriver.java:545) ~[selenium-remote-driver-4.27.0.jar:?]
	at org.openqa.selenium.remote.ElementLocation$ElementFinder$2.findElement(ElementLocation.java:165) ~[selenium-remote-driver-4.27.0.jar:?]
	at org.openqa.selenium.remote.ElementLocation.findElement(ElementLocation.java:59) ~[selenium-remote-driver-4.27.0.jar:?]
	at org.openqa.selenium.remote.RemoteWebDriver.findElement(RemoteWebDriver.java:368) ~[selenium-remote-driver-4.27.0.jar:?]
	at org.openqa.selenium.remote.RemoteWebDriver.findElement(RemoteWebDriver.java:362) ~[selenium-remote-driver-4.27.0.jar:?]
	at org.openqa.selenium.support.pagefactory.DefaultElementLocator.findElement(DefaultElementLocator.java:68) ~[selenium-support-4.27.0.jar:?]
	at org.openqa.selenium.support.pagefactory.internal.LocatingElementHandler.invoke(LocatingElementHandler.java:38) ~[selenium-support-4.27.0.jar:?]
	at jdk.proxy2.$Proxy28.click(Unknown Source) ~[?:?]
	at PageObject.HomePage.ClickOnRegistrationLink(HomePage.java:28) ~[test-classes/:?]
	at TestCases.TC_0001_ValidateRegistaration.ValiadteRegistration(TC_0001_ValidateRegistaration.java:19) [test-classes/:?]
	at jdk.internal.reflect.NativeMethodAccessorImpl.invoke0(Native Method) ~[?:?]
	at jdk.internal.reflect.NativeMethodAccessorImpl.invoke(NativeMethodAccessorImpl.java:77) ~[?:?]
	at jdk.internal.reflect.DelegatingMethodAccessorImpl.invoke(DelegatingMethodAccessorImpl.java:43) ~[?:?]
	at java.lang.reflect.Method.invoke(Method.java:568) ~[?:?]
	at org.testng.internal.invokers.MethodInvocationHelper.invokeMethod(MethodInvocationHelper.java:141) [testng-7.10.2.jar:7.10.2]
	at org.testng.internal.invokers.TestInvoker.invokeMethod(TestInvoker.java:686) [testng-7.10.2.jar:7.10.2]
	at org.testng.internal.invokers.TestInvoker.invokeTestMethod(TestInvoker.java:230) [testng-7.10.2.jar:7.10.2]
	at org.testng.internal.invokers.MethodRunner.runInSequence(MethodRunner.java:63) [testng-7.10.2.jar:7.10.2]
	at org.testng.internal.invokers.TestInvoker$MethodInvocationAgent.invoke(TestInvoker.java:992) [testng-7.10.2.jar:7.10.2]
	at org.testng.internal.invokers.TestInvoker.invokeTestMethods(TestInvoker.java:203) [testng-7.10.2.jar:7.10.2]
	at org.testng.internal.invokers.TestMethodWorker.invokeTestMethods(TestMethodWorker.java:154) [testng-7.10.2.jar:7.10.2]
	at org.testng.internal.invokers.TestMethodWorker.run(TestMethodWorker.java:134) [testng-7.10.2.jar:7.10.2]
	at java.util.concurrent.Executors$RunnableAdapter.call(Executors.java:539) [?:?]
	at java.util.concurrent.FutureTask.run(FutureTask.java:264) [?:?]
	at org.testng.internal.thread.graph.TestNGFutureTask.run(TestNGFutureTask.java:22) [testng-7.10.2.jar:7.10.2]
	at java.util.concurrent.ThreadPoolExecutor.runWorker(ThreadPoolExecutor.java:1136) [?:?]
	at java.util.concurrent.ThreadPoolExecutor$Worker.run(ThreadPoolExecutor.java:635) [?:?]
	at java.lang.Thread.run(Thread.java:833) [?:?]
[DEBUG] 2025-02-28 09:49:22.544 [TestNG-test-ChromeTest-1] PackageRelationshipCollection - Parsing relationship: /xl/_rels/workbook.xml.rels
[DEBUG] 2025-02-28 09:49:22.550 [TestNG-test-ChromeTest-1] PackageRelationshipCollection - Parsing relationship: /xl/worksheets/_rels/sheet1.xml.rels
[DEBUG] 2025-02-28 09:49:22.551 [TestNG-test-ChromeTest-1] PackageRelationshipCollection - Parsing relationship: /_rels/.rels
[DEBUG] 2025-02-28 09:49:23.109 [TestNG-test-ChromeTest-1] PackageRelationshipCollection - Parsing relationship: /xl/_rels/workbook.xml.rels
[DEBUG] 2025-02-28 09:49:23.110 [TestNG-test-ChromeTest-1] PackageRelationshipCollection - Parsing relationship: /xl/worksheets/_rels/sheet1.xml.rels
[DEBUG] 2025-02-28 09:49:23.111 [TestNG-test-ChromeTest-1] PackageRelationshipCollection - Parsing relationship: /_rels/.rels
[DEBUG] 2025-02-28 09:49:23.137 [TestNG-test-ChromeTest-1] PackageRelationshipCollection - Parsing relationship: /xl/_rels/workbook.xml.rels
[DEBUG] 2025-02-28 09:49:23.139 [TestNG-test-ChromeTest-1] PackageRelationshipCollection - Parsing relationship: /xl/worksheets/_rels/sheet1.xml.rels
[DEBUG] 2025-02-28 09:49:23.140 [TestNG-test-ChromeTest-1] PackageRelationshipCollection - Parsing relationship: /_rels/.rels
[DEBUG] 2025-02-28 09:49:23.174 [TestNG-test-ChromeTest-1] PackageRelationshipCollection - Parsing relationship: /xl/_rels/workbook.xml.rels
[DEBUG] 2025-02-28 09:49:23.175 [TestNG-test-ChromeTest-1] PackageRelationshipCollection - Parsing relationship: /xl/worksheets/_rels/sheet1.xml.rels
[DEBUG] 2025-02-28 09:49:23.176 [TestNG-test-ChromeTest-1] PackageRelationshipCollection - Parsing relationship: /_rels/.rels
[DEBUG] 2025-02-28 09:49:23.200 [TestNG-test-ChromeTest-1] PackageRelationshipCollection - Parsing relationship: /xl/_rels/workbook.xml.rels
[DEBUG] 2025-02-28 09:49:23.201 [TestNG-test-ChromeTest-1] PackageRelationshipCollection - Parsing relationship: /xl/worksheets/_rels/sheet1.xml.rels
[DEBUG] 2025-02-28 09:49:23.201 [TestNG-test-ChromeTest-1] PackageRelationshipCollection - Parsing relationship: /_rels/.rels
[DEBUG] 2025-02-28 09:49:23.220 [TestNG-test-ChromeTest-1] PackageRelationshipCollection - Parsing relationship: /xl/_rels/workbook.xml.rels
[DEBUG] 2025-02-28 09:49:23.221 [TestNG-test-ChromeTest-1] PackageRelationshipCollection - Parsing relationship: /xl/worksheets/_rels/sheet1.xml.rels
[DEBUG] 2025-02-28 09:49:23.222 [TestNG-test-ChromeTest-1] PackageRelationshipCollection - Parsing relationship: /_rels/.rels
[DEBUG] 2025-02-28 09:49:23.241 [TestNG-test-ChromeTest-1] PackageRelationshipCollection - Parsing relationship: /xl/_rels/workbook.xml.rels
[DEBUG] 2025-02-28 09:49:23.241 [TestNG-test-ChromeTest-1] PackageRelationshipCollection - Parsing relationship: /xl/worksheets/_rels/sheet1.xml.rels
[DEBUG] 2025-02-28 09:49:23.242 [TestNG-test-ChromeTest-1] PackageRelationshipCollection - Parsing relationship: /_rels/.rels
[DEBUG] 2025-02-28 09:49:23.286 [TestNG-test-ChromeTest-1] PackageRelationshipCollection - Parsing relationship: /xl/_rels/workbook.xml.rels
[DEBUG] 2025-02-28 09:49:23.287 [TestNG-test-ChromeTest-1] PackageRelationshipCollection - Parsing relationship: /xl/worksheets/_rels/sheet1.xml.rels
[DEBUG] 2025-02-28 09:49:23.288 [TestNG-test-ChromeTest-1] PackageRelationshipCollection - Parsing relationship: /_rels/.rels
[DEBUG] 2025-02-28 09:49:23.311 [TestNG-test-ChromeTest-1] PackageRelationshipCollection - Parsing relationship: /xl/_rels/workbook.xml.rels
[DEBUG] 2025-02-28 09:49:23.311 [TestNG-test-ChromeTest-1] PackageRelationshipCollection - Parsing relationship: /xl/worksheets/_rels/sheet1.xml.rels
[DEBUG] 2025-02-28 09:49:23.313 [TestNG-test-ChromeTest-1] PackageRelationshipCollection - Parsing relationship: /_rels/.rels
[DEBUG] 2025-02-28 09:49:23.333 [TestNG-test-ChromeTest-1] PackageRelationshipCollection - Parsing relationship: /xl/_rels/workbook.xml.rels
[DEBUG] 2025-02-28 09:49:23.334 [TestNG-test-ChromeTest-1] PackageRelationshipCollection - Parsing relationship: /xl/worksheets/_rels/sheet1.xml.rels
[DEBUG] 2025-02-28 09:49:23.335 [TestNG-test-ChromeTest-1] PackageRelationshipCollection - Parsing relationship: /_rels/.rels
[DEBUG] 2025-02-28 09:49:23.351 [TestNG-test-ChromeTest-1] PackageRelationshipCollection - Parsing relationship: /xl/_rels/workbook.xml.rels
[DEBUG] 2025-02-28 09:49:23.352 [TestNG-test-ChromeTest-1] PackageRelationshipCollection - Parsing relationship: /xl/worksheets/_rels/sheet1.xml.rels
[DEBUG] 2025-02-28 09:49:23.353 [TestNG-test-ChromeTest-1] PackageRelationshipCollection - Parsing relationship: /_rels/.rels
[DEBUG] 2025-02-28 09:49:23.368 [TestNG-test-ChromeTest-1] PackageRelationshipCollection - Parsing relationship: /xl/_rels/workbook.xml.rels
[DEBUG] 2025-02-28 09:49:23.369 [TestNG-test-ChromeTest-1] PackageRelationshipCollection - Parsing relationship: /xl/worksheets/_rels/sheet1.xml.rels
[DEBUG] 2025-02-28 09:49:23.370 [TestNG-test-ChromeTest-1] PackageRelationshipCollection - Parsing relationship: /_rels/.rels
[DEBUG] 2025-02-28 09:49:23.383 [TestNG-test-ChromeTest-1] PackageRelationshipCollection - Parsing relationship: /xl/_rels/workbook.xml.rels
[DEBUG] 2025-02-28 09:49:23.384 [TestNG-test-ChromeTest-1] PackageRelationshipCollection - Parsing relationship: /xl/worksheets/_rels/sheet1.xml.rels
[DEBUG] 2025-02-28 09:49:23.385 [TestNG-test-ChromeTest-1] PackageRelationshipCollection - Parsing relationship: /_rels/.rels
[DEBUG] 2025-02-28 09:49:23.397 [TestNG-test-ChromeTest-1] PackageRelationshipCollection - Parsing relationship: /xl/_rels/workbook.xml.rels
[DEBUG] 2025-02-28 09:49:23.398 [TestNG-test-ChromeTest-1] PackageRelationshipCollection - Parsing relationship: /xl/worksheets/_rels/sheet1.xml.rels
[DEBUG] 2025-02-28 09:49:23.398 [TestNG-test-ChromeTest-1] PackageRelationshipCollection - Parsing relationship: /_rels/.rels
[DEBUG] 2025-02-28 09:49:23.412 [TestNG-test-ChromeTest-1] PackageRelationshipCollection - Parsing relationship: /xl/_rels/workbook.xml.rels
[DEBUG] 2025-02-28 09:49:23.413 [TestNG-test-ChromeTest-1] PackageRelationshipCollection - Parsing relationship: /xl/worksheets/_rels/sheet1.xml.rels
[DEBUG] 2025-02-28 09:49:23.413 [TestNG-test-ChromeTest-1] PackageRelationshipCollection - Parsing relationship: /_rels/.rels
[DEBUG] 2025-02-28 09:49:23.426 [TestNG-test-ChromeTest-1] PackageRelationshipCollection - Parsing relationship: /xl/_rels/workbook.xml.rels
[DEBUG] 2025-02-28 09:49:23.427 [TestNG-test-ChromeTest-1] PackageRelationshipCollection - Parsing relationship: /xl/worksheets/_rels/sheet1.xml.rels
[DEBUG] 2025-02-28 09:49:23.428 [TestNG-test-ChromeTest-1] PackageRelationshipCollection - Parsing relationship: /_rels/.rels
[DEBUG] 2025-02-28 09:49:23.451 [TestNG-test-ChromeTest-1] PackageRelationshipCollection - Parsing relationship: /xl/_rels/workbook.xml.rels
[DEBUG] 2025-02-28 09:49:23.451 [TestNG-test-ChromeTest-1] PackageRelationshipCollection - Parsing relationship: /xl/worksheets/_rels/sheet1.xml.rels
[DEBUG] 2025-02-28 09:49:23.452 [TestNG-test-ChromeTest-1] PackageRelationshipCollection - Parsing relationship: /_rels/.rels
[DEBUG] 2025-02-28 09:49:23.464 [TestNG-test-ChromeTest-1] PackageRelationshipCollection - Parsing relationship: /xl/_rels/workbook.xml.rels
[DEBUG] 2025-02-28 09:49:23.465 [TestNG-test-ChromeTest-1] PackageRelationshipCollection - Parsing relationship: /xl/worksheets/_rels/sheet1.xml.rels
[DEBUG] 2025-02-28 09:49:23.465 [TestNG-test-ChromeTest-1] PackageRelationshipCollection - Parsing relationship: /_rels/.rels
[DEBUG] 2025-02-28 09:49:23.477 [TestNG-test-ChromeTest-1] PackageRelationshipCollection - Parsing relationship: /xl/_rels/workbook.xml.rels
[DEBUG] 2025-02-28 09:49:23.477 [TestNG-test-ChromeTest-1] PackageRelationshipCollection - Parsing relationship: /xl/worksheets/_rels/sheet1.xml.rels
[DEBUG] 2025-02-28 09:49:23.478 [TestNG-test-ChromeTest-1] PackageRelationshipCollection - Parsing relationship: /_rels/.rels
[DEBUG] 2025-02-28 09:49:23.490 [TestNG-test-ChromeTest-1] PackageRelationshipCollection - Parsing relationship: /xl/_rels/workbook.xml.rels
[DEBUG] 2025-02-28 09:49:23.491 [TestNG-test-ChromeTest-1] PackageRelationshipCollection - Parsing relationship: /xl/worksheets/_rels/sheet1.xml.rels
[DEBUG] 2025-02-28 09:49:23.492 [TestNG-test-ChromeTest-1] PackageRelationshipCollection - Parsing relationship: /_rels/.rels
[DEBUG] 2025-02-28 09:49:23.504 [TestNG-test-ChromeTest-1] PackageRelationshipCollection - Parsing relationship: /xl/_rels/workbook.xml.rels
[DEBUG] 2025-02-28 09:49:23.504 [TestNG-test-ChromeTest-1] PackageRelationshipCollection - Parsing relationship: /xl/worksheets/_rels/sheet1.xml.rels
[DEBUG] 2025-02-28 09:49:23.505 [TestNG-test-ChromeTest-1] PackageRelationshipCollection - Parsing relationship: /_rels/.rels
[DEBUG] 2025-02-28 09:49:23.518 [TestNG-test-ChromeTest-1] PackageRelationshipCollection - Parsing relationship: /xl/_rels/workbook.xml.rels
[DEBUG] 2025-02-28 09:49:23.519 [TestNG-test-ChromeTest-1] PackageRelationshipCollection - Parsing relationship: /xl/worksheets/_rels/sheet1.xml.rels
[DEBUG] 2025-02-28 09:49:23.519 [TestNG-test-ChromeTest-1] PackageRelationshipCollection - Parsing relationship: /_rels/.rels
[DEBUG] 2025-02-28 09:49:23.532 [TestNG-test-ChromeTest-1] PackageRelationshipCollection - Parsing relationship: /xl/_rels/workbook.xml.rels
[DEBUG] 2025-02-28 09:49:23.533 [TestNG-test-ChromeTest-1] PackageRelationshipCollection - Parsing relationship: /xl/worksheets/_rels/sheet1.xml.rels
[DEBUG] 2025-02-28 09:49:23.533 [TestNG-test-ChromeTest-1] PackageRelationshipCollection - Parsing relationship: /_rels/.rels
[DEBUG] 2025-02-28 09:49:23.546 [TestNG-test-ChromeTest-1] PackageRelationshipCollection - Parsing relationship: /xl/_rels/workbook.xml.rels
[DEBUG] 2025-02-28 09:49:23.547 [TestNG-test-ChromeTest-1] PackageRelationshipCollection - Parsing relationship: /xl/worksheets/_rels/sheet1.xml.rels
[DEBUG] 2025-02-28 09:49:23.547 [TestNG-test-ChromeTest-1] PackageRelationshipCollection - Parsing relationship: /_rels/.rels
[DEBUG] 2025-02-28 09:49:23.562 [TestNG-test-ChromeTest-1] PackageRelationshipCollection - Parsing relationship: /xl/_rels/workbook.xml.rels
[DEBUG] 2025-02-28 09:49:23.564 [TestNG-test-ChromeTest-1] PackageRelationshipCollection - Parsing relationship: /xl/worksheets/_rels/sheet1.xml.rels
[DEBUG] 2025-02-28 09:49:23.564 [TestNG-test-ChromeTest-1] PackageRelationshipCollection - Parsing relationship: /_rels/.rels
[DEBUG] 2025-02-28 09:49:23.575 [TestNG-test-ChromeTest-1] PackageRelationshipCollection - Parsing relationship: /xl/_rels/workbook.xml.rels
[DEBUG] 2025-02-28 09:49:23.577 [TestNG-test-ChromeTest-1] PackageRelationshipCollection - Parsing relationship: /xl/worksheets/_rels/sheet1.xml.rels
[DEBUG] 2025-02-28 09:49:23.578 [TestNG-test-ChromeTest-1] PackageRelationshipCollection - Parsing relationship: /_rels/.rels
[DEBUG] 2025-02-28 09:49:23.590 [TestNG-test-ChromeTest-1] PackageRelationshipCollection - Parsing relationship: /xl/_rels/workbook.xml.rels
[DEBUG] 2025-02-28 09:49:23.590 [TestNG-test-ChromeTest-1] PackageRelationshipCollection - Parsing relationship: /xl/worksheets/_rels/sheet1.xml.rels
[DEBUG] 2025-02-28 09:49:23.591 [TestNG-test-ChromeTest-1] PackageRelationshipCollection - Parsing relationship: /_rels/.rels
[DEBUG] 2025-02-28 09:49:23.603 [TestNG-test-ChromeTest-1] PackageRelationshipCollection - Parsing relationship: /xl/_rels/workbook.xml.rels
[DEBUG] 2025-02-28 09:49:23.603 [TestNG-test-ChromeTest-1] PackageRelationshipCollection - Parsing relationship: /xl/worksheets/_rels/sheet1.xml.rels
[DEBUG] 2025-02-28 09:49:23.604 [TestNG-test-ChromeTest-1] PackageRelationshipCollection - Parsing relationship: /_rels/.rels
[DEBUG] 2025-02-28 09:49:23.615 [TestNG-test-ChromeTest-1] PackageRelationshipCollection - Parsing relationship: /xl/_rels/workbook.xml.rels
[DEBUG] 2025-02-28 09:49:23.616 [TestNG-test-ChromeTest-1] PackageRelationshipCollection - Parsing relationship: /xl/worksheets/_rels/sheet1.xml.rels
[DEBUG] 2025-02-28 09:49:23.616 [TestNG-test-ChromeTest-1] PackageRelationshipCollection - Parsing relationship: /_rels/.rels
[DEBUG] 2025-02-28 09:53:22.767 [TestNG-test-ChromeTest-1] PackageRelationshipCollection - Parsing relationship: /xl/_rels/workbook.xml.rels
[DEBUG] 2025-02-28 09:53:22.775 [TestNG-test-ChromeTest-1] PackageRelationshipCollection - Parsing relationship: /xl/worksheets/_rels/sheet1.xml.rels
[DEBUG] 2025-02-28 09:53:22.779 [TestNG-test-ChromeTest-1] PackageRelationshipCollection - Parsing relationship: /_rels/.rels
[DEBUG] 2025-02-28 09:53:23.510 [TestNG-test-ChromeTest-1] PackageRelationshipCollection - Parsing relationship: /xl/_rels/workbook.xml.rels
[DEBUG] 2025-02-28 09:53:23.512 [TestNG-test-ChromeTest-1] PackageRelationshipCollection - Parsing relationship: /xl/worksheets/_rels/sheet1.xml.rels
[DEBUG] 2025-02-28 09:53:23.513 [TestNG-test-ChromeTest-1] PackageRelationshipCollection - Parsing relationship: /_rels/.rels
[DEBUG] 2025-02-28 09:53:23.544 [TestNG-test-ChromeTest-1] PackageRelationshipCollection - Parsing relationship: /xl/_rels/workbook.xml.rels
[DEBUG] 2025-02-28 09:53:23.545 [TestNG-test-ChromeTest-1] PackageRelationshipCollection - Parsing relationship: /xl/worksheets/_rels/sheet1.xml.rels
[DEBUG] 2025-02-28 09:53:23.546 [TestNG-test-ChromeTest-1] PackageRelationshipCollection - Parsing relationship: /_rels/.rels
[DEBUG] 2025-02-28 09:53:23.587 [TestNG-test-ChromeTest-1] PackageRelationshipCollection - Parsing relationship: /xl/_rels/workbook.xml.rels
[DEBUG] 2025-02-28 09:53:23.588 [TestNG-test-ChromeTest-1] PackageRelationshipCollection - Parsing relationship: /xl/worksheets/_rels/sheet1.xml.rels
[DEBUG] 2025-02-28 09:53:23.589 [TestNG-test-ChromeTest-1] PackageRelationshipCollection - Parsing relationship: /_rels/.rels
[DEBUG] 2025-02-28 09:53:23.617 [TestNG-test-ChromeTest-1] PackageRelationshipCollection - Parsing relationship: /xl/_rels/workbook.xml.rels
[DEBUG] 2025-02-28 09:53:23.617 [TestNG-test-ChromeTest-1] PackageRelationshipCollection - Parsing relationship: /xl/worksheets/_rels/sheet1.xml.rels
[DEBUG] 2025-02-28 09:53:23.618 [TestNG-test-ChromeTest-1] PackageRelationshipCollection - Parsing relationship: /_rels/.rels
[DEBUG] 2025-02-28 09:53:23.636 [TestNG-test-ChromeTest-1] PackageRelationshipCollection - Parsing relationship: /xl/_rels/workbook.xml.rels
[DEBUG] 2025-02-28 09:53:23.638 [TestNG-test-ChromeTest-1] PackageRelationshipCollection - Parsing relationship: /xl/worksheets/_rels/sheet1.xml.rels
[DEBUG] 2025-02-28 09:53:23.638 [TestNG-test-ChromeTest-1] PackageRelationshipCollection - Parsing relationship: /_rels/.rels
[DEBUG] 2025-02-28 09:53:23.661 [TestNG-test-ChromeTest-1] PackageRelationshipCollection - Parsing relationship: /xl/_rels/workbook.xml.rels
[DEBUG] 2025-02-28 09:53:23.661 [TestNG-test-ChromeTest-1] PackageRelationshipCollection - Parsing relationship: /xl/worksheets/_rels/sheet1.xml.rels
[DEBUG] 2025-02-28 09:53:23.662 [TestNG-test-ChromeTest-1] PackageRelationshipCollection - Parsing relationship: /_rels/.rels
[DEBUG] 2025-02-28 09:53:23.720 [TestNG-test-ChromeTest-1] PackageRelationshipCollection - Parsing relationship: /xl/_rels/workbook.xml.rels
[DEBUG] 2025-02-28 09:53:23.720 [TestNG-test-ChromeTest-1] PackageRelationshipCollection - Parsing relationship: /xl/worksheets/_rels/sheet1.xml.rels
[DEBUG] 2025-02-28 09:53:23.721 [TestNG-test-ChromeTest-1] PackageRelationshipCollection - Parsing relationship: /_rels/.rels
[DEBUG] 2025-02-28 09:53:23.756 [TestNG-test-ChromeTest-1] PackageRelationshipCollection - Parsing relationship: /xl/_rels/workbook.xml.rels
[DEBUG] 2025-02-28 09:53:23.758 [TestNG-test-ChromeTest-1] PackageRelationshipCollection - Parsing relationship: /xl/worksheets/_rels/sheet1.xml.rels
[DEBUG] 2025-02-28 09:53:23.758 [TestNG-test-ChromeTest-1] PackageRelationshipCollection - Parsing relationship: /_rels/.rels
[DEBUG] 2025-02-28 09:53:23.776 [TestNG-test-ChromeTest-1] PackageRelationshipCollection - Parsing relationship: /xl/_rels/workbook.xml.rels
[DEBUG] 2025-02-28 09:53:23.777 [TestNG-test-ChromeTest-1] PackageRelationshipCollection - Parsing relationship: /xl/worksheets/_rels/sheet1.xml.rels
[DEBUG] 2025-02-28 09:53:23.777 [TestNG-test-ChromeTest-1] PackageRelationshipCollection - Parsing relationship: /_rels/.rels
[DEBUG] 2025-02-28 09:53:23.797 [TestNG-test-ChromeTest-1] PackageRelationshipCollection - Parsing relationship: /xl/_rels/workbook.xml.rels
[DEBUG] 2025-02-28 09:53:23.798 [TestNG-test-ChromeTest-1] PackageRelationshipCollection - Parsing relationship: /xl/worksheets/_rels/sheet1.xml.rels
[DEBUG] 2025-02-28 09:53:23.799 [TestNG-test-ChromeTest-1] PackageRelationshipCollection - Parsing relationship: /_rels/.rels
[DEBUG] 2025-02-28 09:53:23.818 [TestNG-test-ChromeTest-1] PackageRelationshipCollection - Parsing relationship: /xl/_rels/workbook.xml.rels
[DEBUG] 2025-02-28 09:53:23.819 [TestNG-test-ChromeTest-1] PackageRelationshipCollection - Parsing relationship: /xl/worksheets/_rels/sheet1.xml.rels
[DEBUG] 2025-02-28 09:53:23.820 [TestNG-test-ChromeTest-1] PackageRelationshipCollection - Parsing relationship: /_rels/.rels
[DEBUG] 2025-02-28 09:53:23.837 [TestNG-test-ChromeTest-1] PackageRelationshipCollection - Parsing relationship: /xl/_rels/workbook.xml.rels
[DEBUG] 2025-02-28 09:53:23.839 [TestNG-test-ChromeTest-1] PackageRelationshipCollection - Parsing relationship: /xl/worksheets/_rels/sheet1.xml.rels
[DEBUG] 2025-02-28 09:53:23.839 [TestNG-test-ChromeTest-1] PackageRelationshipCollection - Parsing relationship: /_rels/.rels
[DEBUG] 2025-02-28 09:53:23.857 [TestNG-test-ChromeTest-1] PackageRelationshipCollection - Parsing relationship: /xl/_rels/workbook.xml.rels
[DEBUG] 2025-02-28 09:53:23.858 [TestNG-test-ChromeTest-1] PackageRelationshipCollection - Parsing relationship: /xl/worksheets/_rels/sheet1.xml.rels
[DEBUG] 2025-02-28 09:53:23.858 [TestNG-test-ChromeTest-1] PackageRelationshipCollection - Parsing relationship: /_rels/.rels
[DEBUG] 2025-02-28 09:53:23.878 [TestNG-test-ChromeTest-1] PackageRelationshipCollection - Parsing relationship: /xl/_rels/workbook.xml.rels
[DEBUG] 2025-02-28 09:53:23.879 [TestNG-test-ChromeTest-1] PackageRelationshipCollection - Parsing relationship: /xl/worksheets/_rels/sheet1.xml.rels
[DEBUG] 2025-02-28 09:53:23.879 [TestNG-test-ChromeTest-1] PackageRelationshipCollection - Parsing relationship: /_rels/.rels
[DEBUG] 2025-02-28 09:53:23.898 [TestNG-test-ChromeTest-1] PackageRelationshipCollection - Parsing relationship: /xl/_rels/workbook.xml.rels
[DEBUG] 2025-02-28 09:53:23.899 [TestNG-test-ChromeTest-1] PackageRelationshipCollection - Parsing relationship: /xl/worksheets/_rels/sheet1.xml.rels
[DEBUG] 2025-02-28 09:53:23.899 [TestNG-test-ChromeTest-1] PackageRelationshipCollection - Parsing relationship: /_rels/.rels
[DEBUG] 2025-02-28 09:53:23.926 [TestNG-test-ChromeTest-1] PackageRelationshipCollection - Parsing relationship: /xl/_rels/workbook.xml.rels
[DEBUG] 2025-02-28 09:53:23.927 [TestNG-test-ChromeTest-1] PackageRelationshipCollection - Parsing relationship: /xl/worksheets/_rels/sheet1.xml.rels
[DEBUG] 2025-02-28 09:53:23.928 [TestNG-test-ChromeTest-1] PackageRelationshipCollection - Parsing relationship: /_rels/.rels
[DEBUG] 2025-02-28 09:53:23.944 [TestNG-test-ChromeTest-1] PackageRelationshipCollection - Parsing relationship: /xl/_rels/workbook.xml.rels
[DEBUG] 2025-02-28 09:53:23.944 [TestNG-test-ChromeTest-1] PackageRelationshipCollection - Parsing relationship: /xl/worksheets/_rels/sheet1.xml.rels
[DEBUG] 2025-02-28 09:53:23.945 [TestNG-test-ChromeTest-1] PackageRelationshipCollection - Parsing relationship: /_rels/.rels
[DEBUG] 2025-02-28 09:53:23.966 [TestNG-test-ChromeTest-1] PackageRelationshipCollection - Parsing relationship: /xl/_rels/workbook.xml.rels
[DEBUG] 2025-02-28 09:53:23.967 [TestNG-test-ChromeTest-1] PackageRelationshipCollection - Parsing relationship: /xl/worksheets/_rels/sheet1.xml.rels
[DEBUG] 2025-02-28 09:53:23.967 [TestNG-test-ChromeTest-1] PackageRelationshipCollection - Parsing relationship: /_rels/.rels
[DEBUG] 2025-02-28 09:53:23.988 [TestNG-test-ChromeTest-1] PackageRelationshipCollection - Parsing relationship: /xl/_rels/workbook.xml.rels
[DEBUG] 2025-02-28 09:53:23.990 [TestNG-test-ChromeTest-1] PackageRelationshipCollection - Parsing relationship: /xl/worksheets/_rels/sheet1.xml.rels
[DEBUG] 2025-02-28 09:53:23.991 [TestNG-test-ChromeTest-1] PackageRelationshipCollection - Parsing relationship: /_rels/.rels
[DEBUG] 2025-02-28 09:53:24.021 [TestNG-test-ChromeTest-1] PackageRelationshipCollection - Parsing relationship: /xl/_rels/workbook.xml.rels
[DEBUG] 2025-02-28 09:53:24.022 [TestNG-test-ChromeTest-1] PackageRelationshipCollection - Parsing relationship: /xl/worksheets/_rels/sheet1.xml.rels
[DEBUG] 2025-02-28 09:53:24.024 [TestNG-test-ChromeTest-1] PackageRelationshipCollection - Parsing relationship: /_rels/.rels
[DEBUG] 2025-02-28 09:53:24.040 [TestNG-test-ChromeTest-1] PackageRelationshipCollection - Parsing relationship: /xl/_rels/workbook.xml.rels
[DEBUG] 2025-02-28 09:53:24.041 [TestNG-test-ChromeTest-1] PackageRelationshipCollection - Parsing relationship: /xl/worksheets/_rels/sheet1.xml.rels
[DEBUG] 2025-02-28 09:53:24.043 [TestNG-test-ChromeTest-1] PackageRelationshipCollection - Parsing relationship: /_rels/.rels
[DEBUG] 2025-02-28 09:53:24.059 [TestNG-test-ChromeTest-1] PackageRelationshipCollection - Parsing relationship: /xl/_rels/workbook.xml.rels
[DEBUG] 2025-02-28 09:53:24.060 [TestNG-test-ChromeTest-1] PackageRelationshipCollection - Parsing relationship: /xl/worksheets/_rels/sheet1.xml.rels
[DEBUG] 2025-02-28 09:53:24.060 [TestNG-test-ChromeTest-1] PackageRelationshipCollection - Parsing relationship: /_rels/.rels
[DEBUG] 2025-02-28 09:53:24.080 [TestNG-test-ChromeTest-1] PackageRelationshipCollection - Parsing relationship: /xl/_rels/workbook.xml.rels
[DEBUG] 2025-02-28 09:53:24.081 [TestNG-test-ChromeTest-1] PackageRelationshipCollection - Parsing relationship: /xl/worksheets/_rels/sheet1.xml.rels
[DEBUG] 2025-02-28 09:53:24.082 [TestNG-test-ChromeTest-1] PackageRelationshipCollection - Parsing relationship: /_rels/.rels
[DEBUG] 2025-02-28 09:53:24.102 [TestNG-test-ChromeTest-1] PackageRelationshipCollection - Parsing relationship: /xl/_rels/workbook.xml.rels
[DEBUG] 2025-02-28 09:53:24.103 [TestNG-test-ChromeTest-1] PackageRelationshipCollection - Parsing relationship: /xl/worksheets/_rels/sheet1.xml.rels
[DEBUG] 2025-02-28 09:53:24.104 [TestNG-test-ChromeTest-1] PackageRelationshipCollection - Parsing relationship: /_rels/.rels
[DEBUG] 2025-02-28 09:53:24.119 [TestNG-test-ChromeTest-1] PackageRelationshipCollection - Parsing relationship: /xl/_rels/workbook.xml.rels
[DEBUG] 2025-02-28 09:53:24.120 [TestNG-test-ChromeTest-1] PackageRelationshipCollection - Parsing relationship: /xl/worksheets/_rels/sheet1.xml.rels
[DEBUG] 2025-02-28 09:53:24.122 [TestNG-test-ChromeTest-1] PackageRelationshipCollection - Parsing relationship: /_rels/.rels
[DEBUG] 2025-02-28 09:53:24.150 [TestNG-test-ChromeTest-1] PackageRelationshipCollection - Parsing relationship: /xl/_rels/workbook.xml.rels
[DEBUG] 2025-02-28 09:53:24.150 [TestNG-test-ChromeTest-1] PackageRelationshipCollection - Parsing relationship: /xl/worksheets/_rels/sheet1.xml.rels
[DEBUG] 2025-02-28 09:53:24.151 [TestNG-test-ChromeTest-1] PackageRelationshipCollection - Parsing relationship: /_rels/.rels
[DEBUG] 2025-02-28 09:53:24.168 [TestNG-test-ChromeTest-1] PackageRelationshipCollection - Parsing relationship: /xl/_rels/workbook.xml.rels
[DEBUG] 2025-02-28 09:53:24.169 [TestNG-test-ChromeTest-1] PackageRelationshipCollection - Parsing relationship: /xl/worksheets/_rels/sheet1.xml.rels
[DEBUG] 2025-02-28 09:53:24.169 [TestNG-test-ChromeTest-1] PackageRelationshipCollection - Parsing relationship: /_rels/.rels
[DEBUG] 2025-02-28 09:53:24.186 [TestNG-test-ChromeTest-1] PackageRelationshipCollection - Parsing relationship: /xl/_rels/workbook.xml.rels
[DEBUG] 2025-02-28 09:53:24.187 [TestNG-test-ChromeTest-1] PackageRelationshipCollection - Parsing relationship: /xl/worksheets/_rels/sheet1.xml.rels
[DEBUG] 2025-02-28 09:53:24.187 [TestNG-test-ChromeTest-1] PackageRelationshipCollection - Parsing relationship: /_rels/.rels
[INFO ] 2025-02-28 09:53:24.227 [TestNG-test-ChromeTest-1] TC_0003_Validate_login_DDT - *******************starting TC_0003_Validate_login_DDT*************************
[INFO ] 2025-02-28 09:53:26.585 [TestNG-test-ChromeTest-1] TC_0003_Validate_login_DDT - *******************starting TC_0003_Validate_login_DDT*************************
[INFO ] 2025-02-28 09:53:26.594 [TestNG-test-ChromeTest-1] TC_0003_Validate_login_DDT - *******************starting TC_0003_Validate_login_DDT*************************
[INFO ] 2025-02-28 09:53:38.385 [TestNG-test-ChromeTest-1] TC_0003_Validate_login_DDT - *******************starting TC_0003_Validate_login_DDT*************************
[INFO ] 2025-02-28 09:53:38.389 [TestNG-test-ChromeTest-1] TC_0003_Validate_login_DDT - *******************starting TC_0003_Validate_login_DDT*************************
[INFO ] 2025-02-28 09:53:50.401 [TestNG-test-ChromeTest-1] TC_0003_Validate_login_DDT - *******************starting TC_0003_Validate_login_DDT*************************
[INFO ] 2025-02-28 09:53:50.405 [TestNG-test-ChromeTest-1] TC_0003_Validate_login_DDT - *******************starting TC_0003_Validate_login_DDT*************************
[INFO ] 2025-02-28 09:54:02.875 [TestNG-test-ChromeTest-1] TC_0003_Validate_login_DDT - *******************starting TC_0003_Validate_login_DDT*************************
[INFO ] 2025-02-28 09:54:02.879 [TestNG-test-ChromeTest-1] TC_0003_Validate_login_DDT - *******************starting TC_0003_Validate_login_DDT*************************
[INFO ] 2025-02-28 09:54:14.641 [TestNG-test-ChromeTest-1] TC_0003_Validate_login_DDT - *******************starting TC_0003_Validate_login_DDT*************************
[INFO ] 2025-02-28 09:54:14.647 [TestNG-test-ChromeTest-1] TC_0003_Validate_login_DDT - *******************starting TC_0003_Validate_login_DDT*************************
[INFO ] 2025-02-28 09:54:17.597 [TestNG-test-ChromeTest-1] TC_0003_Validate_login_DDT - *******************starting TC_0003_Validate_login_DDT*************************
[INFO ] 2025-02-28 09:54:17.604 [TestNG-test-ChromeTest-1] TC_0003_Validate_login_DDT - *******************starting TC_0003_Validate_login_DDT*************************
[INFO ] 2025-02-28 09:54:20.118 [TestNG-test-ChromeTest-1] TC_0003_Validate_login_DDT - *******************starting TC_0003_Validate_login_DDT*************************
[INFO ] 2025-02-28 09:54:20.123 [TestNG-test-ChromeTest-1] TC_0003_Validate_login_DDT - *******************starting TC_0003_Validate_login_DDT*************************
[INFO ] 2025-02-28 09:54:31.975 [TestNG-test-ChromeTest-1] TC_0003_Validate_login_DDT - *******************starting TC_0003_Validate_login_DDT*************************
[INFO ] 2025-02-28 09:54:31.981 [TestNG-test-ChromeTest-1] TC_0003_Validate_login_DDT - *******************starting TC_0003_Validate_login_DDT*************************
[INFO ] 2025-02-28 09:54:43.482 [TestNG-test-ChromeTest-1] TC_0003_Validate_login_DDT - *******************starting TC_0003_Validate_login_DDT*************************
[DEBUG] 2025-02-28 10:01:54.664 [TestNG-test-ChromeTest-1] PackageRelationshipCollection - Parsing relationship: /xl/_rels/workbook.xml.rels
[DEBUG] 2025-02-28 10:01:54.668 [TestNG-test-ChromeTest-1] PackageRelationshipCollection - Parsing relationship: /xl/worksheets/_rels/sheet1.xml.rels
[DEBUG] 2025-02-28 10:01:54.669 [TestNG-test-ChromeTest-1] PackageRelationshipCollection - Parsing relationship: /_rels/.rels
[DEBUG] 2025-02-28 10:01:55.243 [TestNG-test-ChromeTest-1] PackageRelationshipCollection - Parsing relationship: /xl/_rels/workbook.xml.rels
[DEBUG] 2025-02-28 10:01:55.245 [TestNG-test-ChromeTest-1] PackageRelationshipCollection - Parsing relationship: /xl/worksheets/_rels/sheet1.xml.rels
[DEBUG] 2025-02-28 10:01:55.247 [TestNG-test-ChromeTest-1] PackageRelationshipCollection - Parsing relationship: /_rels/.rels
[DEBUG] 2025-02-28 10:01:55.276 [TestNG-test-ChromeTest-1] PackageRelationshipCollection - Parsing relationship: /xl/_rels/workbook.xml.rels
[DEBUG] 2025-02-28 10:01:55.277 [TestNG-test-ChromeTest-1] PackageRelationshipCollection - Parsing relationship: /xl/worksheets/_rels/sheet1.xml.rels
[DEBUG] 2025-02-28 10:01:55.278 [TestNG-test-ChromeTest-1] PackageRelationshipCollection - Parsing relationship: /_rels/.rels
[DEBUG] 2025-02-28 10:01:55.317 [TestNG-test-ChromeTest-1] PackageRelationshipCollection - Parsing relationship: /xl/_rels/workbook.xml.rels
[DEBUG] 2025-02-28 10:01:55.318 [TestNG-test-ChromeTest-1] PackageRelationshipCollection - Parsing relationship: /xl/worksheets/_rels/sheet1.xml.rels
[DEBUG] 2025-02-28 10:01:55.319 [TestNG-test-ChromeTest-1] PackageRelationshipCollection - Parsing relationship: /_rels/.rels
[DEBUG] 2025-02-28 10:01:55.343 [TestNG-test-ChromeTest-1] PackageRelationshipCollection - Parsing relationship: /xl/_rels/workbook.xml.rels
[DEBUG] 2025-02-28 10:01:55.344 [TestNG-test-ChromeTest-1] PackageRelationshipCollection - Parsing relationship: /xl/worksheets/_rels/sheet1.xml.rels
[DEBUG] 2025-02-28 10:01:55.345 [TestNG-test-ChromeTest-1] PackageRelationshipCollection - Parsing relationship: /_rels/.rels
[DEBUG] 2025-02-28 10:01:55.365 [TestNG-test-ChromeTest-1] PackageRelationshipCollection - Parsing relationship: /xl/_rels/workbook.xml.rels
[DEBUG] 2025-02-28 10:01:55.366 [TestNG-test-ChromeTest-1] PackageRelationshipCollection - Parsing relationship: /xl/worksheets/_rels/sheet1.xml.rels
[DEBUG] 2025-02-28 10:01:55.367 [TestNG-test-ChromeTest-1] PackageRelationshipCollection - Parsing relationship: /_rels/.rels
[DEBUG] 2025-02-28 10:01:55.389 [TestNG-test-ChromeTest-1] PackageRelationshipCollection - Parsing relationship: /xl/_rels/workbook.xml.rels
[DEBUG] 2025-02-28 10:01:55.390 [TestNG-test-ChromeTest-1] PackageRelationshipCollection - Parsing relationship: /xl/worksheets/_rels/sheet1.xml.rels
[DEBUG] 2025-02-28 10:01:55.390 [TestNG-test-ChromeTest-1] PackageRelationshipCollection - Parsing relationship: /_rels/.rels
[DEBUG] 2025-02-28 10:01:55.438 [TestNG-test-ChromeTest-1] PackageRelationshipCollection - Parsing relationship: /xl/_rels/workbook.xml.rels
[DEBUG] 2025-02-28 10:01:55.439 [TestNG-test-ChromeTest-1] PackageRelationshipCollection - Parsing relationship: /xl/worksheets/_rels/sheet1.xml.rels
[DEBUG] 2025-02-28 10:01:55.439 [TestNG-test-ChromeTest-1] PackageRelationshipCollection - Parsing relationship: /_rels/.rels
[DEBUG] 2025-02-28 10:01:55.462 [TestNG-test-ChromeTest-1] PackageRelationshipCollection - Parsing relationship: /xl/_rels/workbook.xml.rels
[DEBUG] 2025-02-28 10:01:55.463 [TestNG-test-ChromeTest-1] PackageRelationshipCollection - Parsing relationship: /xl/worksheets/_rels/sheet1.xml.rels
[DEBUG] 2025-02-28 10:01:55.464 [TestNG-test-ChromeTest-1] PackageRelationshipCollection - Parsing relationship: /_rels/.rels
[DEBUG] 2025-02-28 10:01:55.481 [TestNG-test-ChromeTest-1] PackageRelationshipCollection - Parsing relationship: /xl/_rels/workbook.xml.rels
[DEBUG] 2025-02-28 10:01:55.483 [TestNG-test-ChromeTest-1] PackageRelationshipCollection - Parsing relationship: /xl/worksheets/_rels/sheet1.xml.rels
[DEBUG] 2025-02-28 10:01:55.483 [TestNG-test-ChromeTest-1] PackageRelationshipCollection - Parsing relationship: /_rels/.rels
[DEBUG] 2025-02-28 10:01:55.504 [TestNG-test-ChromeTest-1] PackageRelationshipCollection - Parsing relationship: /xl/_rels/workbook.xml.rels
[DEBUG] 2025-02-28 10:01:55.505 [TestNG-test-ChromeTest-1] PackageRelationshipCollection - Parsing relationship: /xl/worksheets/_rels/sheet1.xml.rels
[DEBUG] 2025-02-28 10:01:55.506 [TestNG-test-ChromeTest-1] PackageRelationshipCollection - Parsing relationship: /_rels/.rels
[DEBUG] 2025-02-28 10:01:55.523 [TestNG-test-ChromeTest-1] PackageRelationshipCollection - Parsing relationship: /xl/_rels/workbook.xml.rels
[DEBUG] 2025-02-28 10:01:55.524 [TestNG-test-ChromeTest-1] PackageRelationshipCollection - Parsing relationship: /xl/worksheets/_rels/sheet1.xml.rels
[DEBUG] 2025-02-28 10:01:55.524 [TestNG-test-ChromeTest-1] PackageRelationshipCollection - Parsing relationship: /_rels/.rels
[DEBUG] 2025-02-28 10:01:55.539 [TestNG-test-ChromeTest-1] PackageRelationshipCollection - Parsing relationship: /xl/_rels/workbook.xml.rels
[DEBUG] 2025-02-28 10:01:55.539 [TestNG-test-ChromeTest-1] PackageRelationshipCollection - Parsing relationship: /xl/worksheets/_rels/sheet1.xml.rels
[DEBUG] 2025-02-28 10:01:55.540 [TestNG-test-ChromeTest-1] PackageRelationshipCollection - Parsing relationship: /_rels/.rels
[DEBUG] 2025-02-28 10:01:55.557 [TestNG-test-ChromeTest-1] PackageRelationshipCollection - Parsing relationship: /xl/_rels/workbook.xml.rels
[DEBUG] 2025-02-28 10:01:55.557 [TestNG-test-ChromeTest-1] PackageRelationshipCollection - Parsing relationship: /xl/worksheets/_rels/sheet1.xml.rels
[DEBUG] 2025-02-28 10:01:55.558 [TestNG-test-ChromeTest-1] PackageRelationshipCollection - Parsing relationship: /_rels/.rels
[DEBUG] 2025-02-28 10:01:55.574 [TestNG-test-ChromeTest-1] PackageRelationshipCollection - Parsing relationship: /xl/_rels/workbook.xml.rels
[DEBUG] 2025-02-28 10:01:55.575 [TestNG-test-ChromeTest-1] PackageRelationshipCollection - Parsing relationship: /xl/worksheets/_rels/sheet1.xml.rels
[DEBUG] 2025-02-28 10:01:55.575 [TestNG-test-ChromeTest-1] PackageRelationshipCollection - Parsing relationship: /_rels/.rels
[DEBUG] 2025-02-28 10:01:55.590 [TestNG-test-ChromeTest-1] PackageRelationshipCollection - Parsing relationship: /xl/_rels/workbook.xml.rels
[DEBUG] 2025-02-28 10:01:55.591 [TestNG-test-ChromeTest-1] PackageRelationshipCollection - Parsing relationship: /xl/worksheets/_rels/sheet1.xml.rels
[DEBUG] 2025-02-28 10:01:55.592 [TestNG-test-ChromeTest-1] PackageRelationshipCollection - Parsing relationship: /_rels/.rels
[DEBUG] 2025-02-28 10:01:55.617 [TestNG-test-ChromeTest-1] PackageRelationshipCollection - Parsing relationship: /xl/_rels/workbook.xml.rels
[DEBUG] 2025-02-28 10:01:55.618 [TestNG-test-ChromeTest-1] PackageRelationshipCollection - Parsing relationship: /xl/worksheets/_rels/sheet1.xml.rels
[DEBUG] 2025-02-28 10:01:55.618 [TestNG-test-ChromeTest-1] PackageRelationshipCollection - Parsing relationship: /_rels/.rels
[DEBUG] 2025-02-28 10:01:55.633 [TestNG-test-ChromeTest-1] PackageRelationshipCollection - Parsing relationship: /xl/_rels/workbook.xml.rels
[DEBUG] 2025-02-28 10:01:55.633 [TestNG-test-ChromeTest-1] PackageRelationshipCollection - Parsing relationship: /xl/worksheets/_rels/sheet1.xml.rels
[DEBUG] 2025-02-28 10:01:55.634 [TestNG-test-ChromeTest-1] PackageRelationshipCollection - Parsing relationship: /_rels/.rels
[DEBUG] 2025-02-28 10:01:55.649 [TestNG-test-ChromeTest-1] PackageRelationshipCollection - Parsing relationship: /xl/_rels/workbook.xml.rels
[DEBUG] 2025-02-28 10:01:55.650 [TestNG-test-ChromeTest-1] PackageRelationshipCollection - Parsing relationship: /xl/worksheets/_rels/sheet1.xml.rels
[DEBUG] 2025-02-28 10:01:55.650 [TestNG-test-ChromeTest-1] PackageRelationshipCollection - Parsing relationship: /_rels/.rels
[DEBUG] 2025-02-28 10:01:55.667 [TestNG-test-ChromeTest-1] PackageRelationshipCollection - Parsing relationship: /xl/_rels/workbook.xml.rels
[DEBUG] 2025-02-28 10:01:55.668 [TestNG-test-ChromeTest-1] PackageRelationshipCollection - Parsing relationship: /xl/worksheets/_rels/sheet1.xml.rels
[DEBUG] 2025-02-28 10:01:55.668 [TestNG-test-ChromeTest-1] PackageRelationshipCollection - Parsing relationship: /_rels/.rels
[DEBUG] 2025-02-28 10:01:55.683 [TestNG-test-ChromeTest-1] PackageRelationshipCollection - Parsing relationship: /xl/_rels/workbook.xml.rels
[DEBUG] 2025-02-28 10:01:55.683 [TestNG-test-ChromeTest-1] PackageRelationshipCollection - Parsing relationship: /xl/worksheets/_rels/sheet1.xml.rels
[DEBUG] 2025-02-28 10:01:55.684 [TestNG-test-ChromeTest-1] PackageRelationshipCollection - Parsing relationship: /_rels/.rels
[DEBUG] 2025-02-28 10:01:55.699 [TestNG-test-ChromeTest-1] PackageRelationshipCollection - Parsing relationship: /xl/_rels/workbook.xml.rels
[DEBUG] 2025-02-28 10:01:55.700 [TestNG-test-ChromeTest-1] PackageRelationshipCollection - Parsing relationship: /xl/worksheets/_rels/sheet1.xml.rels
[DEBUG] 2025-02-28 10:01:55.701 [TestNG-test-ChromeTest-1] PackageRelationshipCollection - Parsing relationship: /_rels/.rels
[DEBUG] 2025-02-28 10:01:55.718 [TestNG-test-ChromeTest-1] PackageRelationshipCollection - Parsing relationship: /xl/_rels/workbook.xml.rels
[DEBUG] 2025-02-28 10:01:55.719 [TestNG-test-ChromeTest-1] PackageRelationshipCollection - Parsing relationship: /xl/worksheets/_rels/sheet1.xml.rels
[DEBUG] 2025-02-28 10:01:55.720 [TestNG-test-ChromeTest-1] PackageRelationshipCollection - Parsing relationship: /_rels/.rels
[DEBUG] 2025-02-28 10:01:55.737 [TestNG-test-ChromeTest-1] PackageRelationshipCollection - Parsing relationship: /xl/_rels/workbook.xml.rels
[DEBUG] 2025-02-28 10:01:55.737 [TestNG-test-ChromeTest-1] PackageRelationshipCollection - Parsing relationship: /xl/worksheets/_rels/sheet1.xml.rels
[DEBUG] 2025-02-28 10:01:55.738 [TestNG-test-ChromeTest-1] PackageRelationshipCollection - Parsing relationship: /_rels/.rels
[DEBUG] 2025-02-28 10:01:55.754 [TestNG-test-ChromeTest-1] PackageRelationshipCollection - Parsing relationship: /xl/_rels/workbook.xml.rels
[DEBUG] 2025-02-28 10:01:55.755 [TestNG-test-ChromeTest-1] PackageRelationshipCollection - Parsing relationship: /xl/worksheets/_rels/sheet1.xml.rels
[DEBUG] 2025-02-28 10:01:55.755 [TestNG-test-ChromeTest-1] PackageRelationshipCollection - Parsing relationship: /_rels/.rels
[DEBUG] 2025-02-28 10:01:55.774 [TestNG-test-ChromeTest-1] PackageRelationshipCollection - Parsing relationship: /xl/_rels/workbook.xml.rels
[DEBUG] 2025-02-28 10:01:55.775 [TestNG-test-ChromeTest-1] PackageRelationshipCollection - Parsing relationship: /xl/worksheets/_rels/sheet1.xml.rels
[DEBUG] 2025-02-28 10:01:55.776 [TestNG-test-ChromeTest-1] PackageRelationshipCollection - Parsing relationship: /_rels/.rels
[DEBUG] 2025-02-28 10:01:55.789 [TestNG-test-ChromeTest-1] PackageRelationshipCollection - Parsing relationship: /xl/_rels/workbook.xml.rels
[DEBUG] 2025-02-28 10:01:55.790 [TestNG-test-ChromeTest-1] PackageRelationshipCollection - Parsing relationship: /xl/worksheets/_rels/sheet1.xml.rels
[DEBUG] 2025-02-28 10:01:55.791 [TestNG-test-ChromeTest-1] PackageRelationshipCollection - Parsing relationship: /_rels/.rels
[DEBUG] 2025-02-28 10:01:55.807 [TestNG-test-ChromeTest-1] PackageRelationshipCollection - Parsing relationship: /xl/_rels/workbook.xml.rels
[DEBUG] 2025-02-28 10:01:55.808 [TestNG-test-ChromeTest-1] PackageRelationshipCollection - Parsing relationship: /xl/worksheets/_rels/sheet1.xml.rels
[DEBUG] 2025-02-28 10:01:55.809 [TestNG-test-ChromeTest-1] PackageRelationshipCollection - Parsing relationship: /_rels/.rels
[DEBUG] 2025-02-28 10:01:55.824 [TestNG-test-ChromeTest-1] PackageRelationshipCollection - Parsing relationship: /xl/_rels/workbook.xml.rels
[DEBUG] 2025-02-28 10:01:55.825 [TestNG-test-ChromeTest-1] PackageRelationshipCollection - Parsing relationship: /xl/worksheets/_rels/sheet1.xml.rels
[DEBUG] 2025-02-28 10:01:55.826 [TestNG-test-ChromeTest-1] PackageRelationshipCollection - Parsing relationship: /_rels/.rels
[INFO ] 2025-02-28 10:01:55.869 [TestNG-test-ChromeTest-1] TC_0003_Validate_login_DDT - *******************starting TC_0003_Validate_login_DDT*************************
[INFO ] 2025-02-28 10:01:58.269 [TestNG-test-ChromeTest-1] TC_0003_Validate_login_DDT - *******************starting TC_0003_Validate_login_DDT*************************
[INFO ] 2025-02-28 10:01:58.277 [TestNG-test-ChromeTest-1] TC_0003_Validate_login_DDT - *******************starting TC_0003_Validate_login_DDT*************************
[INFO ] 2025-02-28 10:02:09.913 [TestNG-test-ChromeTest-1] TC_0003_Validate_login_DDT - *******************starting TC_0003_Validate_login_DDT*************************
[INFO ] 2025-02-28 10:02:09.919 [TestNG-test-ChromeTest-1] TC_0003_Validate_login_DDT - *******************starting TC_0003_Validate_login_DDT*************************
[INFO ] 2025-02-28 10:02:21.967 [TestNG-test-ChromeTest-1] TC_0003_Validate_login_DDT - *******************starting TC_0003_Validate_login_DDT*************************
[INFO ] 2025-02-28 10:02:21.974 [TestNG-test-ChromeTest-1] TC_0003_Validate_login_DDT - *******************starting TC_0003_Validate_login_DDT*************************
[INFO ] 2025-02-28 10:02:34.046 [TestNG-test-ChromeTest-1] TC_0003_Validate_login_DDT - *******************starting TC_0003_Validate_login_DDT*************************
[INFO ] 2025-02-28 10:02:34.053 [TestNG-test-ChromeTest-1] TC_0003_Validate_login_DDT - *******************starting TC_0003_Validate_login_DDT*************************
[INFO ] 2025-02-28 10:02:45.978 [TestNG-test-ChromeTest-1] TC_0003_Validate_login_DDT - *******************starting TC_0003_Validate_login_DDT*************************
[INFO ] 2025-02-28 10:02:45.983 [TestNG-test-ChromeTest-1] TC_0003_Validate_login_DDT - *******************starting TC_0003_Validate_login_DDT*************************
[INFO ] 2025-02-28 10:02:48.978 [TestNG-test-ChromeTest-1] TC_0003_Validate_login_DDT - *******************starting TC_0003_Validate_login_DDT*************************
[INFO ] 2025-02-28 10:02:48.986 [TestNG-test-ChromeTest-1] TC_0003_Validate_login_DDT - *******************starting TC_0003_Validate_login_DDT*************************
[INFO ] 2025-02-28 10:02:51.805 [TestNG-test-ChromeTest-1] TC_0003_Validate_login_DDT - *******************starting TC_0003_Validate_login_DDT*************************
[INFO ] 2025-02-28 10:02:51.809 [TestNG-test-ChromeTest-1] TC_0003_Validate_login_DDT - *******************starting TC_0003_Validate_login_DDT*************************
[INFO ] 2025-02-28 10:03:03.747 [TestNG-test-ChromeTest-1] TC_0003_Validate_login_DDT - *******************starting TC_0003_Validate_login_DDT*************************
[INFO ] 2025-02-28 10:03:03.754 [TestNG-test-ChromeTest-1] TC_0003_Validate_login_DDT - *******************starting TC_0003_Validate_login_DDT*************************
[INFO ] 2025-02-28 10:03:15.293 [TestNG-test-ChromeTest-1] TC_0003_Validate_login_DDT - *******************starting TC_0003_Validate_login_DDT*************************
[DEBUG] 2025-02-28 10:04:48.366 [TestNG-test-ChromeTest-1] PackageRelationshipCollection - Parsing relationship: /xl/_rels/workbook.xml.rels
[DEBUG] 2025-02-28 10:04:48.372 [TestNG-test-ChromeTest-1] PackageRelationshipCollection - Parsing relationship: /xl/worksheets/_rels/sheet1.xml.rels
[DEBUG] 2025-02-28 10:04:48.373 [TestNG-test-ChromeTest-1] PackageRelationshipCollection - Parsing relationship: /_rels/.rels
[DEBUG] 2025-02-28 10:04:49.034 [TestNG-test-ChromeTest-1] PackageRelationshipCollection - Parsing relationship: /xl/_rels/workbook.xml.rels
[DEBUG] 2025-02-28 10:04:49.035 [TestNG-test-ChromeTest-1] PackageRelationshipCollection - Parsing relationship: /xl/worksheets/_rels/sheet1.xml.rels
[DEBUG] 2025-02-28 10:04:49.037 [TestNG-test-ChromeTest-1] PackageRelationshipCollection - Parsing relationship: /_rels/.rels
[DEBUG] 2025-02-28 10:04:49.066 [TestNG-test-ChromeTest-1] PackageRelationshipCollection - Parsing relationship: /xl/_rels/workbook.xml.rels
[DEBUG] 2025-02-28 10:04:49.067 [TestNG-test-ChromeTest-1] PackageRelationshipCollection - Parsing relationship: /xl/worksheets/_rels/sheet1.xml.rels
[DEBUG] 2025-02-28 10:04:49.068 [TestNG-test-ChromeTest-1] PackageRelationshipCollection - Parsing relationship: /_rels/.rels
[DEBUG] 2025-02-28 10:04:49.094 [TestNG-test-ChromeTest-1] PackageRelationshipCollection - Parsing relationship: /xl/_rels/workbook.xml.rels
[DEBUG] 2025-02-28 10:04:49.095 [TestNG-test-ChromeTest-1] PackageRelationshipCollection - Parsing relationship: /xl/worksheets/_rels/sheet1.xml.rels
[DEBUG] 2025-02-28 10:04:49.095 [TestNG-test-ChromeTest-1] PackageRelationshipCollection - Parsing relationship: /_rels/.rels
[DEBUG] 2025-02-28 10:04:49.117 [TestNG-test-ChromeTest-1] PackageRelationshipCollection - Parsing relationship: /xl/_rels/workbook.xml.rels
[DEBUG] 2025-02-28 10:04:49.119 [TestNG-test-ChromeTest-1] PackageRelationshipCollection - Parsing relationship: /xl/worksheets/_rels/sheet1.xml.rels
[DEBUG] 2025-02-28 10:04:49.119 [TestNG-test-ChromeTest-1] PackageRelationshipCollection - Parsing relationship: /_rels/.rels
[DEBUG] 2025-02-28 10:04:49.141 [TestNG-test-ChromeTest-1] PackageRelationshipCollection - Parsing relationship: /xl/_rels/workbook.xml.rels
[DEBUG] 2025-02-28 10:04:49.142 [TestNG-test-ChromeTest-1] PackageRelationshipCollection - Parsing relationship: /xl/worksheets/_rels/sheet1.xml.rels
[DEBUG] 2025-02-28 10:04:49.143 [TestNG-test-ChromeTest-1] PackageRelationshipCollection - Parsing relationship: /_rels/.rels
[DEBUG] 2025-02-28 10:04:49.164 [TestNG-test-ChromeTest-1] PackageRelationshipCollection - Parsing relationship: /xl/_rels/workbook.xml.rels
[DEBUG] 2025-02-28 10:04:49.165 [TestNG-test-ChromeTest-1] PackageRelationshipCollection - Parsing relationship: /xl/worksheets/_rels/sheet1.xml.rels
[DEBUG] 2025-02-28 10:04:49.166 [TestNG-test-ChromeTest-1] PackageRelationshipCollection - Parsing relationship: /_rels/.rels
[DEBUG] 2025-02-28 10:04:49.189 [TestNG-test-ChromeTest-1] PackageRelationshipCollection - Parsing relationship: /xl/_rels/workbook.xml.rels
[DEBUG] 2025-02-28 10:04:49.189 [TestNG-test-ChromeTest-1] PackageRelationshipCollection - Parsing relationship: /xl/worksheets/_rels/sheet1.xml.rels
[DEBUG] 2025-02-28 10:04:49.190 [TestNG-test-ChromeTest-1] PackageRelationshipCollection - Parsing relationship: /_rels/.rels
[DEBUG] 2025-02-28 10:04:49.218 [TestNG-test-ChromeTest-1] PackageRelationshipCollection - Parsing relationship: /xl/_rels/workbook.xml.rels
[DEBUG] 2025-02-28 10:04:49.219 [TestNG-test-ChromeTest-1] PackageRelationshipCollection - Parsing relationship: /xl/worksheets/_rels/sheet1.xml.rels
[DEBUG] 2025-02-28 10:04:49.221 [TestNG-test-ChromeTest-1] PackageRelationshipCollection - Parsing relationship: /_rels/.rels
[DEBUG] 2025-02-28 10:04:49.242 [TestNG-test-ChromeTest-1] PackageRelationshipCollection - Parsing relationship: /xl/_rels/workbook.xml.rels
[DEBUG] 2025-02-28 10:04:49.243 [TestNG-test-ChromeTest-1] PackageRelationshipCollection - Parsing relationship: /xl/worksheets/_rels/sheet1.xml.rels
[DEBUG] 2025-02-28 10:04:49.244 [TestNG-test-ChromeTest-1] PackageRelationshipCollection - Parsing relationship: /_rels/.rels
[DEBUG] 2025-02-28 10:04:49.262 [TestNG-test-ChromeTest-1] PackageRelationshipCollection - Parsing relationship: /xl/_rels/workbook.xml.rels
[DEBUG] 2025-02-28 10:04:49.262 [TestNG-test-ChromeTest-1] PackageRelationshipCollection - Parsing relationship: /xl/worksheets/_rels/sheet1.xml.rels
[DEBUG] 2025-02-28 10:04:49.263 [TestNG-test-ChromeTest-1] PackageRelationshipCollection - Parsing relationship: /_rels/.rels
[DEBUG] 2025-02-28 10:04:49.283 [TestNG-test-ChromeTest-1] PackageRelationshipCollection - Parsing relationship: /xl/_rels/workbook.xml.rels
[DEBUG] 2025-02-28 10:04:49.284 [TestNG-test-ChromeTest-1] PackageRelationshipCollection - Parsing relationship: /xl/worksheets/_rels/sheet1.xml.rels
[DEBUG] 2025-02-28 10:04:49.284 [TestNG-test-ChromeTest-1] PackageRelationshipCollection - Parsing relationship: /_rels/.rels
[DEBUG] 2025-02-28 10:04:49.302 [TestNG-test-ChromeTest-1] PackageRelationshipCollection - Parsing relationship: /xl/_rels/workbook.xml.rels
[DEBUG] 2025-02-28 10:04:49.303 [TestNG-test-ChromeTest-1] PackageRelationshipCollection - Parsing relationship: /xl/worksheets/_rels/sheet1.xml.rels
[DEBUG] 2025-02-28 10:04:49.304 [TestNG-test-ChromeTest-1] PackageRelationshipCollection - Parsing relationship: /_rels/.rels
[DEBUG] 2025-02-28 10:04:49.320 [TestNG-test-ChromeTest-1] PackageRelationshipCollection - Parsing relationship: /xl/_rels/workbook.xml.rels
[DEBUG] 2025-02-28 10:04:49.322 [TestNG-test-ChromeTest-1] PackageRelationshipCollection - Parsing relationship: /xl/worksheets/_rels/sheet1.xml.rels
[DEBUG] 2025-02-28 10:04:49.323 [TestNG-test-ChromeTest-1] PackageRelationshipCollection - Parsing relationship: /_rels/.rels
[DEBUG] 2025-02-28 10:04:49.339 [TestNG-test-ChromeTest-1] PackageRelationshipCollection - Parsing relationship: /xl/_rels/workbook.xml.rels
[DEBUG] 2025-02-28 10:04:49.340 [TestNG-test-ChromeTest-1] PackageRelationshipCollection - Parsing relationship: /xl/worksheets/_rels/sheet1.xml.rels
[DEBUG] 2025-02-28 10:04:49.340 [TestNG-test-ChromeTest-1] PackageRelationshipCollection - Parsing relationship: /_rels/.rels
[DEBUG] 2025-02-28 10:04:49.356 [TestNG-test-ChromeTest-1] PackageRelationshipCollection - Parsing relationship: /xl/_rels/workbook.xml.rels
[DEBUG] 2025-02-28 10:04:49.357 [TestNG-test-ChromeTest-1] PackageRelationshipCollection - Parsing relationship: /xl/worksheets/_rels/sheet1.xml.rels
[DEBUG] 2025-02-28 10:04:49.358 [TestNG-test-ChromeTest-1] PackageRelationshipCollection - Parsing relationship: /_rels/.rels
[DEBUG] 2025-02-28 10:04:49.388 [TestNG-test-ChromeTest-1] PackageRelationshipCollection - Parsing relationship: /xl/_rels/workbook.xml.rels
[DEBUG] 2025-02-28 10:04:49.389 [TestNG-test-ChromeTest-1] PackageRelationshipCollection - Parsing relationship: /xl/worksheets/_rels/sheet1.xml.rels
[DEBUG] 2025-02-28 10:04:49.389 [TestNG-test-ChromeTest-1] PackageRelationshipCollection - Parsing relationship: /_rels/.rels
[DEBUG] 2025-02-28 10:04:49.404 [TestNG-test-ChromeTest-1] PackageRelationshipCollection - Parsing relationship: /xl/_rels/workbook.xml.rels
[DEBUG] 2025-02-28 10:04:49.405 [TestNG-test-ChromeTest-1] PackageRelationshipCollection - Parsing relationship: /xl/worksheets/_rels/sheet1.xml.rels
[DEBUG] 2025-02-28 10:04:49.406 [TestNG-test-ChromeTest-1] PackageRelationshipCollection - Parsing relationship: /_rels/.rels
[DEBUG] 2025-02-28 10:04:49.424 [TestNG-test-ChromeTest-1] PackageRelationshipCollection - Parsing relationship: /xl/_rels/workbook.xml.rels
[DEBUG] 2025-02-28 10:04:49.425 [TestNG-test-ChromeTest-1] PackageRelationshipCollection - Parsing relationship: /xl/worksheets/_rels/sheet1.xml.rels
[DEBUG] 2025-02-28 10:04:49.425 [TestNG-test-ChromeTest-1] PackageRelationshipCollection - Parsing relationship: /_rels/.rels
[DEBUG] 2025-02-28 10:04:49.437 [TestNG-test-ChromeTest-1] PackageRelationshipCollection - Parsing relationship: /xl/_rels/workbook.xml.rels
[DEBUG] 2025-02-28 10:04:49.438 [TestNG-test-ChromeTest-1] PackageRelationshipCollection - Parsing relationship: /xl/worksheets/_rels/sheet1.xml.rels
[DEBUG] 2025-02-28 10:04:49.438 [TestNG-test-ChromeTest-1] PackageRelationshipCollection - Parsing relationship: /_rels/.rels
[DEBUG] 2025-02-28 10:04:49.451 [TestNG-test-ChromeTest-1] PackageRelationshipCollection - Parsing relationship: /xl/_rels/workbook.xml.rels
[DEBUG] 2025-02-28 10:04:49.451 [TestNG-test-ChromeTest-1] PackageRelationshipCollection - Parsing relationship: /xl/worksheets/_rels/sheet1.xml.rels
[DEBUG] 2025-02-28 10:04:49.452 [TestNG-test-ChromeTest-1] PackageRelationshipCollection - Parsing relationship: /_rels/.rels
[DEBUG] 2025-02-28 10:04:49.465 [TestNG-test-ChromeTest-1] PackageRelationshipCollection - Parsing relationship: /xl/_rels/workbook.xml.rels
[DEBUG] 2025-02-28 10:04:49.465 [TestNG-test-ChromeTest-1] PackageRelationshipCollection - Parsing relationship: /xl/worksheets/_rels/sheet1.xml.rels
[DEBUG] 2025-02-28 10:04:49.466 [TestNG-test-ChromeTest-1] PackageRelationshipCollection - Parsing relationship: /_rels/.rels
[DEBUG] 2025-02-28 10:04:49.477 [TestNG-test-ChromeTest-1] PackageRelationshipCollection - Parsing relationship: /xl/_rels/workbook.xml.rels
[DEBUG] 2025-02-28 10:04:49.478 [TestNG-test-ChromeTest-1] PackageRelationshipCollection - Parsing relationship: /xl/worksheets/_rels/sheet1.xml.rels
[DEBUG] 2025-02-28 10:04:49.479 [TestNG-test-ChromeTest-1] PackageRelationshipCollection - Parsing relationship: /_rels/.rels
[INFO ] 2025-02-28 10:04:49.524 [TestNG-test-ChromeTest-1] TC_0003_Validate_login_DDT - *******************starting TC_0003_Validate_login_DDT*************************
[INFO ] 2025-02-28 10:05:01.156 [TestNG-test-ChromeTest-1] TC_0003_Validate_login_DDT - *******************starting TC_0003_Validate_login_DDT*************************
[INFO ] 2025-02-28 10:05:01.164 [TestNG-test-ChromeTest-1] TC_0003_Validate_login_DDT - *******************starting TC_0003_Validate_login_DDT*************************
[INFO ] 2025-02-28 10:05:13.849 [TestNG-test-ChromeTest-1] TC_0003_Validate_login_DDT - *******************starting TC_0003_Validate_login_DDT*************************
[INFO ] 2025-02-28 10:05:13.854 [TestNG-test-ChromeTest-1] TC_0003_Validate_login_DDT - *******************starting TC_0003_Validate_login_DDT*************************
[INFO ] 2025-02-28 10:05:25.723 [TestNG-test-ChromeTest-1] TC_0003_Validate_login_DDT - *******************starting TC_0003_Validate_login_DDT*************************
[INFO ] 2025-02-28 10:05:25.727 [TestNG-test-ChromeTest-1] TC_0003_Validate_login_DDT - *******************starting TC_0003_Validate_login_DDT*************************
[INFO ] 2025-02-28 10:05:37.326 [TestNG-test-ChromeTest-1] TC_0003_Validate_login_DDT - *******************starting TC_0003_Validate_login_DDT*************************
[INFO ] 2025-02-28 10:05:37.331 [TestNG-test-ChromeTest-1] TC_0003_Validate_login_DDT - *******************starting TC_0003_Validate_login_DDT*************************
[INFO ] 2025-02-28 10:05:37.851 [TestNG-test-ChromeTest-1] TC_0003_Validate_login_DDT - *******************starting TC_0003_Validate_login_DDT*************************
[INFO ] 2025-02-28 10:05:37.882 [TestNG-test-ChromeTest-1] TC_0003_Validate_login_DDT - *******************starting TC_0003_Validate_login_DDT*************************
[DEBUG] 2025-02-28 10:08:28.908 [TestNG-test-ChromeTest-1] PackageRelationshipCollection - Parsing relationship: /xl/_rels/workbook.xml.rels
[DEBUG] 2025-02-28 10:08:28.920 [TestNG-test-ChromeTest-1] PackageRelationshipCollection - Parsing relationship: /xl/worksheets/_rels/sheet1.xml.rels
[DEBUG] 2025-02-28 10:08:28.922 [TestNG-test-ChromeTest-1] PackageRelationshipCollection - Parsing relationship: /_rels/.rels
[DEBUG] 2025-02-28 10:08:29.693 [TestNG-test-ChromeTest-1] PackageRelationshipCollection - Parsing relationship: /xl/_rels/workbook.xml.rels
[DEBUG] 2025-02-28 10:08:29.695 [TestNG-test-ChromeTest-1] PackageRelationshipCollection - Parsing relationship: /xl/worksheets/_rels/sheet1.xml.rels
[DEBUG] 2025-02-28 10:08:29.696 [TestNG-test-ChromeTest-1] PackageRelationshipCollection - Parsing relationship: /_rels/.rels
[DEBUG] 2025-02-28 10:08:29.723 [TestNG-test-ChromeTest-1] PackageRelationshipCollection - Parsing relationship: /xl/_rels/workbook.xml.rels
[DEBUG] 2025-02-28 10:08:29.724 [TestNG-test-ChromeTest-1] PackageRelationshipCollection - Parsing relationship: /xl/worksheets/_rels/sheet1.xml.rels
[DEBUG] 2025-02-28 10:08:29.725 [TestNG-test-ChromeTest-1] PackageRelationshipCollection - Parsing relationship: /_rels/.rels
[DEBUG] 2025-02-28 10:08:29.764 [TestNG-test-ChromeTest-1] PackageRelationshipCollection - Parsing relationship: /xl/_rels/workbook.xml.rels
[DEBUG] 2025-02-28 10:08:29.765 [TestNG-test-ChromeTest-1] PackageRelationshipCollection - Parsing relationship: /xl/worksheets/_rels/sheet1.xml.rels
[DEBUG] 2025-02-28 10:08:29.767 [TestNG-test-ChromeTest-1] PackageRelationshipCollection - Parsing relationship: /_rels/.rels
[DEBUG] 2025-02-28 10:08:29.797 [TestNG-test-ChromeTest-1] PackageRelationshipCollection - Parsing relationship: /xl/_rels/workbook.xml.rels
[DEBUG] 2025-02-28 10:08:29.798 [TestNG-test-ChromeTest-1] PackageRelationshipCollection - Parsing relationship: /xl/worksheets/_rels/sheet1.xml.rels
[DEBUG] 2025-02-28 10:08:29.799 [TestNG-test-ChromeTest-1] PackageRelationshipCollection - Parsing relationship: /_rels/.rels
[DEBUG] 2025-02-28 10:08:29.829 [TestNG-test-ChromeTest-1] PackageRelationshipCollection - Parsing relationship: /xl/_rels/workbook.xml.rels
[DEBUG] 2025-02-28 10:08:29.830 [TestNG-test-ChromeTest-1] PackageRelationshipCollection - Parsing relationship: /xl/worksheets/_rels/sheet1.xml.rels
[DEBUG] 2025-02-28 10:08:29.830 [TestNG-test-ChromeTest-1] PackageRelationshipCollection - Parsing relationship: /_rels/.rels
[DEBUG] 2025-02-28 10:08:29.853 [TestNG-test-ChromeTest-1] PackageRelationshipCollection - Parsing relationship: /xl/_rels/workbook.xml.rels
[DEBUG] 2025-02-28 10:08:29.853 [TestNG-test-ChromeTest-1] PackageRelationshipCollection - Parsing relationship: /xl/worksheets/_rels/sheet1.xml.rels
[DEBUG] 2025-02-28 10:08:29.854 [TestNG-test-ChromeTest-1] PackageRelationshipCollection - Parsing relationship: /_rels/.rels
[DEBUG] 2025-02-28 10:08:29.910 [TestNG-test-ChromeTest-1] PackageRelationshipCollection - Parsing relationship: /xl/_rels/workbook.xml.rels
[DEBUG] 2025-02-28 10:08:29.912 [TestNG-test-ChromeTest-1] PackageRelationshipCollection - Parsing relationship: /xl/worksheets/_rels/sheet1.xml.rels
[DEBUG] 2025-02-28 10:08:29.912 [TestNG-test-ChromeTest-1] PackageRelationshipCollection - Parsing relationship: /_rels/.rels
[DEBUG] 2025-02-28 10:08:29.940 [TestNG-test-ChromeTest-1] PackageRelationshipCollection - Parsing relationship: /xl/_rels/workbook.xml.rels
[DEBUG] 2025-02-28 10:08:29.941 [TestNG-test-ChromeTest-1] PackageRelationshipCollection - Parsing relationship: /xl/worksheets/_rels/sheet1.xml.rels
[DEBUG] 2025-02-28 10:08:29.942 [TestNG-test-ChromeTest-1] PackageRelationshipCollection - Parsing relationship: /_rels/.rels
[DEBUG] 2025-02-28 10:08:29.963 [TestNG-test-ChromeTest-1] PackageRelationshipCollection - Parsing relationship: /xl/_rels/workbook.xml.rels
[DEBUG] 2025-02-28 10:08:29.964 [TestNG-test-ChromeTest-1] PackageRelationshipCollection - Parsing relationship: /xl/worksheets/_rels/sheet1.xml.rels
[DEBUG] 2025-02-28 10:08:29.965 [TestNG-test-ChromeTest-1] PackageRelationshipCollection - Parsing relationship: /_rels/.rels
[DEBUG] 2025-02-28 10:08:29.986 [TestNG-test-ChromeTest-1] PackageRelationshipCollection - Parsing relationship: /xl/_rels/workbook.xml.rels
[DEBUG] 2025-02-28 10:08:29.987 [TestNG-test-ChromeTest-1] PackageRelationshipCollection - Parsing relationship: /xl/worksheets/_rels/sheet1.xml.rels
[DEBUG] 2025-02-28 10:08:29.987 [TestNG-test-ChromeTest-1] PackageRelationshipCollection - Parsing relationship: /_rels/.rels
[DEBUG] 2025-02-28 10:08:30.005 [TestNG-test-ChromeTest-1] PackageRelationshipCollection - Parsing relationship: /xl/_rels/workbook.xml.rels
[DEBUG] 2025-02-28 10:08:30.006 [TestNG-test-ChromeTest-1] PackageRelationshipCollection - Parsing relationship: /xl/worksheets/_rels/sheet1.xml.rels
[DEBUG] 2025-02-28 10:08:30.006 [TestNG-test-ChromeTest-1] PackageRelationshipCollection - Parsing relationship: /_rels/.rels
[DEBUG] 2025-02-28 10:08:30.022 [TestNG-test-ChromeTest-1] PackageRelationshipCollection - Parsing relationship: /xl/_rels/workbook.xml.rels
[DEBUG] 2025-02-28 10:08:30.023 [TestNG-test-ChromeTest-1] PackageRelationshipCollection - Parsing relationship: /xl/worksheets/_rels/sheet1.xml.rels
[DEBUG] 2025-02-28 10:08:30.023 [TestNG-test-ChromeTest-1] PackageRelationshipCollection - Parsing relationship: /_rels/.rels
[DEBUG] 2025-02-28 10:08:30.039 [TestNG-test-ChromeTest-1] PackageRelationshipCollection - Parsing relationship: /xl/_rels/workbook.xml.rels
[DEBUG] 2025-02-28 10:08:30.040 [TestNG-test-ChromeTest-1] PackageRelationshipCollection - Parsing relationship: /xl/worksheets/_rels/sheet1.xml.rels
[DEBUG] 2025-02-28 10:08:30.041 [TestNG-test-ChromeTest-1] PackageRelationshipCollection - Parsing relationship: /_rels/.rels
[DEBUG] 2025-02-28 10:08:30.055 [TestNG-test-ChromeTest-1] PackageRelationshipCollection - Parsing relationship: /xl/_rels/workbook.xml.rels
[DEBUG] 2025-02-28 10:08:30.056 [TestNG-test-ChromeTest-1] PackageRelationshipCollection - Parsing relationship: /xl/worksheets/_rels/sheet1.xml.rels
[DEBUG] 2025-02-28 10:08:30.056 [TestNG-test-ChromeTest-1] PackageRelationshipCollection - Parsing relationship: /_rels/.rels
[DEBUG] 2025-02-28 10:08:30.068 [TestNG-test-ChromeTest-1] PackageRelationshipCollection - Parsing relationship: /xl/_rels/workbook.xml.rels
[DEBUG] 2025-02-28 10:08:30.069 [TestNG-test-ChromeTest-1] PackageRelationshipCollection - Parsing relationship: /xl/worksheets/_rels/sheet1.xml.rels
[DEBUG] 2025-02-28 10:08:30.069 [TestNG-test-ChromeTest-1] PackageRelationshipCollection - Parsing relationship: /_rels/.rels
[DEBUG] 2025-02-28 10:08:30.093 [TestNG-test-ChromeTest-1] PackageRelationshipCollection - Parsing relationship: /xl/_rels/workbook.xml.rels
[DEBUG] 2025-02-28 10:08:30.094 [TestNG-test-ChromeTest-1] PackageRelationshipCollection - Parsing relationship: /xl/worksheets/_rels/sheet1.xml.rels
[DEBUG] 2025-02-28 10:08:30.094 [TestNG-test-ChromeTest-1] PackageRelationshipCollection - Parsing relationship: /_rels/.rels
[DEBUG] 2025-02-28 10:08:30.105 [TestNG-test-ChromeTest-1] PackageRelationshipCollection - Parsing relationship: /xl/_rels/workbook.xml.rels
[DEBUG] 2025-02-28 10:08:30.106 [TestNG-test-ChromeTest-1] PackageRelationshipCollection - Parsing relationship: /xl/worksheets/_rels/sheet1.xml.rels
[DEBUG] 2025-02-28 10:08:30.106 [TestNG-test-ChromeTest-1] PackageRelationshipCollection - Parsing relationship: /_rels/.rels
[DEBUG] 2025-02-28 10:08:30.117 [TestNG-test-ChromeTest-1] PackageRelationshipCollection - Parsing relationship: /xl/_rels/workbook.xml.rels
[DEBUG] 2025-02-28 10:08:30.118 [TestNG-test-ChromeTest-1] PackageRelationshipCollection - Parsing relationship: /xl/worksheets/_rels/sheet1.xml.rels
[DEBUG] 2025-02-28 10:08:30.118 [TestNG-test-ChromeTest-1] PackageRelationshipCollection - Parsing relationship: /_rels/.rels
[DEBUG] 2025-02-28 10:08:30.129 [TestNG-test-ChromeTest-1] PackageRelationshipCollection - Parsing relationship: /xl/_rels/workbook.xml.rels
[DEBUG] 2025-02-28 10:08:30.130 [TestNG-test-ChromeTest-1] PackageRelationshipCollection - Parsing relationship: /xl/worksheets/_rels/sheet1.xml.rels
[DEBUG] 2025-02-28 10:08:30.130 [TestNG-test-ChromeTest-1] PackageRelationshipCollection - Parsing relationship: /_rels/.rels
[DEBUG] 2025-02-28 10:08:30.140 [TestNG-test-ChromeTest-1] PackageRelationshipCollection - Parsing relationship: /xl/_rels/workbook.xml.rels
[DEBUG] 2025-02-28 10:08:30.141 [TestNG-test-ChromeTest-1] PackageRelationshipCollection - Parsing relationship: /xl/worksheets/_rels/sheet1.xml.rels
[DEBUG] 2025-02-28 10:08:30.141 [TestNG-test-ChromeTest-1] PackageRelationshipCollection - Parsing relationship: /_rels/.rels
[DEBUG] 2025-02-28 10:08:30.153 [TestNG-test-ChromeTest-1] PackageRelationshipCollection - Parsing relationship: /xl/_rels/workbook.xml.rels
[DEBUG] 2025-02-28 10:08:30.154 [TestNG-test-ChromeTest-1] PackageRelationshipCollection - Parsing relationship: /xl/worksheets/_rels/sheet1.xml.rels
[DEBUG] 2025-02-28 10:08:30.154 [TestNG-test-ChromeTest-1] PackageRelationshipCollection - Parsing relationship: /_rels/.rels
[DEBUG] 2025-02-28 10:08:30.168 [TestNG-test-ChromeTest-1] PackageRelationshipCollection - Parsing relationship: /xl/_rels/workbook.xml.rels
[DEBUG] 2025-02-28 10:08:30.168 [TestNG-test-ChromeTest-1] PackageRelationshipCollection - Parsing relationship: /xl/worksheets/_rels/sheet1.xml.rels
[DEBUG] 2025-02-28 10:08:30.169 [TestNG-test-ChromeTest-1] PackageRelationshipCollection - Parsing relationship: /_rels/.rels
[INFO ] 2025-02-28 10:08:30.197 [TestNG-test-ChromeTest-1] TC_0003_Validate_login_DDT - *******************starting TC_0003_Validate_login_DDT*************************
[INFO ] 2025-02-28 10:08:32.569 [TestNG-test-ChromeTest-1] TC_0003_Validate_login_DDT - *******************starting TC_0003_Validate_login_DDT*************************
[INFO ] 2025-02-28 10:08:32.579 [TestNG-test-ChromeTest-1] TC_0003_Validate_login_DDT - *******************starting TC_0003_Validate_login_DDT*************************
[INFO ] 2025-02-28 10:08:43.830 [TestNG-test-ChromeTest-1] TC_0003_Validate_login_DDT - *******************starting TC_0003_Validate_login_DDT*************************
[INFO ] 2025-02-28 10:08:43.835 [TestNG-test-ChromeTest-1] TC_0003_Validate_login_DDT - *******************starting TC_0003_Validate_login_DDT*************************
[INFO ] 2025-02-28 10:08:55.876 [TestNG-test-ChromeTest-1] TC_0003_Validate_login_DDT - *******************starting TC_0003_Validate_login_DDT*************************
[INFO ] 2025-02-28 10:08:55.880 [TestNG-test-ChromeTest-1] TC_0003_Validate_login_DDT - *******************starting TC_0003_Validate_login_DDT*************************
[INFO ] 2025-02-28 10:09:08.263 [TestNG-test-ChromeTest-1] TC_0003_Validate_login_DDT - *******************starting TC_0003_Validate_login_DDT*************************
[INFO ] 2025-02-28 10:09:08.268 [TestNG-test-ChromeTest-1] TC_0003_Validate_login_DDT - *******************starting TC_0003_Validate_login_DDT*************************
[INFO ] 2025-02-28 10:09:20.410 [TestNG-test-ChromeTest-1] TC_0003_Validate_login_DDT - *******************starting TC_0003_Validate_login_DDT*************************
[INFO ] 2025-02-28 10:09:20.416 [TestNG-test-ChromeTest-1] TC_0003_Validate_login_DDT - *******************starting TC_0003_Validate_login_DDT*************************
[INFO ] 2025-02-28 10:09:23.117 [TestNG-test-ChromeTest-1] TC_0003_Validate_login_DDT - *******************starting TC_0003_Validate_login_DDT*************************
[INFO ] 2025-02-28 10:09:23.122 [TestNG-test-ChromeTest-1] TC_0003_Validate_login_DDT - *******************starting TC_0003_Validate_login_DDT*************************
[INFO ] 2025-02-28 10:09:25.745 [TestNG-test-ChromeTest-1] TC_0003_Validate_login_DDT - *******************starting TC_0003_Validate_login_DDT*************************
[DEBUG] 2025-04-15 10:28:17.060 [TestNG-test-ChromeTest-1] TC_0001_ValidateRegistaration - application log started...........
[INFO ] 2025-04-15 10:28:17.065 [TestNG-test-ChromeTest-1] TC_0001_ValidateRegistaration - **************TC_0001_ValidateRegistaration starting***************
[ERROR] 2025-04-15 10:28:27.132 [TestNG-test-ChromeTest-1] TC_0001_ValidateRegistaration - test failed..
org.openqa.selenium.NoSuchElementException: no such element: Unable to locate element: {"method":"xpath","selector":"//span[text()='My Account']"}
  (Session info: chrome=135.0.7049.85)
For documentation on this error, please visit: https://www.selenium.dev/documentation/webdriver/troubleshooting/errors#no-such-element-exception
Build info: version: '4.27.0', revision: 'd6e718d134'
System info: os.name: 'Windows 11', os.arch: 'amd64', os.version: '10.0', java.version: '17.0.8.1'
Driver info: org.openqa.selenium.remote.RemoteWebDriver
Command: [4e587991ac44a927501c77690f5d09c9, findElement {value=//span[text()='My Account'], using=xpath}]
Capabilities {acceptInsecureCerts: false, browserName: chrome, browserVersion: 135.0.7049.85, chrome: {chromedriverVersion: 135.0.7049.84 (6c019e560019..., userDataDir: C:\Users\shuah\AppData\Loca...}, fedcm:accounts: true, goog:chromeOptions: {debuggerAddress: localhost:56912}, networkConnectionEnabled: false, pageLoadStrategy: normal, platformName: Windows 11, proxy: Proxy(), se:bidiEnabled: false, se:cdp: ws://192.168.248.112:4444/s..., se:cdpVersion: 135.0.7049.85, setWindowRect: true, strictFileInteractability: false, timeouts: {implicit: 0, pageLoad: 300000, script: 30000}, unhandledPromptBehavior: dismiss and notify, webauthn:extension:credBlob: true, webauthn:extension:largeBlob: true, webauthn:extension:minPinLength: true, webauthn:extension:prf: true, webauthn:virtualAuthenticators: true}
Session ID: 4e587991ac44a927501c77690f5d09c9
	at jdk.internal.reflect.NativeConstructorAccessorImpl.newInstance0(Native Method) ~[?:?]
	at jdk.internal.reflect.NativeConstructorAccessorImpl.newInstance(NativeConstructorAccessorImpl.java:77) ~[?:?]
	at jdk.internal.reflect.DelegatingConstructorAccessorImpl.newInstance(DelegatingConstructorAccessorImpl.java:45) ~[?:?]
	at java.lang.reflect.Constructor.newInstanceWithCaller(Constructor.java:499) ~[?:?]
	at java.lang.reflect.Constructor.newInstance(Constructor.java:480) ~[?:?]
	at org.openqa.selenium.remote.ErrorCodec.decode(ErrorCodec.java:167) ~[selenium-remote-driver-4.27.0.jar:?]
	at org.openqa.selenium.remote.codec.w3c.W3CHttpResponseCodec.decode(W3CHttpResponseCodec.java:138) ~[selenium-remote-driver-4.27.0.jar:?]
	at org.openqa.selenium.remote.codec.w3c.W3CHttpResponseCodec.decode(W3CHttpResponseCodec.java:50) ~[selenium-remote-driver-4.27.0.jar:?]
	at org.openqa.selenium.remote.HttpCommandExecutor.execute(HttpCommandExecutor.java:190) ~[selenium-remote-driver-4.27.0.jar:?]
	at org.openqa.selenium.remote.TracedCommandExecutor.execute(TracedCommandExecutor.java:53) ~[selenium-remote-driver-4.27.0.jar:?]
	at org.openqa.selenium.remote.RemoteWebDriver.execute(RemoteWebDriver.java:545) ~[selenium-remote-driver-4.27.0.jar:?]
	at org.openqa.selenium.remote.ElementLocation$ElementFinder$2.findElement(ElementLocation.java:165) ~[selenium-remote-driver-4.27.0.jar:?]
	at org.openqa.selenium.remote.ElementLocation.findElement(ElementLocation.java:59) ~[selenium-remote-driver-4.27.0.jar:?]
	at org.openqa.selenium.remote.RemoteWebDriver.findElement(RemoteWebDriver.java:368) ~[selenium-remote-driver-4.27.0.jar:?]
	at org.openqa.selenium.remote.RemoteWebDriver.findElement(RemoteWebDriver.java:362) ~[selenium-remote-driver-4.27.0.jar:?]
	at org.openqa.selenium.support.pagefactory.DefaultElementLocator.findElement(DefaultElementLocator.java:68) ~[selenium-support-4.27.0.jar:?]
	at org.openqa.selenium.support.pagefactory.internal.LocatingElementHandler.invoke(LocatingElementHandler.java:38) ~[selenium-support-4.27.0.jar:?]
	at jdk.proxy2.$Proxy25.click(Unknown Source) ~[?:?]
	at PageObject.HomePage.ClickOnMyAccountLink(HomePage.java:24) ~[test-classes/:?]
	at TestCases.TC_0001_ValidateRegistaration.ValiadteRegistration(TC_0001_ValidateRegistaration.java:17) ~[test-classes/:?]
	at jdk.internal.reflect.NativeMethodAccessorImpl.invoke0(Native Method) ~[?:?]
	at jdk.internal.reflect.NativeMethodAccessorImpl.invoke(NativeMethodAccessorImpl.java:77) ~[?:?]
	at jdk.internal.reflect.DelegatingMethodAccessorImpl.invoke(DelegatingMethodAccessorImpl.java:43) ~[?:?]
	at java.lang.reflect.Method.invoke(Method.java:568) ~[?:?]
	at org.testng.internal.invokers.MethodInvocationHelper.invokeMethod(MethodInvocationHelper.java:141) ~[testng-7.10.2.jar:7.10.2]
	at org.testng.internal.invokers.TestInvoker.invokeMethod(TestInvoker.java:686) ~[testng-7.10.2.jar:7.10.2]
	at org.testng.internal.invokers.TestInvoker.invokeTestMethod(TestInvoker.java:230) ~[testng-7.10.2.jar:7.10.2]
	at org.testng.internal.invokers.MethodRunner.runInSequence(MethodRunner.java:63) ~[testng-7.10.2.jar:7.10.2]
	at org.testng.internal.invokers.TestInvoker$MethodInvocationAgent.invoke(TestInvoker.java:992) ~[testng-7.10.2.jar:7.10.2]
	at org.testng.internal.invokers.TestInvoker.invokeTestMethods(TestInvoker.java:203) ~[testng-7.10.2.jar:7.10.2]
	at org.testng.internal.invokers.TestMethodWorker.invokeTestMethods(TestMethodWorker.java:154) ~[testng-7.10.2.jar:7.10.2]
	at org.testng.internal.invokers.TestMethodWorker.run(TestMethodWorker.java:134) ~[testng-7.10.2.jar:7.10.2]
	at java.util.concurrent.Executors$RunnableAdapter.call(Executors.java:539) ~[?:?]
	at java.util.concurrent.FutureTask.run(FutureTask.java:264) ~[?:?]
	at org.testng.internal.thread.graph.TestNGFutureTask.run(TestNGFutureTask.java:22) ~[testng-7.10.2.jar:7.10.2]
	at java.util.concurrent.ThreadPoolExecutor.runWorker(ThreadPoolExecutor.java:1136) ~[?:?]
	at java.util.concurrent.ThreadPoolExecutor$Worker.run(ThreadPoolExecutor.java:635) ~[?:?]
	at java.lang.Thread.run(Thread.java:833) ~[?:?]
[DEBUG] 2025-04-15 10:28:27.154 [TestNG-test-ChromeTest-1] TC_0001_ValidateRegistaration - application log started...........
[INFO ] 2025-04-15 10:28:27.154 [TestNG-test-ChromeTest-1] TC_0001_ValidateRegistaration - **************TC_0001_ValidateRegistaration starting***************
[ERROR] 2025-04-15 10:28:37.202 [TestNG-test-ChromeTest-1] TC_0001_ValidateRegistaration - test failed..
org.openqa.selenium.NoSuchElementException: no such element: Unable to locate element: {"method":"xpath","selector":"//span[text()='My Account']"}
  (Session info: chrome=135.0.7049.85)
For documentation on this error, please visit: https://www.selenium.dev/documentation/webdriver/troubleshooting/errors#no-such-element-exception
Build info: version: '4.27.0', revision: 'd6e718d134'
System info: os.name: 'Windows 11', os.arch: 'amd64', os.version: '10.0', java.version: '17.0.8.1'
Driver info: org.openqa.selenium.remote.RemoteWebDriver
Command: [4e587991ac44a927501c77690f5d09c9, findElement {value=//span[text()='My Account'], using=xpath}]
Capabilities {acceptInsecureCerts: false, browserName: chrome, browserVersion: 135.0.7049.85, chrome: {chromedriverVersion: 135.0.7049.84 (6c019e560019..., userDataDir: C:\Users\shuah\AppData\Loca...}, fedcm:accounts: true, goog:chromeOptions: {debuggerAddress: localhost:56912}, networkConnectionEnabled: false, pageLoadStrategy: normal, platformName: Windows 11, proxy: Proxy(), se:bidiEnabled: false, se:cdp: ws://192.168.248.112:4444/s..., se:cdpVersion: 135.0.7049.85, setWindowRect: true, strictFileInteractability: false, timeouts: {implicit: 0, pageLoad: 300000, script: 30000}, unhandledPromptBehavior: dismiss and notify, webauthn:extension:credBlob: true, webauthn:extension:largeBlob: true, webauthn:extension:minPinLength: true, webauthn:extension:prf: true, webauthn:virtualAuthenticators: true}
Session ID: 4e587991ac44a927501c77690f5d09c9
	at jdk.internal.reflect.NativeConstructorAccessorImpl.newInstance0(Native Method) ~[?:?]
	at jdk.internal.reflect.NativeConstructorAccessorImpl.newInstance(NativeConstructorAccessorImpl.java:77) ~[?:?]
	at jdk.internal.reflect.DelegatingConstructorAccessorImpl.newInstance(DelegatingConstructorAccessorImpl.java:45) ~[?:?]
	at java.lang.reflect.Constructor.newInstanceWithCaller(Constructor.java:499) ~[?:?]
	at java.lang.reflect.Constructor.newInstance(Constructor.java:480) ~[?:?]
	at org.openqa.selenium.remote.ErrorCodec.decode(ErrorCodec.java:167) ~[selenium-remote-driver-4.27.0.jar:?]
	at org.openqa.selenium.remote.codec.w3c.W3CHttpResponseCodec.decode(W3CHttpResponseCodec.java:138) ~[selenium-remote-driver-4.27.0.jar:?]
	at org.openqa.selenium.remote.codec.w3c.W3CHttpResponseCodec.decode(W3CHttpResponseCodec.java:50) ~[selenium-remote-driver-4.27.0.jar:?]
	at org.openqa.selenium.remote.HttpCommandExecutor.execute(HttpCommandExecutor.java:190) ~[selenium-remote-driver-4.27.0.jar:?]
	at org.openqa.selenium.remote.TracedCommandExecutor.execute(TracedCommandExecutor.java:53) ~[selenium-remote-driver-4.27.0.jar:?]
	at org.openqa.selenium.remote.RemoteWebDriver.execute(RemoteWebDriver.java:545) ~[selenium-remote-driver-4.27.0.jar:?]
	at org.openqa.selenium.remote.ElementLocation$ElementFinder$2.findElement(ElementLocation.java:165) ~[selenium-remote-driver-4.27.0.jar:?]
	at org.openqa.selenium.remote.ElementLocation.findElement(ElementLocation.java:59) ~[selenium-remote-driver-4.27.0.jar:?]
	at org.openqa.selenium.remote.RemoteWebDriver.findElement(RemoteWebDriver.java:368) ~[selenium-remote-driver-4.27.0.jar:?]
	at org.openqa.selenium.remote.RemoteWebDriver.findElement(RemoteWebDriver.java:362) ~[selenium-remote-driver-4.27.0.jar:?]
	at org.openqa.selenium.support.pagefactory.DefaultElementLocator.findElement(DefaultElementLocator.java:68) ~[selenium-support-4.27.0.jar:?]
	at org.openqa.selenium.support.pagefactory.internal.LocatingElementHandler.invoke(LocatingElementHandler.java:38) ~[selenium-support-4.27.0.jar:?]
	at jdk.proxy2.$Proxy25.click(Unknown Source) ~[?:?]
	at PageObject.HomePage.ClickOnMyAccountLink(HomePage.java:24) ~[test-classes/:?]
	at TestCases.TC_0001_ValidateRegistaration.ValiadteRegistration(TC_0001_ValidateRegistaration.java:17) ~[test-classes/:?]
	at jdk.internal.reflect.NativeMethodAccessorImpl.invoke0(Native Method) ~[?:?]
	at jdk.internal.reflect.NativeMethodAccessorImpl.invoke(NativeMethodAccessorImpl.java:77) ~[?:?]
	at jdk.internal.reflect.DelegatingMethodAccessorImpl.invoke(DelegatingMethodAccessorImpl.java:43) ~[?:?]
	at java.lang.reflect.Method.invoke(Method.java:568) ~[?:?]
	at org.testng.internal.invokers.MethodInvocationHelper.invokeMethod(MethodInvocationHelper.java:141) ~[testng-7.10.2.jar:7.10.2]
	at org.testng.internal.invokers.TestInvoker.invokeMethod(TestInvoker.java:686) ~[testng-7.10.2.jar:7.10.2]
	at org.testng.internal.invokers.TestInvoker.invokeTestMethod(TestInvoker.java:230) ~[testng-7.10.2.jar:7.10.2]
	at org.testng.internal.invokers.MethodRunner.runInSequence(MethodRunner.java:63) ~[testng-7.10.2.jar:7.10.2]
	at org.testng.internal.invokers.TestInvoker$MethodInvocationAgent.invoke(TestInvoker.java:992) ~[testng-7.10.2.jar:7.10.2]
	at org.testng.internal.invokers.TestInvoker.invokeTestMethods(TestInvoker.java:203) ~[testng-7.10.2.jar:7.10.2]
	at org.testng.internal.invokers.TestMethodWorker.invokeTestMethods(TestMethodWorker.java:154) ~[testng-7.10.2.jar:7.10.2]
	at org.testng.internal.invokers.TestMethodWorker.run(TestMethodWorker.java:134) ~[testng-7.10.2.jar:7.10.2]
	at java.util.concurrent.Executors$RunnableAdapter.call(Executors.java:539) ~[?:?]
	at java.util.concurrent.FutureTask.run(FutureTask.java:264) ~[?:?]
	at org.testng.internal.thread.graph.TestNGFutureTask.run(TestNGFutureTask.java:22) ~[testng-7.10.2.jar:7.10.2]
	at java.util.concurrent.ThreadPoolExecutor.runWorker(ThreadPoolExecutor.java:1136) ~[?:?]
	at java.util.concurrent.ThreadPoolExecutor$Worker.run(ThreadPoolExecutor.java:635) ~[?:?]
	at java.lang.Thread.run(Thread.java:833) ~[?:?]
[DEBUG] 2025-04-15 10:28:37.206 [TestNG-test-ChromeTest-1] TC_0001_ValidateRegistaration - application log started...........
[INFO ] 2025-04-15 10:28:37.206 [TestNG-test-ChromeTest-1] TC_0001_ValidateRegistaration - **************TC_0001_ValidateRegistaration starting***************
[ERROR] 2025-04-15 10:28:47.247 [TestNG-test-ChromeTest-1] TC_0001_ValidateRegistaration - test failed..
org.openqa.selenium.NoSuchElementException: no such element: Unable to locate element: {"method":"xpath","selector":"//span[text()='My Account']"}
  (Session info: chrome=135.0.7049.85)
For documentation on this error, please visit: https://www.selenium.dev/documentation/webdriver/troubleshooting/errors#no-such-element-exception
Build info: version: '4.27.0', revision: 'd6e718d134'
System info: os.name: 'Windows 11', os.arch: 'amd64', os.version: '10.0', java.version: '17.0.8.1'
Driver info: org.openqa.selenium.remote.RemoteWebDriver
Command: [4e587991ac44a927501c77690f5d09c9, findElement {value=//span[text()='My Account'], using=xpath}]
Capabilities {acceptInsecureCerts: false, browserName: chrome, browserVersion: 135.0.7049.85, chrome: {chromedriverVersion: 135.0.7049.84 (6c019e560019..., userDataDir: C:\Users\shuah\AppData\Loca...}, fedcm:accounts: true, goog:chromeOptions: {debuggerAddress: localhost:56912}, networkConnectionEnabled: false, pageLoadStrategy: normal, platformName: Windows 11, proxy: Proxy(), se:bidiEnabled: false, se:cdp: ws://192.168.248.112:4444/s..., se:cdpVersion: 135.0.7049.85, setWindowRect: true, strictFileInteractability: false, timeouts: {implicit: 0, pageLoad: 300000, script: 30000}, unhandledPromptBehavior: dismiss and notify, webauthn:extension:credBlob: true, webauthn:extension:largeBlob: true, webauthn:extension:minPinLength: true, webauthn:extension:prf: true, webauthn:virtualAuthenticators: true}
Session ID: 4e587991ac44a927501c77690f5d09c9
	at jdk.internal.reflect.NativeConstructorAccessorImpl.newInstance0(Native Method) ~[?:?]
	at jdk.internal.reflect.NativeConstructorAccessorImpl.newInstance(NativeConstructorAccessorImpl.java:77) ~[?:?]
	at jdk.internal.reflect.DelegatingConstructorAccessorImpl.newInstance(DelegatingConstructorAccessorImpl.java:45) ~[?:?]
	at java.lang.reflect.Constructor.newInstanceWithCaller(Constructor.java:499) ~[?:?]
	at java.lang.reflect.Constructor.newInstance(Constructor.java:480) ~[?:?]
	at org.openqa.selenium.remote.ErrorCodec.decode(ErrorCodec.java:167) ~[selenium-remote-driver-4.27.0.jar:?]
	at org.openqa.selenium.remote.codec.w3c.W3CHttpResponseCodec.decode(W3CHttpResponseCodec.java:138) ~[selenium-remote-driver-4.27.0.jar:?]
	at org.openqa.selenium.remote.codec.w3c.W3CHttpResponseCodec.decode(W3CHttpResponseCodec.java:50) ~[selenium-remote-driver-4.27.0.jar:?]
	at org.openqa.selenium.remote.HttpCommandExecutor.execute(HttpCommandExecutor.java:190) ~[selenium-remote-driver-4.27.0.jar:?]
	at org.openqa.selenium.remote.TracedCommandExecutor.execute(TracedCommandExecutor.java:53) ~[selenium-remote-driver-4.27.0.jar:?]
	at org.openqa.selenium.remote.RemoteWebDriver.execute(RemoteWebDriver.java:545) ~[selenium-remote-driver-4.27.0.jar:?]
	at org.openqa.selenium.remote.ElementLocation$ElementFinder$2.findElement(ElementLocation.java:165) ~[selenium-remote-driver-4.27.0.jar:?]
	at org.openqa.selenium.remote.ElementLocation.findElement(ElementLocation.java:59) ~[selenium-remote-driver-4.27.0.jar:?]
	at org.openqa.selenium.remote.RemoteWebDriver.findElement(RemoteWebDriver.java:368) ~[selenium-remote-driver-4.27.0.jar:?]
	at org.openqa.selenium.remote.RemoteWebDriver.findElement(RemoteWebDriver.java:362) ~[selenium-remote-driver-4.27.0.jar:?]
	at org.openqa.selenium.support.pagefactory.DefaultElementLocator.findElement(DefaultElementLocator.java:68) ~[selenium-support-4.27.0.jar:?]
	at org.openqa.selenium.support.pagefactory.internal.LocatingElementHandler.invoke(LocatingElementHandler.java:38) ~[selenium-support-4.27.0.jar:?]
	at jdk.proxy2.$Proxy25.click(Unknown Source) ~[?:?]
	at PageObject.HomePage.ClickOnMyAccountLink(HomePage.java:24) ~[test-classes/:?]
	at TestCases.TC_0001_ValidateRegistaration.ValiadteRegistration(TC_0001_ValidateRegistaration.java:17) ~[test-classes/:?]
	at jdk.internal.reflect.NativeMethodAccessorImpl.invoke0(Native Method) ~[?:?]
	at jdk.internal.reflect.NativeMethodAccessorImpl.invoke(NativeMethodAccessorImpl.java:77) ~[?:?]
	at jdk.internal.reflect.DelegatingMethodAccessorImpl.invoke(DelegatingMethodAccessorImpl.java:43) ~[?:?]
	at java.lang.reflect.Method.invoke(Method.java:568) ~[?:?]
	at org.testng.internal.invokers.MethodInvocationHelper.invokeMethod(MethodInvocationHelper.java:141) ~[testng-7.10.2.jar:7.10.2]
	at org.testng.internal.invokers.TestInvoker.invokeMethod(TestInvoker.java:686) ~[testng-7.10.2.jar:7.10.2]
	at org.testng.internal.invokers.TestInvoker.invokeTestMethod(TestInvoker.java:230) ~[testng-7.10.2.jar:7.10.2]
	at org.testng.internal.invokers.MethodRunner.runInSequence(MethodRunner.java:63) ~[testng-7.10.2.jar:7.10.2]
	at org.testng.internal.invokers.TestInvoker$MethodInvocationAgent.invoke(TestInvoker.java:992) ~[testng-7.10.2.jar:7.10.2]
	at org.testng.internal.invokers.TestInvoker.invokeTestMethods(TestInvoker.java:203) ~[testng-7.10.2.jar:7.10.2]
	at org.testng.internal.invokers.TestMethodWorker.invokeTestMethods(TestMethodWorker.java:154) ~[testng-7.10.2.jar:7.10.2]
	at org.testng.internal.invokers.TestMethodWorker.run(TestMethodWorker.java:134) ~[testng-7.10.2.jar:7.10.2]
	at java.util.concurrent.Executors$RunnableAdapter.call(Executors.java:539) ~[?:?]
	at java.util.concurrent.FutureTask.run(FutureTask.java:264) ~[?:?]
	at org.testng.internal.thread.graph.TestNGFutureTask.run(TestNGFutureTask.java:22) ~[testng-7.10.2.jar:7.10.2]
	at java.util.concurrent.ThreadPoolExecutor.runWorker(ThreadPoolExecutor.java:1136) ~[?:?]
	at java.util.concurrent.ThreadPoolExecutor$Worker.run(ThreadPoolExecutor.java:635) ~[?:?]
	at java.lang.Thread.run(Thread.java:833) ~[?:?]
[DEBUG] 2025-04-15 10:28:47.251 [TestNG-test-ChromeTest-1] TC_0001_ValidateRegistaration - application log started...........
[INFO ] 2025-04-15 10:28:47.251 [TestNG-test-ChromeTest-1] TC_0001_ValidateRegistaration - **************TC_0001_ValidateRegistaration starting***************
[ERROR] 2025-04-15 10:28:57.342 [TestNG-test-ChromeTest-1] TC_0001_ValidateRegistaration - test failed..
org.openqa.selenium.NoSuchElementException: no such element: Unable to locate element: {"method":"xpath","selector":"//span[text()='My Account']"}
  (Session info: chrome=135.0.7049.85)
For documentation on this error, please visit: https://www.selenium.dev/documentation/webdriver/troubleshooting/errors#no-such-element-exception
Build info: version: '4.27.0', revision: 'd6e718d134'
System info: os.name: 'Windows 11', os.arch: 'amd64', os.version: '10.0', java.version: '17.0.8.1'
Driver info: org.openqa.selenium.remote.RemoteWebDriver
Command: [4e587991ac44a927501c77690f5d09c9, findElement {value=//span[text()='My Account'], using=xpath}]
Capabilities {acceptInsecureCerts: false, browserName: chrome, browserVersion: 135.0.7049.85, chrome: {chromedriverVersion: 135.0.7049.84 (6c019e560019..., userDataDir: C:\Users\shuah\AppData\Loca...}, fedcm:accounts: true, goog:chromeOptions: {debuggerAddress: localhost:56912}, networkConnectionEnabled: false, pageLoadStrategy: normal, platformName: Windows 11, proxy: Proxy(), se:bidiEnabled: false, se:cdp: ws://192.168.248.112:4444/s..., se:cdpVersion: 135.0.7049.85, setWindowRect: true, strictFileInteractability: false, timeouts: {implicit: 0, pageLoad: 300000, script: 30000}, unhandledPromptBehavior: dismiss and notify, webauthn:extension:credBlob: true, webauthn:extension:largeBlob: true, webauthn:extension:minPinLength: true, webauthn:extension:prf: true, webauthn:virtualAuthenticators: true}
Session ID: 4e587991ac44a927501c77690f5d09c9
	at jdk.internal.reflect.NativeConstructorAccessorImpl.newInstance0(Native Method) ~[?:?]
	at jdk.internal.reflect.NativeConstructorAccessorImpl.newInstance(NativeConstructorAccessorImpl.java:77) ~[?:?]
	at jdk.internal.reflect.DelegatingConstructorAccessorImpl.newInstance(DelegatingConstructorAccessorImpl.java:45) ~[?:?]
	at java.lang.reflect.Constructor.newInstanceWithCaller(Constructor.java:499) ~[?:?]
	at java.lang.reflect.Constructor.newInstance(Constructor.java:480) ~[?:?]
	at org.openqa.selenium.remote.ErrorCodec.decode(ErrorCodec.java:167) ~[selenium-remote-driver-4.27.0.jar:?]
	at org.openqa.selenium.remote.codec.w3c.W3CHttpResponseCodec.decode(W3CHttpResponseCodec.java:138) ~[selenium-remote-driver-4.27.0.jar:?]
	at org.openqa.selenium.remote.codec.w3c.W3CHttpResponseCodec.decode(W3CHttpResponseCodec.java:50) ~[selenium-remote-driver-4.27.0.jar:?]
	at org.openqa.selenium.remote.HttpCommandExecutor.execute(HttpCommandExecutor.java:190) ~[selenium-remote-driver-4.27.0.jar:?]
	at org.openqa.selenium.remote.TracedCommandExecutor.execute(TracedCommandExecutor.java:53) ~[selenium-remote-driver-4.27.0.jar:?]
	at org.openqa.selenium.remote.RemoteWebDriver.execute(RemoteWebDriver.java:545) ~[selenium-remote-driver-4.27.0.jar:?]
	at org.openqa.selenium.remote.ElementLocation$ElementFinder$2.findElement(ElementLocation.java:165) ~[selenium-remote-driver-4.27.0.jar:?]
	at org.openqa.selenium.remote.ElementLocation.findElement(ElementLocation.java:59) ~[selenium-remote-driver-4.27.0.jar:?]
	at org.openqa.selenium.remote.RemoteWebDriver.findElement(RemoteWebDriver.java:368) ~[selenium-remote-driver-4.27.0.jar:?]
	at org.openqa.selenium.remote.RemoteWebDriver.findElement(RemoteWebDriver.java:362) ~[selenium-remote-driver-4.27.0.jar:?]
	at org.openqa.selenium.support.pagefactory.DefaultElementLocator.findElement(DefaultElementLocator.java:68) ~[selenium-support-4.27.0.jar:?]
	at org.openqa.selenium.support.pagefactory.internal.LocatingElementHandler.invoke(LocatingElementHandler.java:38) ~[selenium-support-4.27.0.jar:?]
	at jdk.proxy2.$Proxy25.click(Unknown Source) ~[?:?]
	at PageObject.HomePage.ClickOnMyAccountLink(HomePage.java:24) ~[test-classes/:?]
	at TestCases.TC_0001_ValidateRegistaration.ValiadteRegistration(TC_0001_ValidateRegistaration.java:17) ~[test-classes/:?]
	at jdk.internal.reflect.NativeMethodAccessorImpl.invoke0(Native Method) ~[?:?]
	at jdk.internal.reflect.NativeMethodAccessorImpl.invoke(NativeMethodAccessorImpl.java:77) ~[?:?]
	at jdk.internal.reflect.DelegatingMethodAccessorImpl.invoke(DelegatingMethodAccessorImpl.java:43) ~[?:?]
	at java.lang.reflect.Method.invoke(Method.java:568) ~[?:?]
	at org.testng.internal.invokers.MethodInvocationHelper.invokeMethod(MethodInvocationHelper.java:141) ~[testng-7.10.2.jar:7.10.2]
	at org.testng.internal.invokers.TestInvoker.invokeMethod(TestInvoker.java:686) ~[testng-7.10.2.jar:7.10.2]
	at org.testng.internal.invokers.TestInvoker.invokeTestMethod(TestInvoker.java:230) ~[testng-7.10.2.jar:7.10.2]
	at org.testng.internal.invokers.MethodRunner.runInSequence(MethodRunner.java:63) ~[testng-7.10.2.jar:7.10.2]
	at org.testng.internal.invokers.TestInvoker$MethodInvocationAgent.invoke(TestInvoker.java:992) ~[testng-7.10.2.jar:7.10.2]
	at org.testng.internal.invokers.TestInvoker.invokeTestMethods(TestInvoker.java:203) ~[testng-7.10.2.jar:7.10.2]
	at org.testng.internal.invokers.TestMethodWorker.invokeTestMethods(TestMethodWorker.java:154) ~[testng-7.10.2.jar:7.10.2]
	at org.testng.internal.invokers.TestMethodWorker.run(TestMethodWorker.java:134) ~[testng-7.10.2.jar:7.10.2]
	at java.util.concurrent.Executors$RunnableAdapter.call(Executors.java:539) ~[?:?]
	at java.util.concurrent.FutureTask.run(FutureTask.java:264) ~[?:?]
	at org.testng.internal.thread.graph.TestNGFutureTask.run(TestNGFutureTask.java:22) ~[testng-7.10.2.jar:7.10.2]
	at java.util.concurrent.ThreadPoolExecutor.runWorker(ThreadPoolExecutor.java:1136) ~[?:?]
	at java.util.concurrent.ThreadPoolExecutor$Worker.run(ThreadPoolExecutor.java:635) ~[?:?]
	at java.lang.Thread.run(Thread.java:833) ~[?:?]
[DEBUG] 2025-04-15 10:28:57.345 [TestNG-test-ChromeTest-1] TC_0001_ValidateRegistaration - application log started...........
[INFO ] 2025-04-15 10:28:57.345 [TestNG-test-ChromeTest-1] TC_0001_ValidateRegistaration - **************TC_0001_ValidateRegistaration starting***************
[ERROR] 2025-04-15 10:29:07.391 [TestNG-test-ChromeTest-1] TC_0001_ValidateRegistaration - test failed..
org.openqa.selenium.NoSuchElementException: no such element: Unable to locate element: {"method":"xpath","selector":"//span[text()='My Account']"}
  (Session info: chrome=135.0.7049.85)
For documentation on this error, please visit: https://www.selenium.dev/documentation/webdriver/troubleshooting/errors#no-such-element-exception
Build info: version: '4.27.0', revision: 'd6e718d134'
System info: os.name: 'Windows 11', os.arch: 'amd64', os.version: '10.0', java.version: '17.0.8.1'
Driver info: org.openqa.selenium.remote.RemoteWebDriver
Command: [4e587991ac44a927501c77690f5d09c9, findElement {value=//span[text()='My Account'], using=xpath}]
Capabilities {acceptInsecureCerts: false, browserName: chrome, browserVersion: 135.0.7049.85, chrome: {chromedriverVersion: 135.0.7049.84 (6c019e560019..., userDataDir: C:\Users\shuah\AppData\Loca...}, fedcm:accounts: true, goog:chromeOptions: {debuggerAddress: localhost:56912}, networkConnectionEnabled: false, pageLoadStrategy: normal, platformName: Windows 11, proxy: Proxy(), se:bidiEnabled: false, se:cdp: ws://192.168.248.112:4444/s..., se:cdpVersion: 135.0.7049.85, setWindowRect: true, strictFileInteractability: false, timeouts: {implicit: 0, pageLoad: 300000, script: 30000}, unhandledPromptBehavior: dismiss and notify, webauthn:extension:credBlob: true, webauthn:extension:largeBlob: true, webauthn:extension:minPinLength: true, webauthn:extension:prf: true, webauthn:virtualAuthenticators: true}
Session ID: 4e587991ac44a927501c77690f5d09c9
	at jdk.internal.reflect.NativeConstructorAccessorImpl.newInstance0(Native Method) ~[?:?]
	at jdk.internal.reflect.NativeConstructorAccessorImpl.newInstance(NativeConstructorAccessorImpl.java:77) ~[?:?]
	at jdk.internal.reflect.DelegatingConstructorAccessorImpl.newInstance(DelegatingConstructorAccessorImpl.java:45) ~[?:?]
	at java.lang.reflect.Constructor.newInstanceWithCaller(Constructor.java:499) ~[?:?]
	at java.lang.reflect.Constructor.newInstance(Constructor.java:480) ~[?:?]
	at org.openqa.selenium.remote.ErrorCodec.decode(ErrorCodec.java:167) ~[selenium-remote-driver-4.27.0.jar:?]
	at org.openqa.selenium.remote.codec.w3c.W3CHttpResponseCodec.decode(W3CHttpResponseCodec.java:138) ~[selenium-remote-driver-4.27.0.jar:?]
	at org.openqa.selenium.remote.codec.w3c.W3CHttpResponseCodec.decode(W3CHttpResponseCodec.java:50) ~[selenium-remote-driver-4.27.0.jar:?]
	at org.openqa.selenium.remote.HttpCommandExecutor.execute(HttpCommandExecutor.java:190) ~[selenium-remote-driver-4.27.0.jar:?]
	at org.openqa.selenium.remote.TracedCommandExecutor.execute(TracedCommandExecutor.java:53) ~[selenium-remote-driver-4.27.0.jar:?]
	at org.openqa.selenium.remote.RemoteWebDriver.execute(RemoteWebDriver.java:545) ~[selenium-remote-driver-4.27.0.jar:?]
	at org.openqa.selenium.remote.ElementLocation$ElementFinder$2.findElement(ElementLocation.java:165) ~[selenium-remote-driver-4.27.0.jar:?]
	at org.openqa.selenium.remote.ElementLocation.findElement(ElementLocation.java:59) ~[selenium-remote-driver-4.27.0.jar:?]
	at org.openqa.selenium.remote.RemoteWebDriver.findElement(RemoteWebDriver.java:368) ~[selenium-remote-driver-4.27.0.jar:?]
	at org.openqa.selenium.remote.RemoteWebDriver.findElement(RemoteWebDriver.java:362) ~[selenium-remote-driver-4.27.0.jar:?]
	at org.openqa.selenium.support.pagefactory.DefaultElementLocator.findElement(DefaultElementLocator.java:68) ~[selenium-support-4.27.0.jar:?]
	at org.openqa.selenium.support.pagefactory.internal.LocatingElementHandler.invoke(LocatingElementHandler.java:38) ~[selenium-support-4.27.0.jar:?]
	at jdk.proxy2.$Proxy25.click(Unknown Source) ~[?:?]
	at PageObject.HomePage.ClickOnMyAccountLink(HomePage.java:24) ~[test-classes/:?]
	at TestCases.TC_0001_ValidateRegistaration.ValiadteRegistration(TC_0001_ValidateRegistaration.java:17) ~[test-classes/:?]
	at jdk.internal.reflect.NativeMethodAccessorImpl.invoke0(Native Method) ~[?:?]
	at jdk.internal.reflect.NativeMethodAccessorImpl.invoke(NativeMethodAccessorImpl.java:77) ~[?:?]
	at jdk.internal.reflect.DelegatingMethodAccessorImpl.invoke(DelegatingMethodAccessorImpl.java:43) ~[?:?]
	at java.lang.reflect.Method.invoke(Method.java:568) ~[?:?]
	at org.testng.internal.invokers.MethodInvocationHelper.invokeMethod(MethodInvocationHelper.java:141) ~[testng-7.10.2.jar:7.10.2]
	at org.testng.internal.invokers.TestInvoker.invokeMethod(TestInvoker.java:686) ~[testng-7.10.2.jar:7.10.2]
	at org.testng.internal.invokers.TestInvoker.invokeTestMethod(TestInvoker.java:230) ~[testng-7.10.2.jar:7.10.2]
	at org.testng.internal.invokers.MethodRunner.runInSequence(MethodRunner.java:63) ~[testng-7.10.2.jar:7.10.2]
	at org.testng.internal.invokers.TestInvoker$MethodInvocationAgent.invoke(TestInvoker.java:992) ~[testng-7.10.2.jar:7.10.2]
	at org.testng.internal.invokers.TestInvoker.invokeTestMethods(TestInvoker.java:203) ~[testng-7.10.2.jar:7.10.2]
	at org.testng.internal.invokers.TestMethodWorker.invokeTestMethods(TestMethodWorker.java:154) ~[testng-7.10.2.jar:7.10.2]
	at org.testng.internal.invokers.TestMethodWorker.run(TestMethodWorker.java:134) ~[testng-7.10.2.jar:7.10.2]
	at java.util.concurrent.Executors$RunnableAdapter.call(Executors.java:539) ~[?:?]
	at java.util.concurrent.FutureTask.run(FutureTask.java:264) ~[?:?]
	at org.testng.internal.thread.graph.TestNGFutureTask.run(TestNGFutureTask.java:22) ~[testng-7.10.2.jar:7.10.2]
	at java.util.concurrent.ThreadPoolExecutor.runWorker(ThreadPoolExecutor.java:1136) ~[?:?]
	at java.util.concurrent.ThreadPoolExecutor$Worker.run(ThreadPoolExecutor.java:635) ~[?:?]
	at java.lang.Thread.run(Thread.java:833) ~[?:?]
[DEBUG] 2025-04-15 19:37:36.519 [TestNG-tests-1] TC_0001_ValidateRegistaration - application log started...........
[INFO ] 2025-04-15 19:37:36.523 [TestNG-tests-1] TC_0001_ValidateRegistaration - **************TC_0001_ValidateRegistaration starting***************
[INFO ] 2025-04-15 19:37:36.817 [TestNG-tests-1] TC_0001_ValidateRegistaration - click on my account page link
[INFO ] 2025-04-15 19:37:37.225 [TestNG-tests-1] TC_0001_ValidateRegistaration - click on my registration link
[INFO ] 2025-04-15 19:37:37.227 [TestNG-tests-1] TC_0001_ValidateRegistaration - Entering user details..
[INFO ] 2025-04-15 19:37:37.918 [TestNG-tests-1] TC_0001_ValidateRegistaration - Clicked on continue
[INFO ] 2025-04-15 19:37:38.859 [TestNG-tests-1] TC_0001_ValidateRegistaration - validating confirmation message
[DEBUG] 2025-04-15 19:37:38.913 [TestNG-tests-1] TC_0001_ValidateRegistaration - application log end...........
[INFO ] 2025-04-15 19:37:38.914 [TestNG-tests-1] TC_0001_ValidateRegistaration - **************TC_0001_ValidateRegistaration ending***************
[DEBUG] 2025-04-15 19:37:38.919 [TestNG-tests-1] TC_0001_ValidateRegistaration - application log started...........
[INFO ] 2025-04-15 19:37:38.920 [TestNG-tests-1] TC_0001_ValidateRegistaration - **************TC_0001_ValidateRegistaration starting***************
[INFO ] 2025-04-15 19:37:39.072 [TestNG-tests-1] TC_0001_ValidateRegistaration - click on my account page link
[ERROR] 2025-04-15 19:37:49.101 [TestNG-tests-1] TC_0001_ValidateRegistaration - test failed..
org.openqa.selenium.NoSuchElementException: no such element: Unable to locate element: {"method":"link text","selector":"Register"}
  (Session info: chrome=135.0.7049.85)
For documentation on this error, please visit: https://www.selenium.dev/documentation/webdriver/troubleshooting/errors#no-such-element-exception
Build info: version: '4.27.0', revision: 'd6e718d134'
System info: os.name: 'Windows 11', os.arch: 'amd64', os.version: '10.0', java.version: '17.0.8.1'
Driver info: org.openqa.selenium.chrome.ChromeDriver
Command: [e41e00fa2303193b375f690218b0a922, findElement {using=link text, value=Register}]
Capabilities {acceptInsecureCerts: false, browserName: chrome, browserVersion: 135.0.7049.85, chrome: {chromedriverVersion: 135.0.7049.84 (6c019e560019..., userDataDir: C:\Users\shuah\AppData\Loca...}, fedcm:accounts: true, goog:chromeOptions: {debuggerAddress: localhost:56186}, networkConnectionEnabled: false, pageLoadStrategy: normal, platformName: windows, proxy: Proxy(), se:cdp: ws://localhost:56186/devtoo..., se:cdpVersion: 135.0.7049.85, setWindowRect: true, strictFileInteractability: false, timeouts: {implicit: 0, pageLoad: 300000, script: 30000}, unhandledPromptBehavior: dismiss and notify, webauthn:extension:credBlob: true, webauthn:extension:largeBlob: true, webauthn:extension:minPinLength: true, webauthn:extension:prf: true, webauthn:virtualAuthenticators: true}
Session ID: e41e00fa2303193b375f690218b0a922
	at jdk.internal.reflect.NativeConstructorAccessorImpl.newInstance0(Native Method) ~[?:?]
	at jdk.internal.reflect.NativeConstructorAccessorImpl.newInstance(NativeConstructorAccessorImpl.java:77) ~[?:?]
	at jdk.internal.reflect.DelegatingConstructorAccessorImpl.newInstance(DelegatingConstructorAccessorImpl.java:45) ~[?:?]
	at java.lang.reflect.Constructor.newInstanceWithCaller(Constructor.java:499) ~[?:?]
	at java.lang.reflect.Constructor.newInstance(Constructor.java:480) ~[?:?]
	at org.openqa.selenium.remote.ErrorCodec.decode(ErrorCodec.java:167) ~[selenium-remote-driver-4.27.0.jar:?]
	at org.openqa.selenium.remote.codec.w3c.W3CHttpResponseCodec.decode(W3CHttpResponseCodec.java:138) ~[selenium-remote-driver-4.27.0.jar:?]
	at org.openqa.selenium.remote.codec.w3c.W3CHttpResponseCodec.decode(W3CHttpResponseCodec.java:50) ~[selenium-remote-driver-4.27.0.jar:?]
	at org.openqa.selenium.remote.HttpCommandExecutor.execute(HttpCommandExecutor.java:190) ~[selenium-remote-driver-4.27.0.jar:?]
	at org.openqa.selenium.remote.service.DriverCommandExecutor.invokeExecute(DriverCommandExecutor.java:216) ~[selenium-remote-driver-4.27.0.jar:?]
	at org.openqa.selenium.remote.service.DriverCommandExecutor.execute(DriverCommandExecutor.java:174) ~[selenium-remote-driver-4.27.0.jar:?]
	at org.openqa.selenium.remote.RemoteWebDriver.execute(RemoteWebDriver.java:545) ~[selenium-remote-driver-4.27.0.jar:?]
	at org.openqa.selenium.remote.ElementLocation$ElementFinder$2.findElement(ElementLocation.java:165) ~[selenium-remote-driver-4.27.0.jar:?]
	at org.openqa.selenium.remote.ElementLocation.findElement(ElementLocation.java:59) ~[selenium-remote-driver-4.27.0.jar:?]
	at org.openqa.selenium.remote.RemoteWebDriver.findElement(RemoteWebDriver.java:368) ~[selenium-remote-driver-4.27.0.jar:?]
	at org.openqa.selenium.remote.RemoteWebDriver.findElement(RemoteWebDriver.java:362) ~[selenium-remote-driver-4.27.0.jar:?]
	at org.openqa.selenium.support.pagefactory.DefaultElementLocator.findElement(DefaultElementLocator.java:68) ~[selenium-support-4.27.0.jar:?]
	at org.openqa.selenium.support.pagefactory.internal.LocatingElementHandler.invoke(LocatingElementHandler.java:38) ~[selenium-support-4.27.0.jar:?]
	at jdk.proxy2.$Proxy28.click(Unknown Source) ~[?:?]
	at PageObject.HomePage.ClickOnRegistrationLink(HomePage.java:28) ~[test-classes/:?]
	at TestCases.TC_0001_ValidateRegistaration.ValiadteRegistration(TC_0001_ValidateRegistaration.java:19) ~[test-classes/:?]
	at jdk.internal.reflect.NativeMethodAccessorImpl.invoke0(Native Method) ~[?:?]
	at jdk.internal.reflect.NativeMethodAccessorImpl.invoke(NativeMethodAccessorImpl.java:77) ~[?:?]
	at jdk.internal.reflect.DelegatingMethodAccessorImpl.invoke(DelegatingMethodAccessorImpl.java:43) ~[?:?]
	at java.lang.reflect.Method.invoke(Method.java:568) ~[?:?]
	at org.testng.internal.invokers.MethodInvocationHelper.invokeMethod(MethodInvocationHelper.java:141) ~[testng-7.10.2.jar:7.10.2]
	at org.testng.internal.invokers.TestInvoker.invokeMethod(TestInvoker.java:686) ~[testng-7.10.2.jar:7.10.2]
	at org.testng.internal.invokers.TestInvoker.invokeTestMethod(TestInvoker.java:230) ~[testng-7.10.2.jar:7.10.2]
	at org.testng.internal.invokers.MethodRunner.runInSequence(MethodRunner.java:63) ~[testng-7.10.2.jar:7.10.2]
	at org.testng.internal.invokers.TestInvoker$MethodInvocationAgent.invoke(TestInvoker.java:992) ~[testng-7.10.2.jar:7.10.2]
	at org.testng.internal.invokers.TestInvoker.invokeTestMethods(TestInvoker.java:203) ~[testng-7.10.2.jar:7.10.2]
	at org.testng.internal.invokers.TestMethodWorker.invokeTestMethods(TestMethodWorker.java:154) ~[testng-7.10.2.jar:7.10.2]
	at org.testng.internal.invokers.TestMethodWorker.run(TestMethodWorker.java:134) ~[testng-7.10.2.jar:7.10.2]
	at java.util.ArrayList.forEach(ArrayList.java:1511) ~[?:?]
	at org.testng.TestRunner.privateRun(TestRunner.java:739) ~[testng-7.10.2.jar:7.10.2]
	at org.testng.TestRunner.run(TestRunner.java:614) ~[testng-7.10.2.jar:7.10.2]
	at org.testng.SuiteRunner.runTest(SuiteRunner.java:421) ~[testng-7.10.2.jar:7.10.2]
	at org.testng.SuiteRunner$SuiteWorker.run(SuiteRunner.java:463) ~[testng-7.10.2.jar:7.10.2]
	at org.testng.internal.thread.ThreadUtil.lambda$execute$0(ThreadUtil.java:64) ~[testng-7.10.2.jar:7.10.2]
	at java.util.concurrent.FutureTask.run(FutureTask.java:264) ~[?:?]
	at java.util.concurrent.ThreadPoolExecutor.runWorker(ThreadPoolExecutor.java:1136) ~[?:?]
	at java.util.concurrent.ThreadPoolExecutor$Worker.run(ThreadPoolExecutor.java:635) ~[?:?]
	at java.lang.Thread.run(Thread.java:833) ~[?:?]
[DEBUG] 2025-04-15 19:37:49.125 [TestNG-tests-1] TC_0001_ValidateRegistaration - application log started...........
[INFO ] 2025-04-15 19:37:49.125 [TestNG-tests-1] TC_0001_ValidateRegistaration - **************TC_0001_ValidateRegistaration starting***************
[INFO ] 2025-04-15 19:37:49.234 [TestNG-tests-1] TC_0001_ValidateRegistaration - click on my account page link
[ERROR] 2025-04-15 19:37:59.359 [TestNG-tests-1] TC_0001_ValidateRegistaration - test failed..
org.openqa.selenium.NoSuchElementException: no such element: Unable to locate element: {"method":"link text","selector":"Register"}
  (Session info: chrome=135.0.7049.85)
For documentation on this error, please visit: https://www.selenium.dev/documentation/webdriver/troubleshooting/errors#no-such-element-exception
Build info: version: '4.27.0', revision: 'd6e718d134'
System info: os.name: 'Windows 11', os.arch: 'amd64', os.version: '10.0', java.version: '17.0.8.1'
Driver info: org.openqa.selenium.chrome.ChromeDriver
Command: [e41e00fa2303193b375f690218b0a922, findElement {using=link text, value=Register}]
Capabilities {acceptInsecureCerts: false, browserName: chrome, browserVersion: 135.0.7049.85, chrome: {chromedriverVersion: 135.0.7049.84 (6c019e560019..., userDataDir: C:\Users\shuah\AppData\Loca...}, fedcm:accounts: true, goog:chromeOptions: {debuggerAddress: localhost:56186}, networkConnectionEnabled: false, pageLoadStrategy: normal, platformName: windows, proxy: Proxy(), se:cdp: ws://localhost:56186/devtoo..., se:cdpVersion: 135.0.7049.85, setWindowRect: true, strictFileInteractability: false, timeouts: {implicit: 0, pageLoad: 300000, script: 30000}, unhandledPromptBehavior: dismiss and notify, webauthn:extension:credBlob: true, webauthn:extension:largeBlob: true, webauthn:extension:minPinLength: true, webauthn:extension:prf: true, webauthn:virtualAuthenticators: true}
Session ID: e41e00fa2303193b375f690218b0a922
	at jdk.internal.reflect.NativeConstructorAccessorImpl.newInstance0(Native Method) ~[?:?]
	at jdk.internal.reflect.NativeConstructorAccessorImpl.newInstance(NativeConstructorAccessorImpl.java:77) ~[?:?]
	at jdk.internal.reflect.DelegatingConstructorAccessorImpl.newInstance(DelegatingConstructorAccessorImpl.java:45) ~[?:?]
	at java.lang.reflect.Constructor.newInstanceWithCaller(Constructor.java:499) ~[?:?]
	at java.lang.reflect.Constructor.newInstance(Constructor.java:480) ~[?:?]
	at org.openqa.selenium.remote.ErrorCodec.decode(ErrorCodec.java:167) ~[selenium-remote-driver-4.27.0.jar:?]
	at org.openqa.selenium.remote.codec.w3c.W3CHttpResponseCodec.decode(W3CHttpResponseCodec.java:138) ~[selenium-remote-driver-4.27.0.jar:?]
	at org.openqa.selenium.remote.codec.w3c.W3CHttpResponseCodec.decode(W3CHttpResponseCodec.java:50) ~[selenium-remote-driver-4.27.0.jar:?]
	at org.openqa.selenium.remote.HttpCommandExecutor.execute(HttpCommandExecutor.java:190) ~[selenium-remote-driver-4.27.0.jar:?]
	at org.openqa.selenium.remote.service.DriverCommandExecutor.invokeExecute(DriverCommandExecutor.java:216) ~[selenium-remote-driver-4.27.0.jar:?]
	at org.openqa.selenium.remote.service.DriverCommandExecutor.execute(DriverCommandExecutor.java:174) ~[selenium-remote-driver-4.27.0.jar:?]
	at org.openqa.selenium.remote.RemoteWebDriver.execute(RemoteWebDriver.java:545) ~[selenium-remote-driver-4.27.0.jar:?]
	at org.openqa.selenium.remote.ElementLocation$ElementFinder$2.findElement(ElementLocation.java:165) ~[selenium-remote-driver-4.27.0.jar:?]
	at org.openqa.selenium.remote.ElementLocation.findElement(ElementLocation.java:59) ~[selenium-remote-driver-4.27.0.jar:?]
	at org.openqa.selenium.remote.RemoteWebDriver.findElement(RemoteWebDriver.java:368) ~[selenium-remote-driver-4.27.0.jar:?]
	at org.openqa.selenium.remote.RemoteWebDriver.findElement(RemoteWebDriver.java:362) ~[selenium-remote-driver-4.27.0.jar:?]
	at org.openqa.selenium.support.pagefactory.DefaultElementLocator.findElement(DefaultElementLocator.java:68) ~[selenium-support-4.27.0.jar:?]
	at org.openqa.selenium.support.pagefactory.internal.LocatingElementHandler.invoke(LocatingElementHandler.java:38) ~[selenium-support-4.27.0.jar:?]
	at jdk.proxy2.$Proxy28.click(Unknown Source) ~[?:?]
	at PageObject.HomePage.ClickOnRegistrationLink(HomePage.java:28) ~[test-classes/:?]
	at TestCases.TC_0001_ValidateRegistaration.ValiadteRegistration(TC_0001_ValidateRegistaration.java:19) ~[test-classes/:?]
	at jdk.internal.reflect.NativeMethodAccessorImpl.invoke0(Native Method) ~[?:?]
	at jdk.internal.reflect.NativeMethodAccessorImpl.invoke(NativeMethodAccessorImpl.java:77) ~[?:?]
	at jdk.internal.reflect.DelegatingMethodAccessorImpl.invoke(DelegatingMethodAccessorImpl.java:43) ~[?:?]
	at java.lang.reflect.Method.invoke(Method.java:568) ~[?:?]
	at org.testng.internal.invokers.MethodInvocationHelper.invokeMethod(MethodInvocationHelper.java:141) ~[testng-7.10.2.jar:7.10.2]
	at org.testng.internal.invokers.TestInvoker.invokeMethod(TestInvoker.java:686) ~[testng-7.10.2.jar:7.10.2]
	at org.testng.internal.invokers.TestInvoker.invokeTestMethod(TestInvoker.java:230) ~[testng-7.10.2.jar:7.10.2]
	at org.testng.internal.invokers.MethodRunner.runInSequence(MethodRunner.java:63) ~[testng-7.10.2.jar:7.10.2]
	at org.testng.internal.invokers.TestInvoker$MethodInvocationAgent.invoke(TestInvoker.java:992) ~[testng-7.10.2.jar:7.10.2]
	at org.testng.internal.invokers.TestInvoker.invokeTestMethods(TestInvoker.java:203) ~[testng-7.10.2.jar:7.10.2]
	at org.testng.internal.invokers.TestMethodWorker.invokeTestMethods(TestMethodWorker.java:154) ~[testng-7.10.2.jar:7.10.2]
	at org.testng.internal.invokers.TestMethodWorker.run(TestMethodWorker.java:134) ~[testng-7.10.2.jar:7.10.2]
	at java.util.ArrayList.forEach(ArrayList.java:1511) ~[?:?]
	at org.testng.TestRunner.privateRun(TestRunner.java:739) ~[testng-7.10.2.jar:7.10.2]
	at org.testng.TestRunner.run(TestRunner.java:614) ~[testng-7.10.2.jar:7.10.2]
	at org.testng.SuiteRunner.runTest(SuiteRunner.java:421) ~[testng-7.10.2.jar:7.10.2]
	at org.testng.SuiteRunner$SuiteWorker.run(SuiteRunner.java:463) ~[testng-7.10.2.jar:7.10.2]
	at org.testng.internal.thread.ThreadUtil.lambda$execute$0(ThreadUtil.java:64) ~[testng-7.10.2.jar:7.10.2]
	at java.util.concurrent.FutureTask.run(FutureTask.java:264) ~[?:?]
	at java.util.concurrent.ThreadPoolExecutor.runWorker(ThreadPoolExecutor.java:1136) ~[?:?]
	at java.util.concurrent.ThreadPoolExecutor$Worker.run(ThreadPoolExecutor.java:635) ~[?:?]
	at java.lang.Thread.run(Thread.java:833) ~[?:?]
[DEBUG] 2025-04-15 19:37:59.362 [TestNG-tests-1] TC_0001_ValidateRegistaration - application log started...........
[INFO ] 2025-04-15 19:37:59.362 [TestNG-tests-1] TC_0001_ValidateRegistaration - **************TC_0001_ValidateRegistaration starting***************
[INFO ] 2025-04-15 19:37:59.507 [TestNG-tests-1] TC_0001_ValidateRegistaration - click on my account page link
[ERROR] 2025-04-15 19:38:09.582 [TestNG-tests-1] TC_0001_ValidateRegistaration - test failed..
org.openqa.selenium.NoSuchElementException: no such element: Unable to locate element: {"method":"link text","selector":"Register"}
  (Session info: chrome=135.0.7049.85)
For documentation on this error, please visit: https://www.selenium.dev/documentation/webdriver/troubleshooting/errors#no-such-element-exception
Build info: version: '4.27.0', revision: 'd6e718d134'
System info: os.name: 'Windows 11', os.arch: 'amd64', os.version: '10.0', java.version: '17.0.8.1'
Driver info: org.openqa.selenium.chrome.ChromeDriver
Command: [e41e00fa2303193b375f690218b0a922, findElement {using=link text, value=Register}]
Capabilities {acceptInsecureCerts: false, browserName: chrome, browserVersion: 135.0.7049.85, chrome: {chromedriverVersion: 135.0.7049.84 (6c019e560019..., userDataDir: C:\Users\shuah\AppData\Loca...}, fedcm:accounts: true, goog:chromeOptions: {debuggerAddress: localhost:56186}, networkConnectionEnabled: false, pageLoadStrategy: normal, platformName: windows, proxy: Proxy(), se:cdp: ws://localhost:56186/devtoo..., se:cdpVersion: 135.0.7049.85, setWindowRect: true, strictFileInteractability: false, timeouts: {implicit: 0, pageLoad: 300000, script: 30000}, unhandledPromptBehavior: dismiss and notify, webauthn:extension:credBlob: true, webauthn:extension:largeBlob: true, webauthn:extension:minPinLength: true, webauthn:extension:prf: true, webauthn:virtualAuthenticators: true}
Session ID: e41e00fa2303193b375f690218b0a922
	at jdk.internal.reflect.NativeConstructorAccessorImpl.newInstance0(Native Method) ~[?:?]
	at jdk.internal.reflect.NativeConstructorAccessorImpl.newInstance(NativeConstructorAccessorImpl.java:77) ~[?:?]
	at jdk.internal.reflect.DelegatingConstructorAccessorImpl.newInstance(DelegatingConstructorAccessorImpl.java:45) ~[?:?]
	at java.lang.reflect.Constructor.newInstanceWithCaller(Constructor.java:499) ~[?:?]
	at java.lang.reflect.Constructor.newInstance(Constructor.java:480) ~[?:?]
	at org.openqa.selenium.remote.ErrorCodec.decode(ErrorCodec.java:167) ~[selenium-remote-driver-4.27.0.jar:?]
	at org.openqa.selenium.remote.codec.w3c.W3CHttpResponseCodec.decode(W3CHttpResponseCodec.java:138) ~[selenium-remote-driver-4.27.0.jar:?]
	at org.openqa.selenium.remote.codec.w3c.W3CHttpResponseCodec.decode(W3CHttpResponseCodec.java:50) ~[selenium-remote-driver-4.27.0.jar:?]
	at org.openqa.selenium.remote.HttpCommandExecutor.execute(HttpCommandExecutor.java:190) ~[selenium-remote-driver-4.27.0.jar:?]
	at org.openqa.selenium.remote.service.DriverCommandExecutor.invokeExecute(DriverCommandExecutor.java:216) ~[selenium-remote-driver-4.27.0.jar:?]
	at org.openqa.selenium.remote.service.DriverCommandExecutor.execute(DriverCommandExecutor.java:174) ~[selenium-remote-driver-4.27.0.jar:?]
	at org.openqa.selenium.remote.RemoteWebDriver.execute(RemoteWebDriver.java:545) ~[selenium-remote-driver-4.27.0.jar:?]
	at org.openqa.selenium.remote.ElementLocation$ElementFinder$2.findElement(ElementLocation.java:165) ~[selenium-remote-driver-4.27.0.jar:?]
	at org.openqa.selenium.remote.ElementLocation.findElement(ElementLocation.java:59) ~[selenium-remote-driver-4.27.0.jar:?]
	at org.openqa.selenium.remote.RemoteWebDriver.findElement(RemoteWebDriver.java:368) ~[selenium-remote-driver-4.27.0.jar:?]
	at org.openqa.selenium.remote.RemoteWebDriver.findElement(RemoteWebDriver.java:362) ~[selenium-remote-driver-4.27.0.jar:?]
	at org.openqa.selenium.support.pagefactory.DefaultElementLocator.findElement(DefaultElementLocator.java:68) ~[selenium-support-4.27.0.jar:?]
	at org.openqa.selenium.support.pagefactory.internal.LocatingElementHandler.invoke(LocatingElementHandler.java:38) ~[selenium-support-4.27.0.jar:?]
	at jdk.proxy2.$Proxy28.click(Unknown Source) ~[?:?]
	at PageObject.HomePage.ClickOnRegistrationLink(HomePage.java:28) ~[test-classes/:?]
	at TestCases.TC_0001_ValidateRegistaration.ValiadteRegistration(TC_0001_ValidateRegistaration.java:19) ~[test-classes/:?]
	at jdk.internal.reflect.NativeMethodAccessorImpl.invoke0(Native Method) ~[?:?]
	at jdk.internal.reflect.NativeMethodAccessorImpl.invoke(NativeMethodAccessorImpl.java:77) ~[?:?]
	at jdk.internal.reflect.DelegatingMethodAccessorImpl.invoke(DelegatingMethodAccessorImpl.java:43) ~[?:?]
	at java.lang.reflect.Method.invoke(Method.java:568) ~[?:?]
	at org.testng.internal.invokers.MethodInvocationHelper.invokeMethod(MethodInvocationHelper.java:141) ~[testng-7.10.2.jar:7.10.2]
	at org.testng.internal.invokers.TestInvoker.invokeMethod(TestInvoker.java:686) ~[testng-7.10.2.jar:7.10.2]
	at org.testng.internal.invokers.TestInvoker.invokeTestMethod(TestInvoker.java:230) ~[testng-7.10.2.jar:7.10.2]
	at org.testng.internal.invokers.MethodRunner.runInSequence(MethodRunner.java:63) ~[testng-7.10.2.jar:7.10.2]
	at org.testng.internal.invokers.TestInvoker$MethodInvocationAgent.invoke(TestInvoker.java:992) ~[testng-7.10.2.jar:7.10.2]
	at org.testng.internal.invokers.TestInvoker.invokeTestMethods(TestInvoker.java:203) ~[testng-7.10.2.jar:7.10.2]
	at org.testng.internal.invokers.TestMethodWorker.invokeTestMethods(TestMethodWorker.java:154) ~[testng-7.10.2.jar:7.10.2]
	at org.testng.internal.invokers.TestMethodWorker.run(TestMethodWorker.java:134) ~[testng-7.10.2.jar:7.10.2]
	at java.util.ArrayList.forEach(ArrayList.java:1511) ~[?:?]
	at org.testng.TestRunner.privateRun(TestRunner.java:739) ~[testng-7.10.2.jar:7.10.2]
	at org.testng.TestRunner.run(TestRunner.java:614) ~[testng-7.10.2.jar:7.10.2]
	at org.testng.SuiteRunner.runTest(SuiteRunner.java:421) ~[testng-7.10.2.jar:7.10.2]
	at org.testng.SuiteRunner$SuiteWorker.run(SuiteRunner.java:463) ~[testng-7.10.2.jar:7.10.2]
	at org.testng.internal.thread.ThreadUtil.lambda$execute$0(ThreadUtil.java:64) ~[testng-7.10.2.jar:7.10.2]
	at java.util.concurrent.FutureTask.run(FutureTask.java:264) ~[?:?]
	at java.util.concurrent.ThreadPoolExecutor.runWorker(ThreadPoolExecutor.java:1136) ~[?:?]
	at java.util.concurrent.ThreadPoolExecutor$Worker.run(ThreadPoolExecutor.java:635) ~[?:?]
	at java.lang.Thread.run(Thread.java:833) ~[?:?]
[DEBUG] 2025-04-15 19:38:09.587 [TestNG-tests-1] TC_0001_ValidateRegistaration - application log started...........
[INFO ] 2025-04-15 19:38:09.587 [TestNG-tests-1] TC_0001_ValidateRegistaration - **************TC_0001_ValidateRegistaration starting***************
[INFO ] 2025-04-15 19:38:09.847 [TestNG-tests-1] TC_0001_ValidateRegistaration - click on my account page link
[ERROR] 2025-04-15 19:38:19.917 [TestNG-tests-1] TC_0001_ValidateRegistaration - test failed..
org.openqa.selenium.NoSuchElementException: no such element: Unable to locate element: {"method":"link text","selector":"Register"}
  (Session info: chrome=135.0.7049.85)
For documentation on this error, please visit: https://www.selenium.dev/documentation/webdriver/troubleshooting/errors#no-such-element-exception
Build info: version: '4.27.0', revision: 'd6e718d134'
System info: os.name: 'Windows 11', os.arch: 'amd64', os.version: '10.0', java.version: '17.0.8.1'
Driver info: org.openqa.selenium.chrome.ChromeDriver
Command: [e41e00fa2303193b375f690218b0a922, findElement {using=link text, value=Register}]
Capabilities {acceptInsecureCerts: false, browserName: chrome, browserVersion: 135.0.7049.85, chrome: {chromedriverVersion: 135.0.7049.84 (6c019e560019..., userDataDir: C:\Users\shuah\AppData\Loca...}, fedcm:accounts: true, goog:chromeOptions: {debuggerAddress: localhost:56186}, networkConnectionEnabled: false, pageLoadStrategy: normal, platformName: windows, proxy: Proxy(), se:cdp: ws://localhost:56186/devtoo..., se:cdpVersion: 135.0.7049.85, setWindowRect: true, strictFileInteractability: false, timeouts: {implicit: 0, pageLoad: 300000, script: 30000}, unhandledPromptBehavior: dismiss and notify, webauthn:extension:credBlob: true, webauthn:extension:largeBlob: true, webauthn:extension:minPinLength: true, webauthn:extension:prf: true, webauthn:virtualAuthenticators: true}
Session ID: e41e00fa2303193b375f690218b0a922
	at jdk.internal.reflect.NativeConstructorAccessorImpl.newInstance0(Native Method) ~[?:?]
	at jdk.internal.reflect.NativeConstructorAccessorImpl.newInstance(NativeConstructorAccessorImpl.java:77) ~[?:?]
	at jdk.internal.reflect.DelegatingConstructorAccessorImpl.newInstance(DelegatingConstructorAccessorImpl.java:45) ~[?:?]
	at java.lang.reflect.Constructor.newInstanceWithCaller(Constructor.java:499) ~[?:?]
	at java.lang.reflect.Constructor.newInstance(Constructor.java:480) ~[?:?]
	at org.openqa.selenium.remote.ErrorCodec.decode(ErrorCodec.java:167) ~[selenium-remote-driver-4.27.0.jar:?]
	at org.openqa.selenium.remote.codec.w3c.W3CHttpResponseCodec.decode(W3CHttpResponseCodec.java:138) ~[selenium-remote-driver-4.27.0.jar:?]
	at org.openqa.selenium.remote.codec.w3c.W3CHttpResponseCodec.decode(W3CHttpResponseCodec.java:50) ~[selenium-remote-driver-4.27.0.jar:?]
	at org.openqa.selenium.remote.HttpCommandExecutor.execute(HttpCommandExecutor.java:190) ~[selenium-remote-driver-4.27.0.jar:?]
	at org.openqa.selenium.remote.service.DriverCommandExecutor.invokeExecute(DriverCommandExecutor.java:216) ~[selenium-remote-driver-4.27.0.jar:?]
	at org.openqa.selenium.remote.service.DriverCommandExecutor.execute(DriverCommandExecutor.java:174) ~[selenium-remote-driver-4.27.0.jar:?]
	at org.openqa.selenium.remote.RemoteWebDriver.execute(RemoteWebDriver.java:545) ~[selenium-remote-driver-4.27.0.jar:?]
	at org.openqa.selenium.remote.ElementLocation$ElementFinder$2.findElement(ElementLocation.java:165) ~[selenium-remote-driver-4.27.0.jar:?]
	at org.openqa.selenium.remote.ElementLocation.findElement(ElementLocation.java:59) ~[selenium-remote-driver-4.27.0.jar:?]
	at org.openqa.selenium.remote.RemoteWebDriver.findElement(RemoteWebDriver.java:368) ~[selenium-remote-driver-4.27.0.jar:?]
	at org.openqa.selenium.remote.RemoteWebDriver.findElement(RemoteWebDriver.java:362) ~[selenium-remote-driver-4.27.0.jar:?]
	at org.openqa.selenium.support.pagefactory.DefaultElementLocator.findElement(DefaultElementLocator.java:68) ~[selenium-support-4.27.0.jar:?]
	at org.openqa.selenium.support.pagefactory.internal.LocatingElementHandler.invoke(LocatingElementHandler.java:38) ~[selenium-support-4.27.0.jar:?]
	at jdk.proxy2.$Proxy28.click(Unknown Source) ~[?:?]
	at PageObject.HomePage.ClickOnRegistrationLink(HomePage.java:28) ~[test-classes/:?]
	at TestCases.TC_0001_ValidateRegistaration.ValiadteRegistration(TC_0001_ValidateRegistaration.java:19) ~[test-classes/:?]
	at jdk.internal.reflect.NativeMethodAccessorImpl.invoke0(Native Method) ~[?:?]
	at jdk.internal.reflect.NativeMethodAccessorImpl.invoke(NativeMethodAccessorImpl.java:77) ~[?:?]
	at jdk.internal.reflect.DelegatingMethodAccessorImpl.invoke(DelegatingMethodAccessorImpl.java:43) ~[?:?]
	at java.lang.reflect.Method.invoke(Method.java:568) ~[?:?]
	at org.testng.internal.invokers.MethodInvocationHelper.invokeMethod(MethodInvocationHelper.java:141) ~[testng-7.10.2.jar:7.10.2]
	at org.testng.internal.invokers.TestInvoker.invokeMethod(TestInvoker.java:686) ~[testng-7.10.2.jar:7.10.2]
	at org.testng.internal.invokers.TestInvoker.invokeTestMethod(TestInvoker.java:230) ~[testng-7.10.2.jar:7.10.2]
	at org.testng.internal.invokers.MethodRunner.runInSequence(MethodRunner.java:63) ~[testng-7.10.2.jar:7.10.2]
	at org.testng.internal.invokers.TestInvoker$MethodInvocationAgent.invoke(TestInvoker.java:992) ~[testng-7.10.2.jar:7.10.2]
	at org.testng.internal.invokers.TestInvoker.invokeTestMethods(TestInvoker.java:203) ~[testng-7.10.2.jar:7.10.2]
	at org.testng.internal.invokers.TestMethodWorker.invokeTestMethods(TestMethodWorker.java:154) ~[testng-7.10.2.jar:7.10.2]
	at org.testng.internal.invokers.TestMethodWorker.run(TestMethodWorker.java:134) ~[testng-7.10.2.jar:7.10.2]
	at java.util.ArrayList.forEach(ArrayList.java:1511) ~[?:?]
	at org.testng.TestRunner.privateRun(TestRunner.java:739) ~[testng-7.10.2.jar:7.10.2]
	at org.testng.TestRunner.run(TestRunner.java:614) ~[testng-7.10.2.jar:7.10.2]
	at org.testng.SuiteRunner.runTest(SuiteRunner.java:421) ~[testng-7.10.2.jar:7.10.2]
	at org.testng.SuiteRunner$SuiteWorker.run(SuiteRunner.java:463) ~[testng-7.10.2.jar:7.10.2]
	at org.testng.internal.thread.ThreadUtil.lambda$execute$0(ThreadUtil.java:64) ~[testng-7.10.2.jar:7.10.2]
	at java.util.concurrent.FutureTask.run(FutureTask.java:264) ~[?:?]
	at java.util.concurrent.ThreadPoolExecutor.runWorker(ThreadPoolExecutor.java:1136) ~[?:?]
	at java.util.concurrent.ThreadPoolExecutor$Worker.run(ThreadPoolExecutor.java:635) ~[?:?]
	at java.lang.Thread.run(Thread.java:833) ~[?:?]
[DEBUG] 2025-04-15 19:44:39.332 [TestNG-tests-1] TC_0001_ValidateRegistaration - application log started...........
[INFO ] 2025-04-15 19:44:39.334 [TestNG-tests-1] TC_0001_ValidateRegistaration - **************TC_0001_ValidateRegistaration starting***************
[INFO ] 2025-04-15 19:44:39.742 [TestNG-tests-1] TC_0001_ValidateRegistaration - click on my account page link
[INFO ] 2025-04-15 19:44:40.406 [TestNG-tests-1] TC_0001_ValidateRegistaration - click on my registration link
[INFO ] 2025-04-15 19:44:40.409 [TestNG-tests-1] TC_0001_ValidateRegistaration - Entering user details..
[INFO ] 2025-04-15 19:44:42.060 [TestNG-tests-1] TC_0001_ValidateRegistaration - Clicked on continue
[INFO ] 2025-04-15 19:44:42.934 [TestNG-tests-1] TC_0001_ValidateRegistaration - validating confirmation message
[DEBUG] 2025-04-15 19:44:42.984 [TestNG-tests-1] TC_0001_ValidateRegistaration - application log end...........
[INFO ] 2025-04-15 19:44:42.984 [TestNG-tests-1] TC_0001_ValidateRegistaration - **************TC_0001_ValidateRegistaration ending***************
[DEBUG] 2025-04-15 19:45:29.185 [TestNG-tests-1] TC_0001_ValidateRegistaration - application log started...........
[INFO ] 2025-04-15 19:45:29.188 [TestNG-tests-1] TC_0001_ValidateRegistaration - **************TC_0001_ValidateRegistaration starting***************
[INFO ] 2025-04-15 19:45:29.789 [TestNG-tests-1] TC_0001_ValidateRegistaration - click on my account page link
[INFO ] 2025-04-15 19:45:30.375 [TestNG-tests-1] TC_0001_ValidateRegistaration - click on my registration link
[INFO ] 2025-04-15 19:45:30.378 [TestNG-tests-1] TC_0001_ValidateRegistaration - Entering user details..
[INFO ] 2025-04-15 19:45:32.093 [TestNG-tests-1] TC_0001_ValidateRegistaration - Clicked on continue
[INFO ] 2025-04-15 19:45:33.050 [TestNG-tests-1] TC_0001_ValidateRegistaration - validating confirmation message
[DEBUG] 2025-04-15 19:45:33.111 [TestNG-tests-1] TC_0001_ValidateRegistaration - application log end...........
[INFO ] 2025-04-15 19:45:33.112 [TestNG-tests-1] TC_0001_ValidateRegistaration - **************TC_0001_ValidateRegistaration ending***************
[DEBUG] 2025-04-15 19:46:37.968 [TestNG-tests-1] TC_0001_ValidateRegistaration - application log started...........
[INFO ] 2025-04-15 19:46:37.971 [TestNG-tests-1] TC_0001_ValidateRegistaration - **************TC_0001_ValidateRegistaration starting***************
[INFO ] 2025-04-15 19:46:38.332 [TestNG-tests-1] TC_0001_ValidateRegistaration - click on my account page link
[INFO ] 2025-04-15 19:46:38.995 [TestNG-tests-1] TC_0001_ValidateRegistaration - click on my registration link
[INFO ] 2025-04-15 19:46:38.999 [TestNG-tests-1] TC_0001_ValidateRegistaration - Entering user details..
[INFO ] 2025-04-15 19:46:40.777 [TestNG-tests-1] TC_0001_ValidateRegistaration - Clicked on continue
[INFO ] 2025-04-15 19:46:41.647 [TestNG-tests-1] TC_0001_ValidateRegistaration - validating confirmation message
[DEBUG] 2025-04-15 19:46:41.703 [TestNG-tests-1] TC_0001_ValidateRegistaration - application log end...........
[INFO ] 2025-04-15 19:46:41.703 [TestNG-tests-1] TC_0001_ValidateRegistaration - **************TC_0001_ValidateRegistaration ending***************
[DEBUG] 2025-04-15 20:20:44.930 [TestNG-tests-1] TC_0001_ValidateRegistaration - application log started...........
[INFO ] 2025-04-15 20:20:44.932 [TestNG-tests-1] TC_0001_ValidateRegistaration - **************TC_0001_ValidateRegistaration starting***************
[INFO ] 2025-04-15 20:20:45.155 [TestNG-tests-1] TC_0001_ValidateRegistaration - click on my account page link
[INFO ] 2025-04-15 20:20:47.527 [TestNG-tests-1] TC_0001_ValidateRegistaration - click on my registration link
[INFO ] 2025-04-15 20:20:47.530 [TestNG-tests-1] TC_0001_ValidateRegistaration - Entering user details..
[INFO ] 2025-04-15 20:20:49.189 [TestNG-tests-1] TC_0001_ValidateRegistaration - Clicked on continue
[INFO ] 2025-04-15 20:20:50.144 [TestNG-tests-1] TC_0001_ValidateRegistaration - validating confirmation message
[DEBUG] 2025-04-15 20:20:50.209 [TestNG-tests-1] TC_0001_ValidateRegistaration - application log end...........
[INFO ] 2025-04-15 20:20:50.209 [TestNG-tests-1] TC_0001_ValidateRegistaration - **************TC_0001_ValidateRegistaration ending***************
[DEBUG] 2025-04-15 20:22:03.770 [TestNG-tests-1] TC_0001_ValidateRegistaration - application log started...........
[INFO ] 2025-04-15 20:22:03.775 [TestNG-tests-1] TC_0001_ValidateRegistaration - **************TC_0001_ValidateRegistaration starting***************
[INFO ] 2025-04-15 20:22:03.965 [TestNG-tests-1] TC_0001_ValidateRegistaration - click on my account page link
[INFO ] 2025-04-15 20:22:05.493 [TestNG-tests-1] TC_0001_ValidateRegistaration - click on my registration link
[INFO ] 2025-04-15 20:22:05.498 [TestNG-tests-1] TC_0001_ValidateRegistaration - Entering user details..
[INFO ] 2025-04-15 20:22:06.835 [TestNG-tests-1] TC_0001_ValidateRegistaration - Clicked on continue
[INFO ] 2025-04-15 20:22:07.706 [TestNG-tests-1] TC_0001_ValidateRegistaration - validating confirmation message
[DEBUG] 2025-04-15 20:22:07.774 [TestNG-tests-1] TC_0001_ValidateRegistaration - application log end...........
[INFO ] 2025-04-15 20:22:07.774 [TestNG-tests-1] TC_0001_ValidateRegistaration - **************TC_0001_ValidateRegistaration ending***************
[DEBUG] 2025-04-15 20:51:02.861 [TestNG-tests-1] TC_0001_ValidateRegistaration - application log started...........
[INFO ] 2025-04-15 20:51:02.864 [TestNG-tests-1] TC_0001_ValidateRegistaration - **************TC_0001_ValidateRegistaration starting***************
[INFO ] 2025-04-15 20:51:03.070 [TestNG-tests-1] TC_0001_ValidateRegistaration - click on my account page link
[INFO ] 2025-04-15 20:51:03.539 [TestNG-tests-1] TC_0001_ValidateRegistaration - click on my registration link
[INFO ] 2025-04-15 20:51:03.543 [TestNG-tests-1] TC_0001_ValidateRegistaration - Entering user details..
[INFO ] 2025-04-15 20:51:04.998 [TestNG-tests-1] TC_0001_ValidateRegistaration - Clicked on continue
[INFO ] 2025-04-15 20:51:05.880 [TestNG-tests-1] TC_0001_ValidateRegistaration - validating confirmation message
[DEBUG] 2025-04-15 20:51:05.960 [TestNG-tests-1] TC_0001_ValidateRegistaration - application log end...........
[INFO ] 2025-04-15 20:51:05.960 [TestNG-tests-1] TC_0001_ValidateRegistaration - **************TC_0001_ValidateRegistaration ending***************
[DEBUG] 2025-04-15 20:53:41.784 [TestNG-tests-1] TC_0001_ValidateRegistaration - application log started...........
[INFO ] 2025-04-15 20:53:41.788 [TestNG-tests-1] TC_0001_ValidateRegistaration - **************TC_0001_ValidateRegistaration starting***************
[INFO ] 2025-04-15 20:53:42.129 [TestNG-tests-1] TC_0001_ValidateRegistaration - click on my account page link
[INFO ] 2025-04-15 20:53:42.683 [TestNG-tests-1] TC_0001_ValidateRegistaration - click on my registration link
[INFO ] 2025-04-15 20:53:42.688 [TestNG-tests-1] TC_0001_ValidateRegistaration - Entering user details..
[INFO ] 2025-04-15 20:53:44.277 [TestNG-tests-1] TC_0001_ValidateRegistaration - Clicked on continue
[INFO ] 2025-04-15 20:53:45.084 [TestNG-tests-1] TC_0001_ValidateRegistaration - validating confirmation message
[DEBUG] 2025-04-15 20:53:45.144 [TestNG-tests-1] TC_0001_ValidateRegistaration - application log end...........
[INFO ] 2025-04-15 20:53:45.145 [TestNG-tests-1] TC_0001_ValidateRegistaration - **************TC_0001_ValidateRegistaration ending***************
[DEBUG] 2025-04-15 20:53:45.289 [TestNG-tests-3] TC_0001_ValidateRegistaration - application log started...........
[INFO ] 2025-04-15 20:53:45.290 [TestNG-tests-3] TC_0001_ValidateRegistaration - **************TC_0001_ValidateRegistaration starting***************
[INFO ] 2025-04-15 20:53:45.603 [TestNG-tests-3] TC_0001_ValidateRegistaration - click on my account page link
[INFO ] 2025-04-15 20:53:46.143 [TestNG-tests-3] TC_0001_ValidateRegistaration - click on my registration link
[INFO ] 2025-04-15 20:53:46.144 [TestNG-tests-3] TC_0001_ValidateRegistaration - Entering user details..
[INFO ] 2025-04-15 20:53:47.443 [TestNG-tests-3] TC_0001_ValidateRegistaration - Clicked on continue
[INFO ] 2025-04-15 20:53:48.207 [TestNG-tests-3] TC_0001_ValidateRegistaration - validating confirmation message
[DEBUG] 2025-04-15 20:53:48.258 [TestNG-tests-3] TC_0001_ValidateRegistaration - application log end...........
[INFO ] 2025-04-15 20:53:48.258 [TestNG-tests-3] TC_0001_ValidateRegistaration - **************TC_0001_ValidateRegistaration ending***************
